[ 50%] Built target buff_executor
[100%] Built target buff_executor_node
-- Install configuration: ""
-- Execute custom install script
-- Up-to-date symlink: /home/hdm/ttttt/tracker_plus/install/buff_executor/lib/buff_executor/buff_executor_node
-- Up-to-date symlink: /home/hdm/ttttt/tracker_plus/install/buff_executor/include/buff_executor/BuffSolveTrajectory.hpp
-- Up-to-date symlink: /home/hdm/ttttt/tracker_plus/install/buff_executor/share/buff_executor/environment/library_path.sh
-- Up-to-date symlink: /home/hdm/ttttt/tracker_plus/install/buff_executor/share/buff_executor/environment/library_path.dsv
-- Up-to-date symlink: /home/hdm/ttttt/tracker_plus/install/buff_executor/lib/libbuff_executor.so
-- Up-to-date symlink: /home/hdm/ttttt/tracker_plus/install/buff_executor/share/ament_index/resource_index/package_run_dependencies/buff_executor
-- Up-to-date symlink: /home/hdm/ttttt/tracker_plus/install/buff_executor/share/ament_index/resource_index/parent_prefix_path/buff_executor
-- Up-to-date symlink: /home/hdm/ttttt/tracker_plus/install/buff_executor/share/buff_executor/environment/ament_prefix_path.sh
-- Up-to-date symlink: /home/hdm/ttttt/tracker_plus/install/buff_executor/share/buff_executor/environment/ament_prefix_path.dsv
-- Up-to-date symlink: /home/hdm/ttttt/tracker_plus/install/buff_executor/share/buff_executor/environment/path.sh
-- Up-to-date symlink: /home/hdm/ttttt/tracker_plus/install/buff_executor/share/buff_executor/environment/path.dsv
-- Up-to-date symlink: /home/hdm/ttttt/tracker_plus/install/buff_executor/share/buff_executor/local_setup.bash
-- Up-to-date symlink: /home/hdm/ttttt/tracker_plus/install/buff_executor/share/buff_executor/local_setup.sh
-- Up-to-date symlink: /home/hdm/ttttt/tracker_plus/install/buff_executor/share/buff_executor/local_setup.zsh
-- Up-to-date symlink: /home/hdm/ttttt/tracker_plus/install/buff_executor/share/buff_executor/local_setup.dsv
-- Symlinking: /home/hdm/ttttt/tracker_plus/install/buff_executor/share/buff_executor/package.dsv
-- Up-to-date symlink: /home/hdm/ttttt/tracker_plus/install/buff_executor/share/ament_index/resource_index/packages/buff_executor
-- Up-to-date symlink: /home/hdm/ttttt/tracker_plus/install/buff_executor/share/ament_index/resource_index/rclcpp_components/buff_executor
-- Up-to-date symlink: /home/hdm/ttttt/tracker_plus/install/buff_executor/share/buff_executor/cmake/ament_cmake_export_dependencies-extras.cmake
-- Up-to-date symlink: /home/hdm/ttttt/tracker_plus/install/buff_executor/share/buff_executor/cmake/ament_cmake_export_include_directories-extras.cmake
-- Up-to-date symlink: /home/hdm/ttttt/tracker_plus/install/buff_executor/share/buff_executor/cmake/ament_cmake_export_libraries-extras.cmake
-- Up-to-date symlink: /home/hdm/ttttt/tracker_plus/install/buff_executor/share/buff_executor/cmake/buff_executorConfig.cmake
-- Up-to-date symlink: /home/hdm/ttttt/tracker_plus/install/buff_executor/share/buff_executor/cmake/buff_executorConfig-version.cmake
-- Up-to-date symlink: /home/hdm/ttttt/tracker_plus/install/buff_executor/share/buff_executor/package.xml
