[0.017s] Invoking command in '/home/hdm/ttttt/tracker_plus/build/rm_auto_record': CMAKE_PREFIX_PATH=/opt/ros/humble /usr/bin/cmake /home/hdm/ttttt/tracker_plus/src/rm_auto_record -DAMENT_CMAKE_SYMLINK_INSTALL=1 -DCMAKE_INSTALL_PREFIX=/home/hdm/ttttt/tracker_plus/install/rm_auto_record
[0.082s] -- The C compiler identification is GNU 11.4.0
[0.133s] -- The CXX compiler identification is GNU 11.4.0
[0.139s] -- Detecting C compiler ABI info
[0.197s] -- Detecting C compiler ABI info - done
[0.203s] -- Check for working C compiler: /usr/bin/cc - skipped
[0.203s] -- Detecting C compile features
[0.204s] -- Detecting C compile features - done
[0.207s] -- Detecting CXX compiler ABI info
[0.283s] -- Detecting CXX compiler ABI info - done
[0.289s] -- Check for working CXX compiler: /usr/bin/c++ - skipped
[0.290s] -- Detecting CXX compile features
[0.290s] -- Detecting CXX compile features - done
[0.292s] -- Found ament_cmake_auto: 1.3.11 (/opt/ros/humble/share/ament_cmake_auto/cmake)
[0.445s] -- Found Python3: /usr/bin/python3 (found version "3.10.12") found components: Interpreter 
[0.505s] -- Override CMake install command with custom implementation using symlinks instead of copying resources
[0.621s] -- Found rosidl_generator_c: 3.1.6 (/opt/ros/humble/share/rosidl_generator_c/cmake)
[0.624s] -- Found rosidl_adapter: 3.1.6 (/opt/ros/humble/share/rosidl_adapter/cmake)
[0.630s] -- Found rosidl_generator_cpp: 3.1.6 (/opt/ros/humble/share/rosidl_generator_cpp/cmake)
[0.639s] -- Using all available rosidl_typesupport_c: rosidl_typesupport_fastrtps_c;rosidl_typesupport_introspection_c
[0.651s] -- Using all available rosidl_typesupport_cpp: rosidl_typesupport_fastrtps_cpp;rosidl_typesupport_introspection_cpp
[0.690s] -- Found rmw_implementation_cmake: 6.1.2 (/opt/ros/humble/share/rmw_implementation_cmake/cmake)
[0.692s] -- Found rmw_fastrtps_cpp: 6.2.7 (/opt/ros/humble/share/rmw_fastrtps_cpp/cmake)
[0.780s] -- Found OpenSSL: /usr/lib/x86_64-linux-gnu/libcrypto.so (found version "3.0.2")  
[0.808s] -- Found FastRTPS: /opt/ros/humble/include  
[0.858s] -- Using RMW implementation 'rmw_fastrtps_cpp' as default
[0.866s] -- Looking for pthread.h
[0.947s] -- Looking for pthread.h - found
[0.948s] -- Performing Test CMAKE_HAVE_LIBC_PTHREAD
[1.018s] -- Performing Test CMAKE_HAVE_LIBC_PTHREAD - Success
[1.019s] -- Found Threads: TRUE  
[1.158s] -- Found ament_lint_auto: 0.12.11 (/opt/ros/humble/share/ament_lint_auto/cmake)
[1.177s] -- Added test 'cppcheck' to perform static code analysis on C / C++ code
[1.177s] -- Configured cppcheck include dirs: /home/hdm/ttttt/tracker_plus/src/rm_auto_record/include
[1.177s] -- Configured cppcheck exclude dirs and/or files: 
[1.178s] -- Added test 'cpplint' to check C / C++ code against the Google style
[1.178s] -- Configured cpplint exclude dirs and/or files: 
[1.179s] -- Added test 'flake8' to check Python code syntax and style conventions
[1.179s] -- Added test 'lint_cmake' to check CMake code style
[1.179s] -- Added test 'pep257' to check Python code against some of the docstring style conventions in PEP 257
[1.180s] -- Added test 'xmllint' to check XML markup files
[1.183s] -- Configuring done
[1.193s] -- Generating done
[1.197s] -- Build files have been written to: /home/hdm/ttttt/tracker_plus/build/rm_auto_record
[1.206s] Invoked command in '/home/hdm/ttttt/tracker_plus/build/rm_auto_record' returned '0': CMAKE_PREFIX_PATH=/opt/ros/humble /usr/bin/cmake /home/hdm/ttttt/tracker_plus/src/rm_auto_record -DAMENT_CMAKE_SYMLINK_INSTALL=1 -DCMAKE_INSTALL_PREFIX=/home/hdm/ttttt/tracker_plus/install/rm_auto_record
[1.208s] Invoking command in '/home/hdm/ttttt/tracker_plus/build/rm_auto_record': CMAKE_PREFIX_PATH=/opt/ros/humble /usr/bin/cmake --build /home/hdm/ttttt/tracker_plus/build/rm_auto_record -- -j24 -l24
[1.254s] [ 20%] [32mBuilding CXX object CMakeFiles/rm_auto_record_node.dir/rclcpp_components/node_main_rm_auto_record_node.cpp.o[0m
[1.255s] [ 40%] [32mBuilding CXX object CMakeFiles/rm_auto_record.dir/src/record.cpp.o[0m
[1.255s] [ 60%] [32mBuilding CXX object CMakeFiles/rm_auto_record.dir/src/record_node.cpp.o[0m
[6.054s] [ 80%] [32m[1mLinking CXX executable rm_auto_record_node[0m
[6.394s] [ 80%] Built target rm_auto_record_node
[14.064s] [100%] [32m[1mLinking CXX shared library librm_auto_record.so[0m
[15.101s] [100%] Built target rm_auto_record
[15.116s] Invoked command in '/home/hdm/ttttt/tracker_plus/build/rm_auto_record' returned '0': CMAKE_PREFIX_PATH=/opt/ros/humble /usr/bin/cmake --build /home/hdm/ttttt/tracker_plus/build/rm_auto_record -- -j24 -l24
[15.119s] Invoking command in '/home/hdm/ttttt/tracker_plus/build/rm_auto_record': CMAKE_PREFIX_PATH=/opt/ros/humble /usr/bin/cmake --install /home/hdm/ttttt/tracker_plus/build/rm_auto_record
[15.129s] -- Install configuration: ""
[15.130s] -- Execute custom install script
[15.131s] -- Symlinking: /home/hdm/ttttt/tracker_plus/install/rm_auto_record/lib/rm_auto_record/rm_auto_record_node
[15.145s] -- Symlinking: /home/hdm/ttttt/tracker_plus/install/rm_auto_record/include/rm_auto_record/record.hpp
[15.156s] -- Symlinking: /home/hdm/ttttt/tracker_plus/install/rm_auto_record/include/rm_auto_record/record_node.hpp
[15.170s] -- Symlinking: /home/hdm/ttttt/tracker_plus/install/rm_auto_record/share/rm_auto_record/environment/library_path.sh
[15.183s] -- Symlinking: /home/hdm/ttttt/tracker_plus/install/rm_auto_record/share/rm_auto_record/environment/library_path.dsv
[15.197s] -- Symlinking: /home/hdm/ttttt/tracker_plus/install/rm_auto_record/lib/librm_auto_record.so
[15.210s] -- Symlinking: /home/hdm/ttttt/tracker_plus/install/rm_auto_record/share/ament_index/resource_index/package_run_dependencies/rm_auto_record
[15.224s] -- Symlinking: /home/hdm/ttttt/tracker_plus/install/rm_auto_record/share/ament_index/resource_index/parent_prefix_path/rm_auto_record
[15.237s] -- Symlinking: /home/hdm/ttttt/tracker_plus/install/rm_auto_record/share/rm_auto_record/environment/ament_prefix_path.sh
[15.251s] -- Symlinking: /home/hdm/ttttt/tracker_plus/install/rm_auto_record/share/rm_auto_record/environment/ament_prefix_path.dsv
[15.265s] -- Symlinking: /home/hdm/ttttt/tracker_plus/install/rm_auto_record/share/rm_auto_record/environment/path.sh
[15.277s] -- Symlinking: /home/hdm/ttttt/tracker_plus/install/rm_auto_record/share/rm_auto_record/environment/path.dsv
[15.290s] -- Symlinking: /home/hdm/ttttt/tracker_plus/install/rm_auto_record/share/rm_auto_record/local_setup.bash
[15.304s] -- Symlinking: /home/hdm/ttttt/tracker_plus/install/rm_auto_record/share/rm_auto_record/local_setup.sh
[15.316s] -- Symlinking: /home/hdm/ttttt/tracker_plus/install/rm_auto_record/share/rm_auto_record/local_setup.zsh
[15.330s] -- Symlinking: /home/hdm/ttttt/tracker_plus/install/rm_auto_record/share/rm_auto_record/local_setup.dsv
[15.343s] -- Symlinking: /home/hdm/ttttt/tracker_plus/install/rm_auto_record/share/rm_auto_record/package.dsv
[15.355s] -- Symlinking: /home/hdm/ttttt/tracker_plus/install/rm_auto_record/share/ament_index/resource_index/packages/rm_auto_record
[15.370s] -- Symlinking: /home/hdm/ttttt/tracker_plus/install/rm_auto_record/share/ament_index/resource_index/rclcpp_components/rm_auto_record
[15.382s] -- Symlinking: /home/hdm/ttttt/tracker_plus/install/rm_auto_record/share/rm_auto_record/cmake/ament_cmake_export_dependencies-extras.cmake
[15.392s] -- Symlinking: /home/hdm/ttttt/tracker_plus/install/rm_auto_record/share/rm_auto_record/cmake/ament_cmake_export_include_directories-extras.cmake
[15.402s] -- Symlinking: /home/hdm/ttttt/tracker_plus/install/rm_auto_record/share/rm_auto_record/cmake/ament_cmake_export_libraries-extras.cmake
[15.414s] -- Symlinking: /home/hdm/ttttt/tracker_plus/install/rm_auto_record/share/rm_auto_record/cmake/rm_auto_recordConfig.cmake
[15.426s] -- Symlinking: /home/hdm/ttttt/tracker_plus/install/rm_auto_record/share/rm_auto_record/cmake/rm_auto_recordConfig-version.cmake
[15.439s] -- Symlinking: /home/hdm/ttttt/tracker_plus/install/rm_auto_record/share/rm_auto_record/package.xml
[15.454s] Invoked command in '/home/hdm/ttttt/tracker_plus/build/rm_auto_record' returned '0': CMAKE_PREFIX_PATH=/opt/ros/humble /usr/bin/cmake --install /home/hdm/ttttt/tracker_plus/build/rm_auto_record
