[0.018s] Invoking command in '/home/hdm/ttttt/tracker_plus/build/buff_tracker': AMENT_PREFIX_PATH=/home/hdm/ttttt/tracker_plus/install/buff_executor:/home/hdm/ttttt/tracker_plus/install/buff_interfaces:${AMENT_PREFIX_PATH} CMAKE_PREFIX_PATH=/home/hdm/ttttt/tracker_plus/install/buff_executor:/home/hdm/ttttt/tracker_plus/install/buff_interfaces:/opt/ros/humble LD_LIBRARY_PATH=/home/hdm/ttttt/tracker_plus/install/buff_executor/lib:/home/hdm/ttttt/tracker_plus/install/buff_interfaces/lib:${LD_LIBRARY_PATH} PYTHONPATH=/home/hdm/ttttt/tracker_plus/install/buff_interfaces/local/lib/python3.10/dist-packages:${PYTHONPATH} /usr/bin/cmake /home/hdm/ttttt/tracker_plus/src/rm_buff/buff_tracker -DAMENT_CMAKE_SYMLINK_INSTALL=1 -DCMAKE_INSTALL_PREFIX=/home/hdm/ttttt/tracker_plus/install/buff_tracker
[0.107s] -- The C compiler identification is GNU 11.4.0
[0.195s] -- The CXX compiler identification is GNU 11.4.0
[0.207s] -- Detecting C compiler ABI info
[0.314s] -- Detecting C compiler ABI info - done
[0.327s] -- Check for working C compiler: /usr/bin/cc - skipped
[0.327s] -- Detecting C compile features
[0.328s] -- Detecting C compile features - done
[0.333s] -- Detecting CXX compiler ABI info
[0.459s] -- Detecting CXX compiler ABI info - done
[0.473s] -- Check for working CXX compiler: /usr/bin/c++ - skipped
[0.473s] -- Detecting CXX compile features
[0.474s] -- Detecting CXX compile features - done
[0.478s] -- Found ament_cmake_auto: 1.3.11 (/opt/ros/humble/share/ament_cmake_auto/cmake)
[0.740s] -- Found Python3: /usr/bin/python3 (found version "3.10.12") found components: Interpreter 
[0.872s] -- Override CMake install command with custom implementation using symlinks instead of copying resources
[0.927s] -- Found OpenCV: /home/hdm/environment (found version "4.5.4") 
[1.083s] -- Found rosidl_generator_c: 3.1.6 (/opt/ros/humble/share/rosidl_generator_c/cmake)
[1.093s] -- Found rosidl_adapter: 3.1.6 (/opt/ros/humble/share/rosidl_adapter/cmake)
[1.109s] -- Found rosidl_generator_cpp: 3.1.6 (/opt/ros/humble/share/rosidl_generator_cpp/cmake)
[1.133s] -- Using all available rosidl_typesupport_c: rosidl_typesupport_fastrtps_c;rosidl_typesupport_introspection_c
[1.165s] -- Using all available rosidl_typesupport_cpp: rosidl_typesupport_fastrtps_cpp;rosidl_typesupport_introspection_cpp
[1.251s] -- Found rmw_implementation_cmake: 6.1.2 (/opt/ros/humble/share/rmw_implementation_cmake/cmake)
[1.256s] -- Found rmw_fastrtps_cpp: 6.2.7 (/opt/ros/humble/share/rmw_fastrtps_cpp/cmake)
[1.384s] -- Found OpenSSL: /usr/lib/x86_64-linux-gnu/libcrypto.so (found version "3.0.2")  
[1.413s] -- Found FastRTPS: /opt/ros/humble/include  
[1.456s] -- Using RMW implementation 'rmw_fastrtps_cpp' as default
[1.465s] -- Looking for pthread.h
[1.540s] -- Looking for pthread.h - found
[1.541s] -- Performing Test CMAKE_HAVE_LIBC_PTHREAD
[1.635s] -- Performing Test CMAKE_HAVE_LIBC_PTHREAD - Success
[1.638s] -- Found Threads: TRUE  
[1.949s] -- Found eigen3_cmake_module: 0.1.1 (/opt/ros/humble/share/eigen3_cmake_module/cmake)
[1.950s] -- Found Eigen3: TRUE (found version "3.3.7") 
[1.950s] -- Ensuring Eigen3 include directory is part of orocos-kdl CMake target
[2.065s] -- Found ament_lint_auto: 0.12.11 (/opt/ros/humble/share/ament_lint_auto/cmake)
[2.089s] -- Added test 'cppcheck' to perform static code analysis on C / C++ code
[2.089s] -- Configured cppcheck include dirs: /home/hdm/ttttt/tracker_plus/src/rm_buff/buff_tracker/include
[2.089s] -- Configured cppcheck exclude dirs and/or files: 
[2.090s] -- Added test 'lint_cmake' to check CMake code style
[2.090s] -- Added test 'xmllint' to check XML markup files
[2.093s] -- Configuring done
[2.115s] -- Generating done
[2.122s] -- Build files have been written to: /home/hdm/ttttt/tracker_plus/build/buff_tracker
[2.138s] Invoked command in '/home/hdm/ttttt/tracker_plus/build/buff_tracker' returned '0': AMENT_PREFIX_PATH=/home/hdm/ttttt/tracker_plus/install/buff_executor:/home/hdm/ttttt/tracker_plus/install/buff_interfaces:${AMENT_PREFIX_PATH} CMAKE_PREFIX_PATH=/home/hdm/ttttt/tracker_plus/install/buff_executor:/home/hdm/ttttt/tracker_plus/install/buff_interfaces:/opt/ros/humble LD_LIBRARY_PATH=/home/hdm/ttttt/tracker_plus/install/buff_executor/lib:/home/hdm/ttttt/tracker_plus/install/buff_interfaces/lib:${LD_LIBRARY_PATH} PYTHONPATH=/home/hdm/ttttt/tracker_plus/install/buff_interfaces/local/lib/python3.10/dist-packages:${PYTHONPATH} /usr/bin/cmake /home/hdm/ttttt/tracker_plus/src/rm_buff/buff_tracker -DAMENT_CMAKE_SYMLINK_INSTALL=1 -DCMAKE_INSTALL_PREFIX=/home/hdm/ttttt/tracker_plus/install/buff_tracker
[2.141s] Invoking command in '/home/hdm/ttttt/tracker_plus/build/buff_tracker': AMENT_PREFIX_PATH=/home/hdm/ttttt/tracker_plus/install/buff_executor:/home/hdm/ttttt/tracker_plus/install/buff_interfaces:${AMENT_PREFIX_PATH} CMAKE_PREFIX_PATH=/home/hdm/ttttt/tracker_plus/install/buff_executor:/home/hdm/ttttt/tracker_plus/install/buff_interfaces:/opt/ros/humble LD_LIBRARY_PATH=/home/hdm/ttttt/tracker_plus/install/buff_executor/lib:/home/hdm/ttttt/tracker_plus/install/buff_interfaces/lib:${LD_LIBRARY_PATH} PYTHONPATH=/home/hdm/ttttt/tracker_plus/install/buff_interfaces/local/lib/python3.10/dist-packages:${PYTHONPATH} /usr/bin/cmake --build /home/hdm/ttttt/tracker_plus/build/buff_tracker -- -j24 -l24
[2.209s] [ 28%] [32mBuilding CXX object CMakeFiles/buff_tracker.dir/src/gauss_newton_solver.cpp.o[0m
[2.210s] [ 57%] [32mBuilding CXX object CMakeFiles/buff_tracker.dir/src/extended_kalman_filter.cpp.o[0m
[2.210s] [ 57%] [32mBuilding CXX object CMakeFiles/buff_tracker.dir/src/tracker_node.cpp.o[0m
[2.210s] [ 57%] [32mBuilding CXX object CMakeFiles/buff_tracker.dir/src/tracker.cpp.o[0m
[2.210s] [ 71%] [32mBuilding CXX object CMakeFiles/buff_tracker_node.dir/rclcpp_components/node_main_buff_tracker_node.cpp.o[0m
[5.706s] [ 85%] [32m[1mLinking CXX executable buff_tracker_node[0m
[5.842s] [ 85%] Built target buff_tracker_node
[16.203s] [100%] [32m[1mLinking CXX shared library libbuff_tracker.so[0m
[17.065s] [100%] Built target buff_tracker
[17.075s] Invoked command in '/home/hdm/ttttt/tracker_plus/build/buff_tracker' returned '0': AMENT_PREFIX_PATH=/home/hdm/ttttt/tracker_plus/install/buff_executor:/home/hdm/ttttt/tracker_plus/install/buff_interfaces:${AMENT_PREFIX_PATH} CMAKE_PREFIX_PATH=/home/hdm/ttttt/tracker_plus/install/buff_executor:/home/hdm/ttttt/tracker_plus/install/buff_interfaces:/opt/ros/humble LD_LIBRARY_PATH=/home/hdm/ttttt/tracker_plus/install/buff_executor/lib:/home/hdm/ttttt/tracker_plus/install/buff_interfaces/lib:${LD_LIBRARY_PATH} PYTHONPATH=/home/hdm/ttttt/tracker_plus/install/buff_interfaces/local/lib/python3.10/dist-packages:${PYTHONPATH} /usr/bin/cmake --build /home/hdm/ttttt/tracker_plus/build/buff_tracker -- -j24 -l24
[17.076s] Invoking command in '/home/hdm/ttttt/tracker_plus/build/buff_tracker': AMENT_PREFIX_PATH=/home/hdm/ttttt/tracker_plus/install/buff_executor:/home/hdm/ttttt/tracker_plus/install/buff_interfaces:${AMENT_PREFIX_PATH} CMAKE_PREFIX_PATH=/home/hdm/ttttt/tracker_plus/install/buff_executor:/home/hdm/ttttt/tracker_plus/install/buff_interfaces:/opt/ros/humble LD_LIBRARY_PATH=/home/hdm/ttttt/tracker_plus/install/buff_executor/lib:/home/hdm/ttttt/tracker_plus/install/buff_interfaces/lib:${LD_LIBRARY_PATH} PYTHONPATH=/home/hdm/ttttt/tracker_plus/install/buff_interfaces/local/lib/python3.10/dist-packages:${PYTHONPATH} /usr/bin/cmake --install /home/hdm/ttttt/tracker_plus/build/buff_tracker
[17.083s] -- Install configuration: ""
[17.083s] -- Execute custom install script
[17.083s] -- Symlinking: /home/hdm/ttttt/tracker_plus/install/buff_tracker/lib/buff_tracker/buff_tracker_node
[17.091s] -- Symlinking: /home/hdm/ttttt/tracker_plus/install/buff_tracker/include/buff_tracker/extended_kalman_filter.hpp
[17.100s] -- Symlinking: /home/hdm/ttttt/tracker_plus/install/buff_tracker/include/buff_tracker/gauss_newton_solver.hpp
[17.107s] -- Symlinking: /home/hdm/ttttt/tracker_plus/install/buff_tracker/include/buff_tracker/tracker.hpp
[17.115s] -- Symlinking: /home/hdm/ttttt/tracker_plus/install/buff_tracker/include/buff_tracker/tracker_node.hpp
[17.122s] -- Symlinking: /home/hdm/ttttt/tracker_plus/install/buff_tracker/share/buff_tracker/environment/library_path.sh
[17.129s] -- Symlinking: /home/hdm/ttttt/tracker_plus/install/buff_tracker/share/buff_tracker/environment/library_path.dsv
[17.137s] -- Symlinking: /home/hdm/ttttt/tracker_plus/install/buff_tracker/lib/libbuff_tracker.so
[17.145s] -- Symlinking: /home/hdm/ttttt/tracker_plus/install/buff_tracker/share/ament_index/resource_index/package_run_dependencies/buff_tracker
[17.152s] -- Symlinking: /home/hdm/ttttt/tracker_plus/install/buff_tracker/share/ament_index/resource_index/parent_prefix_path/buff_tracker
[17.158s] -- Symlinking: /home/hdm/ttttt/tracker_plus/install/buff_tracker/share/buff_tracker/environment/ament_prefix_path.sh
[17.164s] -- Symlinking: /home/hdm/ttttt/tracker_plus/install/buff_tracker/share/buff_tracker/environment/ament_prefix_path.dsv
[17.173s] -- Symlinking: /home/hdm/ttttt/tracker_plus/install/buff_tracker/share/buff_tracker/environment/path.sh
[17.179s] -- Symlinking: /home/hdm/ttttt/tracker_plus/install/buff_tracker/share/buff_tracker/environment/path.dsv
[17.186s] -- Symlinking: /home/hdm/ttttt/tracker_plus/install/buff_tracker/share/buff_tracker/local_setup.bash
[17.193s] -- Symlinking: /home/hdm/ttttt/tracker_plus/install/buff_tracker/share/buff_tracker/local_setup.sh
[17.201s] -- Symlinking: /home/hdm/ttttt/tracker_plus/install/buff_tracker/share/buff_tracker/local_setup.zsh
[17.208s] -- Symlinking: /home/hdm/ttttt/tracker_plus/install/buff_tracker/share/buff_tracker/local_setup.dsv
[17.216s] -- Symlinking: /home/hdm/ttttt/tracker_plus/install/buff_tracker/share/buff_tracker/package.dsv
[17.223s] -- Symlinking: /home/hdm/ttttt/tracker_plus/install/buff_tracker/share/ament_index/resource_index/packages/buff_tracker
[17.229s] -- Symlinking: /home/hdm/ttttt/tracker_plus/install/buff_tracker/share/ament_index/resource_index/rclcpp_components/buff_tracker
[17.235s] -- Symlinking: /home/hdm/ttttt/tracker_plus/install/buff_tracker/share/buff_tracker/cmake/ament_cmake_export_dependencies-extras.cmake
[17.243s] -- Symlinking: /home/hdm/ttttt/tracker_plus/install/buff_tracker/share/buff_tracker/cmake/ament_cmake_export_include_directories-extras.cmake
[17.250s] -- Symlinking: /home/hdm/ttttt/tracker_plus/install/buff_tracker/share/buff_tracker/cmake/ament_cmake_export_libraries-extras.cmake
[17.256s] -- Symlinking: /home/hdm/ttttt/tracker_plus/install/buff_tracker/share/buff_tracker/cmake/buff_trackerConfig.cmake
[17.264s] -- Symlinking: /home/hdm/ttttt/tracker_plus/install/buff_tracker/share/buff_tracker/cmake/buff_trackerConfig-version.cmake
[17.272s] -- Symlinking: /home/hdm/ttttt/tracker_plus/install/buff_tracker/share/buff_tracker/package.xml
[17.281s] Invoked command in '/home/hdm/ttttt/tracker_plus/build/buff_tracker' returned '0': AMENT_PREFIX_PATH=/home/hdm/ttttt/tracker_plus/install/buff_executor:/home/hdm/ttttt/tracker_plus/install/buff_interfaces:${AMENT_PREFIX_PATH} CMAKE_PREFIX_PATH=/home/hdm/ttttt/tracker_plus/install/buff_executor:/home/hdm/ttttt/tracker_plus/install/buff_interfaces:/opt/ros/humble LD_LIBRARY_PATH=/home/hdm/ttttt/tracker_plus/install/buff_executor/lib:/home/hdm/ttttt/tracker_plus/install/buff_interfaces/lib:${LD_LIBRARY_PATH} PYTHONPATH=/home/hdm/ttttt/tracker_plus/install/buff_interfaces/local/lib/python3.10/dist-packages:${PYTHONPATH} /usr/bin/cmake --install /home/hdm/ttttt/tracker_plus/build/buff_tracker
