[0.030s] Invoking command in '/home/hdm/ttttt/tracker_plus/build/buff_detector': CMAKE_PREFIX_PATH=/home/hdm/ttttt/tracker_plus/install/buff_interfaces:/home/hdm/ttttt/tracker_plus/install/rm_vision_bringup:/home/hdm/ttttt/tracker_plus/install/rm_buff_bringup:/home/hdm/ttttt/tracker_plus/install/rm_serial_driver:/home/hdm/ttttt/tracker_plus/install/rm_gimbal_description:/home/hdm/ttttt/tracker_plus/install/rm_buff:/home/hdm/ttttt/tracker_plus/install/rm_auto_record:/home/hdm/ttttt/tracker_plus/install/rm_auto_aim:/home/hdm/ttttt/tracker_plus/install/hik_camera:/home/hdm/ttttt/tracker_plus/install/buff_tracker:/home/hdm/ttttt/tracker_plus/install/buff_executor:/home/hdm/ttttt/tracker_plus/install/buff_detector:/home/hdm/ttttt/tracker_plus/install/armor_tracker:/home/hdm/ttttt/tracker_plus/install/armor_solve:/home/hdm/ttttt/tracker_plus/install/armor_detector:/home/hdm/ttttt/tracker_plus/install/auto_aim_interfaces:/opt/ros/humble LD_LIBRARY_PATH=/home/hdm/ttttt/tracker_plus/install/buff_interfaces/lib:/opt/intel/openvino_2024.6.0/runtime/3rdparty/tbb/lib:/opt/intel/openvino_2024.6.0/runtime/lib/intel64:/opt/MVS/lib/64:/opt/MVS/lib/32:/home/hdm/ttttt/tracker_plus/install/rm_serial_driver/lib:/home/hdm/ttttt/tracker_plus/install/rm_auto_record/lib:/home/hdm/ttttt/tracker_plus/install/hik_camera/lib:/home/hdm/ttttt/tracker_plus/install/buff_tracker/lib:/home/hdm/ttttt/tracker_plus/install/buff_executor/lib:/home/hdm/ttttt/tracker_plus/install/buff_detector/lib:/home/hdm/ttttt/tracker_plus/install/armor_tracker/lib:/home/hdm/ttttt/tracker_plus/install/armor_solve/lib:/home/hdm/ttttt/tracker_plus/install/armor_detector/lib:/home/hdm/ttttt/tracker_plus/install/auto_aim_interfaces/lib:/opt/ros/humble/opt/rviz_ogre_vendor/lib:/opt/ros/humble/lib/x86_64-linux-gnu:/opt/ros/humble/lib /usr/bin/cmake --build /home/hdm/ttttt/tracker_plus/build/buff_detector -- -j24 -l24
[0.080s] [35m[1mConsolidate compiler generated dependencies of target buff_detector[0m
[0.094s] [ 33%] Built target buff_detector_node
[0.107s] [ 50%] [32mBuilding CXX object CMakeFiles/buff_detector.dir/src/detector_node.cpp.o[0m
[9.969s] [ 66%] [32m[1mLinking CXX shared library libbuff_detector.so[0m
[10.579s] [100%] Built target buff_detector
[10.588s] Invoked command in '/home/hdm/ttttt/tracker_plus/build/buff_detector' returned '0': CMAKE_PREFIX_PATH=/home/hdm/ttttt/tracker_plus/install/buff_interfaces:/home/hdm/ttttt/tracker_plus/install/rm_vision_bringup:/home/hdm/ttttt/tracker_plus/install/rm_buff_bringup:/home/hdm/ttttt/tracker_plus/install/rm_serial_driver:/home/hdm/ttttt/tracker_plus/install/rm_gimbal_description:/home/hdm/ttttt/tracker_plus/install/rm_buff:/home/hdm/ttttt/tracker_plus/install/rm_auto_record:/home/hdm/ttttt/tracker_plus/install/rm_auto_aim:/home/hdm/ttttt/tracker_plus/install/hik_camera:/home/hdm/ttttt/tracker_plus/install/buff_tracker:/home/hdm/ttttt/tracker_plus/install/buff_executor:/home/hdm/ttttt/tracker_plus/install/buff_detector:/home/hdm/ttttt/tracker_plus/install/armor_tracker:/home/hdm/ttttt/tracker_plus/install/armor_solve:/home/hdm/ttttt/tracker_plus/install/armor_detector:/home/hdm/ttttt/tracker_plus/install/auto_aim_interfaces:/opt/ros/humble LD_LIBRARY_PATH=/home/hdm/ttttt/tracker_plus/install/buff_interfaces/lib:/opt/intel/openvino_2024.6.0/runtime/3rdparty/tbb/lib:/opt/intel/openvino_2024.6.0/runtime/lib/intel64:/opt/MVS/lib/64:/opt/MVS/lib/32:/home/hdm/ttttt/tracker_plus/install/rm_serial_driver/lib:/home/hdm/ttttt/tracker_plus/install/rm_auto_record/lib:/home/hdm/ttttt/tracker_plus/install/hik_camera/lib:/home/hdm/ttttt/tracker_plus/install/buff_tracker/lib:/home/hdm/ttttt/tracker_plus/install/buff_executor/lib:/home/hdm/ttttt/tracker_plus/install/buff_detector/lib:/home/hdm/ttttt/tracker_plus/install/armor_tracker/lib:/home/hdm/ttttt/tracker_plus/install/armor_solve/lib:/home/hdm/ttttt/tracker_plus/install/armor_detector/lib:/home/hdm/ttttt/tracker_plus/install/auto_aim_interfaces/lib:/opt/ros/humble/opt/rviz_ogre_vendor/lib:/opt/ros/humble/lib/x86_64-linux-gnu:/opt/ros/humble/lib /usr/bin/cmake --build /home/hdm/ttttt/tracker_plus/build/buff_detector -- -j24 -l24
[10.590s] Invoking command in '/home/hdm/ttttt/tracker_plus/build/buff_detector': CMAKE_PREFIX_PATH=/home/hdm/ttttt/tracker_plus/install/buff_interfaces:/home/hdm/ttttt/tracker_plus/install/rm_vision_bringup:/home/hdm/ttttt/tracker_plus/install/rm_buff_bringup:/home/hdm/ttttt/tracker_plus/install/rm_serial_driver:/home/hdm/ttttt/tracker_plus/install/rm_gimbal_description:/home/hdm/ttttt/tracker_plus/install/rm_buff:/home/hdm/ttttt/tracker_plus/install/rm_auto_record:/home/hdm/ttttt/tracker_plus/install/rm_auto_aim:/home/hdm/ttttt/tracker_plus/install/hik_camera:/home/hdm/ttttt/tracker_plus/install/buff_tracker:/home/hdm/ttttt/tracker_plus/install/buff_executor:/home/hdm/ttttt/tracker_plus/install/buff_detector:/home/hdm/ttttt/tracker_plus/install/armor_tracker:/home/hdm/ttttt/tracker_plus/install/armor_solve:/home/hdm/ttttt/tracker_plus/install/armor_detector:/home/hdm/ttttt/tracker_plus/install/auto_aim_interfaces:/opt/ros/humble LD_LIBRARY_PATH=/home/hdm/ttttt/tracker_plus/install/buff_interfaces/lib:/opt/intel/openvino_2024.6.0/runtime/3rdparty/tbb/lib:/opt/intel/openvino_2024.6.0/runtime/lib/intel64:/opt/MVS/lib/64:/opt/MVS/lib/32:/home/hdm/ttttt/tracker_plus/install/rm_serial_driver/lib:/home/hdm/ttttt/tracker_plus/install/rm_auto_record/lib:/home/hdm/ttttt/tracker_plus/install/hik_camera/lib:/home/hdm/ttttt/tracker_plus/install/buff_tracker/lib:/home/hdm/ttttt/tracker_plus/install/buff_executor/lib:/home/hdm/ttttt/tracker_plus/install/buff_detector/lib:/home/hdm/ttttt/tracker_plus/install/armor_tracker/lib:/home/hdm/ttttt/tracker_plus/install/armor_solve/lib:/home/hdm/ttttt/tracker_plus/install/armor_detector/lib:/home/hdm/ttttt/tracker_plus/install/auto_aim_interfaces/lib:/opt/ros/humble/opt/rviz_ogre_vendor/lib:/opt/ros/humble/lib/x86_64-linux-gnu:/opt/ros/humble/lib /usr/bin/cmake --install /home/hdm/ttttt/tracker_plus/build/buff_detector
[10.597s] -- Install configuration: ""
[10.597s] -- Execute custom install script
[10.597s] -- Up-to-date symlink: /home/hdm/ttttt/tracker_plus/install/buff_detector/lib/buff_detector/buff_detector_node
[10.597s] -- Up-to-date symlink: /home/hdm/ttttt/tracker_plus/install/buff_detector/include/buff_detector/blade.hpp
[10.597s] -- Up-to-date symlink: /home/hdm/ttttt/tracker_plus/install/buff_detector/include/buff_detector/detector.hpp
[10.597s] -- Up-to-date symlink: /home/hdm/ttttt/tracker_plus/install/buff_detector/include/buff_detector/detector_node.hpp
[10.597s] -- Up-to-date symlink: /home/hdm/ttttt/tracker_plus/install/buff_detector/include/buff_detector/pnp_solver.hpp
[10.597s] -- Up-to-date symlink: /home/hdm/ttttt/tracker_plus/install/buff_detector/share/buff_detector/environment/library_path.sh
[10.597s] -- Up-to-date symlink: /home/hdm/ttttt/tracker_plus/install/buff_detector/share/buff_detector/environment/library_path.dsv
[10.598s] -- Up-to-date symlink: /home/hdm/ttttt/tracker_plus/install/buff_detector/lib/libbuff_detector.so
[10.598s] -- Up-to-date symlink: /home/hdm/ttttt/tracker_plus/install/buff_detector/share/buff_detector/models/buff_quantized.bin
[10.598s] -- Up-to-date symlink: /home/hdm/ttttt/tracker_plus/install/buff_detector/share/buff_detector/models/buff_quantized.xml
[10.598s] -- Up-to-date symlink: /home/hdm/ttttt/tracker_plus/install/buff_detector/share/buff_detector/models/metadata.yaml
[10.598s] -- Up-to-date symlink: /home/hdm/ttttt/tracker_plus/install/buff_detector/share/buff_detector/launch/buff_detector.launch.py
[10.598s] -- Up-to-date symlink: /home/hdm/ttttt/tracker_plus/install/buff_detector/share/ament_index/resource_index/package_run_dependencies/buff_detector
[10.598s] -- Up-to-date symlink: /home/hdm/ttttt/tracker_plus/install/buff_detector/share/ament_index/resource_index/parent_prefix_path/buff_detector
[10.598s] -- Up-to-date symlink: /home/hdm/ttttt/tracker_plus/install/buff_detector/share/buff_detector/environment/ament_prefix_path.sh
[10.598s] -- Up-to-date symlink: /home/hdm/ttttt/tracker_plus/install/buff_detector/share/buff_detector/environment/ament_prefix_path.dsv
[10.598s] -- Up-to-date symlink: /home/hdm/ttttt/tracker_plus/install/buff_detector/share/buff_detector/environment/path.sh
[10.599s] -- Up-to-date symlink: /home/hdm/ttttt/tracker_plus/install/buff_detector/share/buff_detector/environment/path.dsv
[10.599s] -- Up-to-date symlink: /home/hdm/ttttt/tracker_plus/install/buff_detector/share/buff_detector/local_setup.bash
[10.599s] -- Up-to-date symlink: /home/hdm/ttttt/tracker_plus/install/buff_detector/share/buff_detector/local_setup.sh
[10.599s] -- Up-to-date symlink: /home/hdm/ttttt/tracker_plus/install/buff_detector/share/buff_detector/local_setup.zsh
[10.599s] -- Up-to-date symlink: /home/hdm/ttttt/tracker_plus/install/buff_detector/share/buff_detector/local_setup.dsv
[10.599s] -- Symlinking: /home/hdm/ttttt/tracker_plus/install/buff_detector/share/buff_detector/package.dsv
[10.605s] -- Up-to-date symlink: /home/hdm/ttttt/tracker_plus/install/buff_detector/share/ament_index/resource_index/packages/buff_detector
[10.605s] -- Up-to-date symlink: /home/hdm/ttttt/tracker_plus/install/buff_detector/share/ament_index/resource_index/rclcpp_components/buff_detector
[10.605s] -- Up-to-date symlink: /home/hdm/ttttt/tracker_plus/install/buff_detector/share/buff_detector/cmake/ament_cmake_export_dependencies-extras.cmake
[10.606s] -- Up-to-date symlink: /home/hdm/ttttt/tracker_plus/install/buff_detector/share/buff_detector/cmake/ament_cmake_export_include_directories-extras.cmake
[10.606s] -- Up-to-date symlink: /home/hdm/ttttt/tracker_plus/install/buff_detector/share/buff_detector/cmake/ament_cmake_export_libraries-extras.cmake
[10.606s] -- Up-to-date symlink: /home/hdm/ttttt/tracker_plus/install/buff_detector/share/buff_detector/cmake/buff_detectorConfig.cmake
[10.606s] -- Up-to-date symlink: /home/hdm/ttttt/tracker_plus/install/buff_detector/share/buff_detector/cmake/buff_detectorConfig-version.cmake
[10.606s] -- Up-to-date symlink: /home/hdm/ttttt/tracker_plus/install/buff_detector/share/buff_detector/package.xml
[10.607s] Invoked command in '/home/hdm/ttttt/tracker_plus/build/buff_detector' returned '0': CMAKE_PREFIX_PATH=/home/hdm/ttttt/tracker_plus/install/buff_interfaces:/home/hdm/ttttt/tracker_plus/install/rm_vision_bringup:/home/hdm/ttttt/tracker_plus/install/rm_buff_bringup:/home/hdm/ttttt/tracker_plus/install/rm_serial_driver:/home/hdm/ttttt/tracker_plus/install/rm_gimbal_description:/home/hdm/ttttt/tracker_plus/install/rm_buff:/home/hdm/ttttt/tracker_plus/install/rm_auto_record:/home/hdm/ttttt/tracker_plus/install/rm_auto_aim:/home/hdm/ttttt/tracker_plus/install/hik_camera:/home/hdm/ttttt/tracker_plus/install/buff_tracker:/home/hdm/ttttt/tracker_plus/install/buff_executor:/home/hdm/ttttt/tracker_plus/install/buff_detector:/home/hdm/ttttt/tracker_plus/install/armor_tracker:/home/hdm/ttttt/tracker_plus/install/armor_solve:/home/hdm/ttttt/tracker_plus/install/armor_detector:/home/hdm/ttttt/tracker_plus/install/auto_aim_interfaces:/opt/ros/humble LD_LIBRARY_PATH=/home/hdm/ttttt/tracker_plus/install/buff_interfaces/lib:/opt/intel/openvino_2024.6.0/runtime/3rdparty/tbb/lib:/opt/intel/openvino_2024.6.0/runtime/lib/intel64:/opt/MVS/lib/64:/opt/MVS/lib/32:/home/hdm/ttttt/tracker_plus/install/rm_serial_driver/lib:/home/hdm/ttttt/tracker_plus/install/rm_auto_record/lib:/home/hdm/ttttt/tracker_plus/install/hik_camera/lib:/home/hdm/ttttt/tracker_plus/install/buff_tracker/lib:/home/hdm/ttttt/tracker_plus/install/buff_executor/lib:/home/hdm/ttttt/tracker_plus/install/buff_detector/lib:/home/hdm/ttttt/tracker_plus/install/armor_tracker/lib:/home/hdm/ttttt/tracker_plus/install/armor_solve/lib:/home/hdm/ttttt/tracker_plus/install/armor_detector/lib:/home/hdm/ttttt/tracker_plus/install/auto_aim_interfaces/lib:/opt/ros/humble/opt/rviz_ogre_vendor/lib:/opt/ros/humble/lib/x86_64-linux-gnu:/opt/ros/humble/lib /usr/bin/cmake --install /home/hdm/ttttt/tracker_plus/build/buff_detector
