[0.024s] Invoking command in '/home/hdm/ttttt/tracker_plus/build/rm_auto_record': CMAKE_PREFIX_PATH=${CMAKE_PREFIX_PATH}:/opt/ros/humble /usr/bin/cmake --build /home/hdm/ttttt/tracker_plus/build/rm_auto_record -- -j24 -l24
[0.062s] [35m[1mConsolidate compiler generated dependencies of target rm_auto_record_node[0m
[0.062s] [35m[1mConsolidate compiler generated dependencies of target rm_auto_record[0m
[0.077s] [ 40%] Built target rm_auto_record_node
[0.084s] [100%] Built target rm_auto_record
[0.117s] Invoked command in '/home/hdm/ttttt/tracker_plus/build/rm_auto_record' returned '0': CMAKE_PREFIX_PATH=${CMAKE_PREFIX_PATH}:/opt/ros/humble /usr/bin/cmake --build /home/hdm/ttttt/tracker_plus/build/rm_auto_record -- -j24 -l24
[0.119s] Invoking command in '/home/hdm/ttttt/tracker_plus/build/rm_auto_record': CMAKE_PREFIX_PATH=${CMAKE_PREFIX_PATH}:/opt/ros/humble /usr/bin/cmake --install /home/hdm/ttttt/tracker_plus/build/rm_auto_record
[0.130s] -- Install configuration: ""
[0.130s] -- Execute custom install script
[0.131s] -- Up-to-date symlink: /home/hdm/ttttt/tracker_plus/install/rm_auto_record/lib/rm_auto_record/rm_auto_record_node
[0.131s] -- Up-to-date symlink: /home/hdm/ttttt/tracker_plus/install/rm_auto_record/include/rm_auto_record/record.hpp
[0.131s] -- Up-to-date symlink: /home/hdm/ttttt/tracker_plus/install/rm_auto_record/include/rm_auto_record/record_node.hpp
[0.132s] -- Up-to-date symlink: /home/hdm/ttttt/tracker_plus/install/rm_auto_record/share/rm_auto_record/environment/library_path.sh
[0.132s] -- Up-to-date symlink: /home/hdm/ttttt/tracker_plus/install/rm_auto_record/share/rm_auto_record/environment/library_path.dsv
[0.132s] -- Up-to-date symlink: /home/hdm/ttttt/tracker_plus/install/rm_auto_record/lib/librm_auto_record.so
[0.132s] -- Up-to-date symlink: /home/hdm/ttttt/tracker_plus/install/rm_auto_record/share/ament_index/resource_index/package_run_dependencies/rm_auto_record
[0.132s] -- Up-to-date symlink: /home/hdm/ttttt/tracker_plus/install/rm_auto_record/share/ament_index/resource_index/parent_prefix_path/rm_auto_record
[0.132s] -- Up-to-date symlink: /home/hdm/ttttt/tracker_plus/install/rm_auto_record/share/rm_auto_record/environment/ament_prefix_path.sh
[0.132s] -- Up-to-date symlink: /home/hdm/ttttt/tracker_plus/install/rm_auto_record/share/rm_auto_record/environment/ament_prefix_path.dsv
[0.133s] -- Up-to-date symlink: /home/hdm/ttttt/tracker_plus/install/rm_auto_record/share/rm_auto_record/environment/path.sh
[0.133s] -- Up-to-date symlink: /home/hdm/ttttt/tracker_plus/install/rm_auto_record/share/rm_auto_record/environment/path.dsv
[0.133s] -- Up-to-date symlink: /home/hdm/ttttt/tracker_plus/install/rm_auto_record/share/rm_auto_record/local_setup.bash
[0.133s] -- Up-to-date symlink: /home/hdm/ttttt/tracker_plus/install/rm_auto_record/share/rm_auto_record/local_setup.sh
[0.133s] -- Up-to-date symlink: /home/hdm/ttttt/tracker_plus/install/rm_auto_record/share/rm_auto_record/local_setup.zsh
[0.133s] -- Up-to-date symlink: /home/hdm/ttttt/tracker_plus/install/rm_auto_record/share/rm_auto_record/local_setup.dsv
[0.133s] -- Symlinking: /home/hdm/ttttt/tracker_plus/install/rm_auto_record/share/rm_auto_record/package.dsv
[0.144s] -- Up-to-date symlink: /home/hdm/ttttt/tracker_plus/install/rm_auto_record/share/ament_index/resource_index/packages/rm_auto_record
[0.145s] -- Up-to-date symlink: /home/hdm/ttttt/tracker_plus/install/rm_auto_record/share/ament_index/resource_index/rclcpp_components/rm_auto_record
[0.145s] -- Up-to-date symlink: /home/hdm/ttttt/tracker_plus/install/rm_auto_record/share/rm_auto_record/cmake/ament_cmake_export_dependencies-extras.cmake
[0.145s] -- Up-to-date symlink: /home/hdm/ttttt/tracker_plus/install/rm_auto_record/share/rm_auto_record/cmake/ament_cmake_export_include_directories-extras.cmake
[0.145s] -- Up-to-date symlink: /home/hdm/ttttt/tracker_plus/install/rm_auto_record/share/rm_auto_record/cmake/ament_cmake_export_libraries-extras.cmake
[0.145s] -- Up-to-date symlink: /home/hdm/ttttt/tracker_plus/install/rm_auto_record/share/rm_auto_record/cmake/rm_auto_recordConfig.cmake
[0.146s] -- Up-to-date symlink: /home/hdm/ttttt/tracker_plus/install/rm_auto_record/share/rm_auto_record/cmake/rm_auto_recordConfig-version.cmake
[0.146s] -- Up-to-date symlink: /home/hdm/ttttt/tracker_plus/install/rm_auto_record/share/rm_auto_record/package.xml
[0.156s] Invoked command in '/home/hdm/ttttt/tracker_plus/build/rm_auto_record' returned '0': CMAKE_PREFIX_PATH=${CMAKE_PREFIX_PATH}:/opt/ros/humble /usr/bin/cmake --install /home/hdm/ttttt/tracker_plus/build/rm_auto_record
