[0.014s] Invoking command in '/home/hdm/ttttt/tracker_plus/build/hik_camera': CMAKE_PREFIX_PATH=/opt/ros/humble /usr/bin/cmake /home/hdm/ttttt/tracker_plus/src/ros2_hik_camera -DAMENT_CMAKE_SYMLINK_INSTALL=1 -DCMAKE_INSTALL_PREFIX=/home/hdm/ttttt/tracker_plus/install/hik_camera
[0.087s] -- The C compiler identification is GNU 11.4.0
[0.135s] -- The CXX compiler identification is GNU 11.4.0
[0.141s] -- Detecting C compiler ABI info
[0.205s] -- Detecting C compiler ABI info - done
[0.212s] -- Check for working C compiler: /usr/bin/cc - skipped
[0.213s] -- Detecting C compile features
[0.213s] -- Detecting C compile features - done
[0.216s] -- Detecting CXX compiler ABI info
[0.289s] -- Detecting CXX compiler ABI info - done
[0.296s] -- Check for working CXX compiler: /usr/bin/c++ - skipped
[0.296s] -- Detecting CXX compile features
[0.296s] -- Detecting CXX compile features - done
[0.298s] -- Found ament_cmake_auto: 1.3.11 (/opt/ros/humble/share/ament_cmake_auto/cmake)
[0.446s] -- Found Python3: /usr/bin/python3 (found version "3.10.12") found components: Interpreter 
[0.507s] -- Override CMake install command with custom implementation using symlinks instead of copying resources
[0.618s] -- Found rosidl_generator_c: 3.1.6 (/opt/ros/humble/share/rosidl_generator_c/cmake)
[0.622s] -- Found rosidl_adapter: 3.1.6 (/opt/ros/humble/share/rosidl_adapter/cmake)
[0.628s] -- Found rosidl_generator_cpp: 3.1.6 (/opt/ros/humble/share/rosidl_generator_cpp/cmake)
[0.637s] -- Using all available rosidl_typesupport_c: rosidl_typesupport_fastrtps_c;rosidl_typesupport_introspection_c
[0.649s] -- Using all available rosidl_typesupport_cpp: rosidl_typesupport_fastrtps_cpp;rosidl_typesupport_introspection_cpp
[0.692s] -- Found rmw_implementation_cmake: 6.1.2 (/opt/ros/humble/share/rmw_implementation_cmake/cmake)
[0.695s] -- Found rmw_fastrtps_cpp: 6.2.7 (/opt/ros/humble/share/rmw_fastrtps_cpp/cmake)
[0.782s] -- Found OpenSSL: /usr/lib/x86_64-linux-gnu/libcrypto.so (found version "3.0.2")  
[0.813s] -- Found FastRTPS: /opt/ros/humble/include  
[0.857s] -- Using RMW implementation 'rmw_fastrtps_cpp' as default
[0.867s] -- Looking for pthread.h
[0.943s] -- Looking for pthread.h - found
[0.944s] -- Performing Test CMAKE_HAVE_LIBC_PTHREAD
[1.020s] -- Performing Test CMAKE_HAVE_LIBC_PTHREAD - Success
[1.022s] -- Found Threads: TRUE  
[1.169s] -- Found ament_lint_auto: 0.12.11 (/opt/ros/humble/share/ament_lint_auto/cmake)
[1.187s] -- Added test 'cppcheck' to perform static code analysis on C / C++ code
[1.187s] -- Configured cppcheck include dirs: /home/hdm/ttttt/tracker_plus/src/ros2_hik_camera/hikSDK/include
[1.187s] -- Configured cppcheck exclude dirs and/or files: 
[1.188s] -- Added test 'flake8' to check Python code syntax and style conventions
[1.188s] -- Added test 'lint_cmake' to check CMake code style
[1.188s] -- Added test 'pep257' to check Python code against some of the docstring style conventions in PEP 257
[1.189s] -- Added test 'xmllint' to check XML markup files
[1.191s] -- Configuring done
[1.201s] -- Generating done
[1.205s] -- Build files have been written to: /home/hdm/ttttt/tracker_plus/build/hik_camera
[1.215s] Invoked command in '/home/hdm/ttttt/tracker_plus/build/hik_camera' returned '0': CMAKE_PREFIX_PATH=/opt/ros/humble /usr/bin/cmake /home/hdm/ttttt/tracker_plus/src/ros2_hik_camera -DAMENT_CMAKE_SYMLINK_INSTALL=1 -DCMAKE_INSTALL_PREFIX=/home/hdm/ttttt/tracker_plus/install/hik_camera
[1.217s] Invoking command in '/home/hdm/ttttt/tracker_plus/build/hik_camera': CMAKE_PREFIX_PATH=/opt/ros/humble /usr/bin/cmake --build /home/hdm/ttttt/tracker_plus/build/hik_camera -- -j24 -l24
[1.266s] [ 50%] [32mBuilding CXX object CMakeFiles/hik_camera_node.dir/rclcpp_components/node_main_hik_camera_node.cpp.o[0m
[1.266s] [ 50%] [32mBuilding CXX object CMakeFiles/hik_camera.dir/src/hik_camera_node.cpp.o[0m
[6.493s] [ 75%] [32m[1mLinking CXX executable hik_camera_node[0m
[6.729s] [ 75%] Built target hik_camera_node
[6.788s] [100%] [32m[1mLinking CXX shared library libhik_camera.so[0m
[6.918s] [100%] Built target hik_camera
[6.927s] Invoked command in '/home/hdm/ttttt/tracker_plus/build/hik_camera' returned '0': CMAKE_PREFIX_PATH=/opt/ros/humble /usr/bin/cmake --build /home/hdm/ttttt/tracker_plus/build/hik_camera -- -j24 -l24
[6.928s] Invoking command in '/home/hdm/ttttt/tracker_plus/build/hik_camera': CMAKE_PREFIX_PATH=/opt/ros/humble /usr/bin/cmake --install /home/hdm/ttttt/tracker_plus/build/hik_camera
[6.935s] -- Install configuration: ""
[6.936s] -- Execute custom install script
[6.936s] -- Symlinking: /home/hdm/ttttt/tracker_plus/install/hik_camera/lib/libFormatConversion.so
[6.945s] -- Symlinking: /home/hdm/ttttt/tracker_plus/install/hik_camera/lib/libMVRender.so
[6.951s] -- Symlinking: /home/hdm/ttttt/tracker_plus/install/hik_camera/lib/libMediaProcess.so
[6.961s] -- Symlinking: /home/hdm/ttttt/tracker_plus/install/hik_camera/lib/libMvCameraControl.so
[6.970s] -- Symlinking: /home/hdm/ttttt/tracker_plus/install/hik_camera/lib/libMvUsb3vTL.so
[6.978s] -- Symlinking: /home/hdm/ttttt/tracker_plus/install/hik_camera/lib/hik_camera/hik_camera_node
[6.984s] -- Symlinking: /home/hdm/ttttt/tracker_plus/install/hik_camera/share/hik_camera/environment/library_path.sh
[6.991s] -- Symlinking: /home/hdm/ttttt/tracker_plus/install/hik_camera/share/hik_camera/environment/library_path.dsv
[6.998s] -- Symlinking: /home/hdm/ttttt/tracker_plus/install/hik_camera/lib/libhik_camera.so
[7.004s] -- Symlinking: /home/hdm/ttttt/tracker_plus/install/hik_camera/share/hik_camera/config/camera_info.yaml
[7.011s] -- Symlinking: /home/hdm/ttttt/tracker_plus/install/hik_camera/share/hik_camera/config/camera_params.yaml
[7.017s] -- Symlinking: /home/hdm/ttttt/tracker_plus/install/hik_camera/share/hik_camera/launch/hik_camera.launch.py
[7.023s] -- Symlinking: /home/hdm/ttttt/tracker_plus/install/hik_camera/share/ament_index/resource_index/package_run_dependencies/hik_camera
[7.029s] -- Symlinking: /home/hdm/ttttt/tracker_plus/install/hik_camera/share/ament_index/resource_index/parent_prefix_path/hik_camera
[7.035s] -- Symlinking: /home/hdm/ttttt/tracker_plus/install/hik_camera/share/hik_camera/environment/ament_prefix_path.sh
[7.041s] -- Symlinking: /home/hdm/ttttt/tracker_plus/install/hik_camera/share/hik_camera/environment/ament_prefix_path.dsv
[7.048s] -- Symlinking: /home/hdm/ttttt/tracker_plus/install/hik_camera/share/hik_camera/environment/path.sh
[7.055s] -- Symlinking: /home/hdm/ttttt/tracker_plus/install/hik_camera/share/hik_camera/environment/path.dsv
[7.062s] -- Symlinking: /home/hdm/ttttt/tracker_plus/install/hik_camera/share/hik_camera/local_setup.bash
[7.070s] -- Symlinking: /home/hdm/ttttt/tracker_plus/install/hik_camera/share/hik_camera/local_setup.sh
[7.076s] -- Symlinking: /home/hdm/ttttt/tracker_plus/install/hik_camera/share/hik_camera/local_setup.zsh
[7.082s] -- Symlinking: /home/hdm/ttttt/tracker_plus/install/hik_camera/share/hik_camera/local_setup.dsv
[7.088s] -- Symlinking: /home/hdm/ttttt/tracker_plus/install/hik_camera/share/hik_camera/package.dsv
[7.095s] -- Symlinking: /home/hdm/ttttt/tracker_plus/install/hik_camera/share/ament_index/resource_index/packages/hik_camera
[7.103s] -- Symlinking: /home/hdm/ttttt/tracker_plus/install/hik_camera/share/ament_index/resource_index/rclcpp_components/hik_camera
[7.109s] -- Symlinking: /home/hdm/ttttt/tracker_plus/install/hik_camera/share/hik_camera/cmake/ament_cmake_export_dependencies-extras.cmake
[7.115s] -- Symlinking: /home/hdm/ttttt/tracker_plus/install/hik_camera/share/hik_camera/cmake/ament_cmake_export_libraries-extras.cmake
[7.121s] -- Symlinking: /home/hdm/ttttt/tracker_plus/install/hik_camera/share/hik_camera/cmake/hik_cameraConfig.cmake
[7.130s] -- Symlinking: /home/hdm/ttttt/tracker_plus/install/hik_camera/share/hik_camera/cmake/hik_cameraConfig-version.cmake
[7.136s] -- Symlinking: /home/hdm/ttttt/tracker_plus/install/hik_camera/share/hik_camera/package.xml
[7.146s] Invoked command in '/home/hdm/ttttt/tracker_plus/build/hik_camera' returned '0': CMAKE_PREFIX_PATH=/opt/ros/humble /usr/bin/cmake --install /home/hdm/ttttt/tracker_plus/build/hik_camera
