[0.017s] Invoking command in '/home/hdm/ttttt/tracker_plus/build/armor_tracker': AMENT_PREFIX_PATH=/home/hdm/ttttt/tracker_plus/install/auto_aim_interfaces:${AMENT_PREFIX_PATH} CMAKE_PREFIX_PATH=/home/hdm/ttttt/tracker_plus/install/auto_aim_interfaces:/opt/ros/humble LD_LIBRARY_PATH=/home/hdm/ttttt/tracker_plus/install/auto_aim_interfaces/lib:${LD_LIBRARY_PATH} PYTHONPATH=/home/hdm/ttttt/tracker_plus/install/auto_aim_interfaces/local/lib/python3.10/dist-packages:${PYTHONPATH} /usr/bin/cmake /home/hdm/ttttt/tracker_plus/src/rm_auto_aim/armor_tracker -DAMENT_CMAKE_SYMLINK_INSTALL=1 -DCMAKE_INSTALL_PREFIX=/home/hdm/ttttt/tracker_plus/install/armor_tracker
[0.077s] -- The C compiler identification is GNU 11.4.0
[0.143s] -- The CXX compiler identification is GNU 11.4.0
[0.153s] -- Detecting C compiler ABI info
[0.235s] -- Detecting C compiler ABI info - done
[0.244s] -- Check for working C compiler: /usr/bin/cc - skipped
[0.244s] -- Detecting C compile features
[0.244s] -- Detecting C compile features - done
[0.248s] -- Detecting CXX compiler ABI info
[0.340s] -- Detecting CXX compiler ABI info - done
[0.349s] -- Check for working CXX compiler: /usr/bin/c++ - skipped
[0.349s] -- Detecting CXX compile features
[0.350s] -- Detecting CXX compile features - done
[0.352s] -- Found ament_cmake_auto: 1.3.11 (/opt/ros/humble/share/ament_cmake_auto/cmake)
[0.549s] -- Found Python3: /usr/bin/python3 (found version "3.10.12") found components: Interpreter 
[0.636s] -- Override CMake install command with custom implementation using symlinks instead of copying resources
[0.800s] -- Found rosidl_generator_c: 3.1.6 (/opt/ros/humble/share/rosidl_generator_c/cmake)
[0.805s] -- Found rosidl_adapter: 3.1.6 (/opt/ros/humble/share/rosidl_adapter/cmake)
[0.812s] -- Found rosidl_generator_cpp: 3.1.6 (/opt/ros/humble/share/rosidl_generator_cpp/cmake)
[0.823s] -- Using all available rosidl_typesupport_c: rosidl_typesupport_fastrtps_c;rosidl_typesupport_introspection_c
[0.837s] -- Using all available rosidl_typesupport_cpp: rosidl_typesupport_fastrtps_cpp;rosidl_typesupport_introspection_cpp
[0.878s] -- Found rmw_implementation_cmake: 6.1.2 (/opt/ros/humble/share/rmw_implementation_cmake/cmake)
[0.880s] -- Found rmw_fastrtps_cpp: 6.2.7 (/opt/ros/humble/share/rmw_fastrtps_cpp/cmake)
[0.975s] -- Found OpenSSL: /usr/lib/x86_64-linux-gnu/libcrypto.so (found version "3.0.2")  
[1.013s] -- Found FastRTPS: /opt/ros/humble/include  
[1.064s] -- Using RMW implementation 'rmw_fastrtps_cpp' as default
[1.077s] -- Looking for pthread.h
[1.170s] -- Looking for pthread.h - found
[1.171s] -- Performing Test CMAKE_HAVE_LIBC_PTHREAD
[1.261s] -- Performing Test CMAKE_HAVE_LIBC_PTHREAD - Success
[1.262s] -- Found Threads: TRUE  
[1.419s] -- Found eigen3_cmake_module: 0.1.1 (/opt/ros/humble/share/eigen3_cmake_module/cmake)
[1.420s] -- Found Eigen3: TRUE (found version "3.3.7") 
[1.420s] -- Ensuring Eigen3 include directory is part of orocos-kdl CMake target
[1.503s] -- Found ament_lint_auto: 0.12.11 (/opt/ros/humble/share/ament_lint_auto/cmake)
[1.526s] -- Added test 'cppcheck' to perform static code analysis on C / C++ code
[1.526s] -- Configured cppcheck include dirs: /home/hdm/ttttt/tracker_plus/src/rm_auto_aim/armor_tracker/include
[1.526s] -- Configured cppcheck exclude dirs and/or files: 
[1.526s] -- Added test 'lint_cmake' to check CMake code style
[1.527s] -- Added test 'xmllint' to check XML markup files
[1.528s] -- Added test 'clang_format' to check C / C++ code style
[1.530s] -- Configuring done
[1.545s] -- Generating done
[1.551s] -- Build files have been written to: /home/hdm/ttttt/tracker_plus/build/armor_tracker
[1.560s] Invoked command in '/home/hdm/ttttt/tracker_plus/build/armor_tracker' returned '0': AMENT_PREFIX_PATH=/home/hdm/ttttt/tracker_plus/install/auto_aim_interfaces:${AMENT_PREFIX_PATH} CMAKE_PREFIX_PATH=/home/hdm/ttttt/tracker_plus/install/auto_aim_interfaces:/opt/ros/humble LD_LIBRARY_PATH=/home/hdm/ttttt/tracker_plus/install/auto_aim_interfaces/lib:${LD_LIBRARY_PATH} PYTHONPATH=/home/hdm/ttttt/tracker_plus/install/auto_aim_interfaces/local/lib/python3.10/dist-packages:${PYTHONPATH} /usr/bin/cmake /home/hdm/ttttt/tracker_plus/src/rm_auto_aim/armor_tracker -DAMENT_CMAKE_SYMLINK_INSTALL=1 -DCMAKE_INSTALL_PREFIX=/home/hdm/ttttt/tracker_plus/install/armor_tracker
[1.562s] Invoking command in '/home/hdm/ttttt/tracker_plus/build/armor_tracker': AMENT_PREFIX_PATH=/home/hdm/ttttt/tracker_plus/install/auto_aim_interfaces:${AMENT_PREFIX_PATH} CMAKE_PREFIX_PATH=/home/hdm/ttttt/tracker_plus/install/auto_aim_interfaces:/opt/ros/humble LD_LIBRARY_PATH=/home/hdm/ttttt/tracker_plus/install/auto_aim_interfaces/lib:${LD_LIBRARY_PATH} PYTHONPATH=/home/hdm/ttttt/tracker_plus/install/auto_aim_interfaces/local/lib/python3.10/dist-packages:${PYTHONPATH} /usr/bin/cmake --build /home/hdm/ttttt/tracker_plus/build/armor_tracker -- -j24 -l24
[1.616s] [ 16%] [32mBuilding CXX object CMakeFiles/armor_tracker.dir/src/extended_kalman_filter.cpp.o[0m
[1.616s] [ 33%] [32mBuilding CXX object CMakeFiles/armor_tracker.dir/src/tracker.cpp.o[0m
[1.622s] [ 50%] [32mBuilding CXX object CMakeFiles/armor_tracker.dir/src/tracker_node.cpp.o[0m
[1.623s] [ 66%] [32mBuilding CXX object CMakeFiles/armor_tracker_node.dir/rclcpp_components/node_main_armor_tracker_node.cpp.o[0m
[7.432s] [ 83%] [32m[1mLinking CXX executable armor_tracker_node[0m
[7.592s] [ 83%] Built target armor_tracker_node
[15.723s] [100%] [32m[1mLinking CXX shared library libarmor_tracker.so[0m
[16.449s] [100%] Built target armor_tracker
[16.460s] Invoked command in '/home/hdm/ttttt/tracker_plus/build/armor_tracker' returned '0': AMENT_PREFIX_PATH=/home/hdm/ttttt/tracker_plus/install/auto_aim_interfaces:${AMENT_PREFIX_PATH} CMAKE_PREFIX_PATH=/home/hdm/ttttt/tracker_plus/install/auto_aim_interfaces:/opt/ros/humble LD_LIBRARY_PATH=/home/hdm/ttttt/tracker_plus/install/auto_aim_interfaces/lib:${LD_LIBRARY_PATH} PYTHONPATH=/home/hdm/ttttt/tracker_plus/install/auto_aim_interfaces/local/lib/python3.10/dist-packages:${PYTHONPATH} /usr/bin/cmake --build /home/hdm/ttttt/tracker_plus/build/armor_tracker -- -j24 -l24
[16.462s] Invoking command in '/home/hdm/ttttt/tracker_plus/build/armor_tracker': AMENT_PREFIX_PATH=/home/hdm/ttttt/tracker_plus/install/auto_aim_interfaces:${AMENT_PREFIX_PATH} CMAKE_PREFIX_PATH=/home/hdm/ttttt/tracker_plus/install/auto_aim_interfaces:/opt/ros/humble LD_LIBRARY_PATH=/home/hdm/ttttt/tracker_plus/install/auto_aim_interfaces/lib:${LD_LIBRARY_PATH} PYTHONPATH=/home/hdm/ttttt/tracker_plus/install/auto_aim_interfaces/local/lib/python3.10/dist-packages:${PYTHONPATH} /usr/bin/cmake --install /home/hdm/ttttt/tracker_plus/build/armor_tracker
[16.469s] -- Install configuration: ""
[16.469s] -- Execute custom install script
[16.470s] -- Symlinking: /home/hdm/ttttt/tracker_plus/install/armor_tracker/lib/armor_tracker/armor_tracker_node
[16.482s] -- Symlinking: /home/hdm/ttttt/tracker_plus/install/armor_tracker/include/armor_tracker/extended_kalman_filter.hpp
[16.491s] -- Symlinking: /home/hdm/ttttt/tracker_plus/install/armor_tracker/include/armor_tracker/tracker.hpp
[16.499s] -- Symlinking: /home/hdm/ttttt/tracker_plus/install/armor_tracker/include/armor_tracker/tracker_node.hpp
[16.509s] -- Symlinking: /home/hdm/ttttt/tracker_plus/install/armor_tracker/share/armor_tracker/environment/library_path.sh
[16.517s] -- Symlinking: /home/hdm/ttttt/tracker_plus/install/armor_tracker/share/armor_tracker/environment/library_path.dsv
[16.526s] -- Symlinking: /home/hdm/ttttt/tracker_plus/install/armor_tracker/lib/libarmor_tracker.so
[16.535s] -- Symlinking: /home/hdm/ttttt/tracker_plus/install/armor_tracker/share/ament_index/resource_index/package_run_dependencies/armor_tracker
[16.543s] -- Symlinking: /home/hdm/ttttt/tracker_plus/install/armor_tracker/share/ament_index/resource_index/parent_prefix_path/armor_tracker
[16.554s] -- Symlinking: /home/hdm/ttttt/tracker_plus/install/armor_tracker/share/armor_tracker/environment/ament_prefix_path.sh
[16.561s] -- Symlinking: /home/hdm/ttttt/tracker_plus/install/armor_tracker/share/armor_tracker/environment/ament_prefix_path.dsv
[16.568s] -- Symlinking: /home/hdm/ttttt/tracker_plus/install/armor_tracker/share/armor_tracker/environment/path.sh
[16.577s] -- Symlinking: /home/hdm/ttttt/tracker_plus/install/armor_tracker/share/armor_tracker/environment/path.dsv
[16.587s] -- Symlinking: /home/hdm/ttttt/tracker_plus/install/armor_tracker/share/armor_tracker/local_setup.bash
[16.596s] -- Symlinking: /home/hdm/ttttt/tracker_plus/install/armor_tracker/share/armor_tracker/local_setup.sh
[16.604s] -- Symlinking: /home/hdm/ttttt/tracker_plus/install/armor_tracker/share/armor_tracker/local_setup.zsh
[16.611s] -- Symlinking: /home/hdm/ttttt/tracker_plus/install/armor_tracker/share/armor_tracker/local_setup.dsv
[16.618s] -- Symlinking: /home/hdm/ttttt/tracker_plus/install/armor_tracker/share/armor_tracker/package.dsv
[16.627s] -- Symlinking: /home/hdm/ttttt/tracker_plus/install/armor_tracker/share/ament_index/resource_index/packages/armor_tracker
[16.634s] -- Symlinking: /home/hdm/ttttt/tracker_plus/install/armor_tracker/share/ament_index/resource_index/rclcpp_components/armor_tracker
[16.641s] -- Symlinking: /home/hdm/ttttt/tracker_plus/install/armor_tracker/share/armor_tracker/cmake/ament_cmake_export_dependencies-extras.cmake
[16.649s] -- Symlinking: /home/hdm/ttttt/tracker_plus/install/armor_tracker/share/armor_tracker/cmake/ament_cmake_export_include_directories-extras.cmake
[16.657s] -- Symlinking: /home/hdm/ttttt/tracker_plus/install/armor_tracker/share/armor_tracker/cmake/ament_cmake_export_libraries-extras.cmake
[16.664s] -- Symlinking: /home/hdm/ttttt/tracker_plus/install/armor_tracker/share/armor_tracker/cmake/armor_trackerConfig.cmake
[16.674s] -- Symlinking: /home/hdm/ttttt/tracker_plus/install/armor_tracker/share/armor_tracker/cmake/armor_trackerConfig-version.cmake
[16.682s] -- Symlinking: /home/hdm/ttttt/tracker_plus/install/armor_tracker/share/armor_tracker/package.xml
[16.692s] Invoked command in '/home/hdm/ttttt/tracker_plus/build/armor_tracker' returned '0': AMENT_PREFIX_PATH=/home/hdm/ttttt/tracker_plus/install/auto_aim_interfaces:${AMENT_PREFIX_PATH} CMAKE_PREFIX_PATH=/home/hdm/ttttt/tracker_plus/install/auto_aim_interfaces:/opt/ros/humble LD_LIBRARY_PATH=/home/hdm/ttttt/tracker_plus/install/auto_aim_interfaces/lib:${LD_LIBRARY_PATH} PYTHONPATH=/home/hdm/ttttt/tracker_plus/install/auto_aim_interfaces/local/lib/python3.10/dist-packages:${PYTHONPATH} /usr/bin/cmake --install /home/hdm/ttttt/tracker_plus/build/armor_tracker
