[0.013s] Invoking command in '/home/hdm/ttttt/tracker_plus/build/rm_gimbal_description': CMAKE_PREFIX_PATH=/opt/ros/humble /usr/bin/cmake /home/hdm/ttttt/tracker_plus/src/rm_gimbal_description -DAMENT_CMAKE_SYMLINK_INSTALL=1 -DCMAKE_INSTALL_PREFIX=/home/hdm/ttttt/tracker_plus/install/rm_gimbal_description
[0.088s] -- The C compiler identification is GNU 11.4.0
[0.133s] -- The CXX compiler identification is GNU 11.4.0
[0.142s] -- Detecting C compiler ABI info
[0.209s] -- Detecting C compiler ABI info - done
[0.217s] -- Check for working C compiler: /usr/bin/cc - skipped
[0.218s] -- Detecting C compile features
[0.218s] -- Detecting C compile features - done
[0.221s] -- Detecting CXX compiler ABI info
[0.290s] -- Detecting CXX compiler ABI info - done
[0.296s] -- Check for working CXX compiler: /usr/bin/c++ - skipped
[0.297s] -- Detecting CXX compile features
[0.297s] -- Detecting CXX compile features - done
[0.300s] -- Found ament_cmake: 1.3.11 (/opt/ros/humble/share/ament_cmake/cmake)
[0.442s] -- Found Python3: /usr/bin/python3 (found version "3.10.12") found components: Interpreter 
[0.505s] -- Override CMake install command with custom implementation using symlinks instead of copying resources
[0.526s] -- Found ament_lint_auto: 0.12.11 (/opt/ros/humble/share/ament_lint_auto/cmake)
[0.600s] -- Added test 'lint_cmake' to check CMake code style
[0.601s] -- Added test 'xmllint' to check XML markup files
[0.603s] -- Configuring done
[0.606s] -- Generating done
[0.608s] -- Build files have been written to: /home/hdm/ttttt/tracker_plus/build/rm_gimbal_description
[0.613s] Invoked command in '/home/hdm/ttttt/tracker_plus/build/rm_gimbal_description' returned '0': CMAKE_PREFIX_PATH=/opt/ros/humble /usr/bin/cmake /home/hdm/ttttt/tracker_plus/src/rm_gimbal_description -DAMENT_CMAKE_SYMLINK_INSTALL=1 -DCMAKE_INSTALL_PREFIX=/home/hdm/ttttt/tracker_plus/install/rm_gimbal_description
[0.614s] Invoking command in '/home/hdm/ttttt/tracker_plus/build/rm_gimbal_description': CMAKE_PREFIX_PATH=/opt/ros/humble /usr/bin/cmake --build /home/hdm/ttttt/tracker_plus/build/rm_gimbal_description -- -j24 -l24
[0.652s] Invoked command in '/home/hdm/ttttt/tracker_plus/build/rm_gimbal_description' returned '0': CMAKE_PREFIX_PATH=/opt/ros/humble /usr/bin/cmake --build /home/hdm/ttttt/tracker_plus/build/rm_gimbal_description -- -j24 -l24
[0.662s] Invoking command in '/home/hdm/ttttt/tracker_plus/build/rm_gimbal_description': CMAKE_PREFIX_PATH=/opt/ros/humble /usr/bin/cmake --install /home/hdm/ttttt/tracker_plus/build/rm_gimbal_description
[0.668s] -- Install configuration: ""
[0.669s] -- Execute custom install script
[0.669s] -- Symlinking: /home/hdm/ttttt/tracker_plus/install/rm_gimbal_description/share/rm_gimbal_description/urdf/rm_gimbal.urdf.xacro
[0.676s] -- Symlinking: /home/hdm/ttttt/tracker_plus/install/rm_gimbal_description/share/ament_index/resource_index/package_run_dependencies/rm_gimbal_description
[0.685s] -- Symlinking: /home/hdm/ttttt/tracker_plus/install/rm_gimbal_description/share/ament_index/resource_index/parent_prefix_path/rm_gimbal_description
[0.692s] -- Symlinking: /home/hdm/ttttt/tracker_plus/install/rm_gimbal_description/share/rm_gimbal_description/environment/ament_prefix_path.sh
[0.699s] -- Symlinking: /home/hdm/ttttt/tracker_plus/install/rm_gimbal_description/share/rm_gimbal_description/environment/ament_prefix_path.dsv
[0.707s] -- Symlinking: /home/hdm/ttttt/tracker_plus/install/rm_gimbal_description/share/rm_gimbal_description/environment/path.sh
[0.714s] -- Symlinking: /home/hdm/ttttt/tracker_plus/install/rm_gimbal_description/share/rm_gimbal_description/environment/path.dsv
[0.721s] -- Symlinking: /home/hdm/ttttt/tracker_plus/install/rm_gimbal_description/share/rm_gimbal_description/local_setup.bash
[0.730s] -- Symlinking: /home/hdm/ttttt/tracker_plus/install/rm_gimbal_description/share/rm_gimbal_description/local_setup.sh
[0.739s] -- Symlinking: /home/hdm/ttttt/tracker_plus/install/rm_gimbal_description/share/rm_gimbal_description/local_setup.zsh
[0.747s] -- Symlinking: /home/hdm/ttttt/tracker_plus/install/rm_gimbal_description/share/rm_gimbal_description/local_setup.dsv
[0.757s] -- Symlinking: /home/hdm/ttttt/tracker_plus/install/rm_gimbal_description/share/rm_gimbal_description/package.dsv
[0.764s] -- Symlinking: /home/hdm/ttttt/tracker_plus/install/rm_gimbal_description/share/ament_index/resource_index/packages/rm_gimbal_description
[0.772s] -- Symlinking: /home/hdm/ttttt/tracker_plus/install/rm_gimbal_description/share/rm_gimbal_description/cmake/rm_gimbal_descriptionConfig.cmake
[0.780s] -- Symlinking: /home/hdm/ttttt/tracker_plus/install/rm_gimbal_description/share/rm_gimbal_description/cmake/rm_gimbal_descriptionConfig-version.cmake
[0.788s] -- Symlinking: /home/hdm/ttttt/tracker_plus/install/rm_gimbal_description/share/rm_gimbal_description/package.xml
[0.797s] Invoked command in '/home/hdm/ttttt/tracker_plus/build/rm_gimbal_description' returned '0': CMAKE_PREFIX_PATH=/opt/ros/humble /usr/bin/cmake --install /home/hdm/ttttt/tracker_plus/build/rm_gimbal_description
