[0.016s] Invoking command in '/home/hdm/ttttt/tracker_plus/build/rm_gimbal_description': CMAKE_PREFIX_PATH=${CMAKE_PREFIX_PATH}:/opt/ros/humble /usr/bin/cmake --build /home/hdm/ttttt/tracker_plus/build/rm_gimbal_description -- -j24 -l24
[0.061s] Invoked command in '/home/hdm/ttttt/tracker_plus/build/rm_gimbal_description' returned '0': CMAKE_PREFIX_PATH=${CMAKE_PREFIX_PATH}:/opt/ros/humble /usr/bin/cmake --build /home/hdm/ttttt/tracker_plus/build/rm_gimbal_description -- -j24 -l24
[0.072s] Invoking command in '/home/hdm/ttttt/tracker_plus/build/rm_gimbal_description': CMAKE_PREFIX_PATH=${CMAKE_PREFIX_PATH}:/opt/ros/humble /usr/bin/cmake --install /home/hdm/ttttt/tracker_plus/build/rm_gimbal_description
[0.083s] -- Install configuration: ""
[0.084s] -- Execute custom install script
[0.085s] -- Up-to-date symlink: /home/hdm/ttttt/tracker_plus/install/rm_gimbal_description/share/rm_gimbal_description/urdf/rm_gimbal.urdf.xacro
[0.086s] -- Up-to-date symlink: /home/hdm/ttttt/tracker_plus/install/rm_gimbal_description/share/ament_index/resource_index/package_run_dependencies/rm_gimbal_description
[0.086s] -- Up-to-date symlink: /home/hdm/ttttt/tracker_plus/install/rm_gimbal_description/share/ament_index/resource_index/parent_prefix_path/rm_gimbal_description
[0.086s] -- Up-to-date symlink: /home/hdm/ttttt/tracker_plus/install/rm_gimbal_description/share/rm_gimbal_description/environment/ament_prefix_path.sh
[0.088s] -- Up-to-date symlink: /home/hdm/ttttt/tracker_plus/install/rm_gimbal_description/share/rm_gimbal_description/environment/ament_prefix_path.dsv
[0.088s] -- Up-to-date symlink: /home/hdm/ttttt/tracker_plus/install/rm_gimbal_description/share/rm_gimbal_description/environment/path.sh
[0.089s] -- Up-to-date symlink: /home/hdm/ttttt/tracker_plus/install/rm_gimbal_description/share/rm_gimbal_description/environment/path.dsv
[0.090s] -- Up-to-date symlink: /home/hdm/ttttt/tracker_plus/install/rm_gimbal_description/share/rm_gimbal_description/local_setup.bash
[0.090s] -- Up-to-date symlink: /home/hdm/ttttt/tracker_plus/install/rm_gimbal_description/share/rm_gimbal_description/local_setup.sh
[0.090s] -- Up-to-date symlink: /home/hdm/ttttt/tracker_plus/install/rm_gimbal_description/share/rm_gimbal_description/local_setup.zsh
[0.090s] -- Up-to-date symlink: /home/hdm/ttttt/tracker_plus/install/rm_gimbal_description/share/rm_gimbal_description/local_setup.dsv
[0.090s] -- Symlinking: /home/hdm/ttttt/tracker_plus/install/rm_gimbal_description/share/rm_gimbal_description/package.dsv
[0.096s] -- Up-to-date symlink: /home/hdm/ttttt/tracker_plus/install/rm_gimbal_description/share/ament_index/resource_index/packages/rm_gimbal_description
[0.097s] -- Up-to-date symlink: /home/hdm/ttttt/tracker_plus/install/rm_gimbal_description/share/rm_gimbal_description/cmake/rm_gimbal_descriptionConfig.cmake
[0.097s] -- Up-to-date symlink: /home/hdm/ttttt/tracker_plus/install/rm_gimbal_description/share/rm_gimbal_description/cmake/rm_gimbal_descriptionConfig-version.cmake
[0.097s] -- Up-to-date symlink: /home/hdm/ttttt/tracker_plus/install/rm_gimbal_description/share/rm_gimbal_description/package.xml
[0.100s] Invoked command in '/home/hdm/ttttt/tracker_plus/build/rm_gimbal_description' returned '0': CMAKE_PREFIX_PATH=${CMAKE_PREFIX_PATH}:/opt/ros/humble /usr/bin/cmake --install /home/hdm/ttttt/tracker_plus/build/rm_gimbal_description
