[0.017s] Invoking command in '/home/hdm/ttttt/tracker_plus/build/rm_serial_driver': AMENT_PREFIX_PATH=/home/hdm/ttttt/tracker_plus/install/buff_interfaces:/home/hdm/ttttt/tracker_plus/install/auto_aim_interfaces:${AMENT_PREFIX_PATH} CMAKE_PREFIX_PATH=/home/hdm/ttttt/tracker_plus/install/buff_interfaces:/home/hdm/ttttt/tracker_plus/install/auto_aim_interfaces:/opt/ros/humble LD_LIBRARY_PATH=/home/hdm/ttttt/tracker_plus/install/buff_interfaces/lib:/home/hdm/ttttt/tracker_plus/install/auto_aim_interfaces/lib:${LD_LIBRARY_PATH} PYTHONPATH=/home/hdm/ttttt/tracker_plus/install/buff_interfaces/local/lib/python3.10/dist-packages:/home/hdm/ttttt/tracker_plus/install/auto_aim_interfaces/local/lib/python3.10/dist-packages:${PYTHONPATH} /usr/bin/cmake /home/hdm/ttttt/tracker_plus/src/rm_serial_driver -DAMENT_CMAKE_SYMLINK_INSTALL=1 -DCMAKE_INSTALL_PREFIX=/home/hdm/ttttt/tracker_plus/install/rm_serial_driver
[0.068s] -- The C compiler identification is GNU 11.4.0
[0.127s] -- The CXX compiler identification is GNU 11.4.0
[0.135s] -- Detecting C compiler ABI info
[0.219s] -- Detecting C compiler ABI info - done
[0.230s] -- Check for working C compiler: /usr/bin/cc - skipped
[0.230s] -- Detecting C compile features
[0.231s] -- Detecting C compile features - done
[0.234s] -- Detecting CXX compiler ABI info
[0.319s] -- Detecting CXX compiler ABI info - done
[0.326s] -- Check for working CXX compiler: /usr/bin/c++ - skipped
[0.326s] -- Detecting CXX compile features
[0.327s] -- Detecting CXX compile features - done
[0.328s] -- Found ament_cmake_auto: 1.3.11 (/opt/ros/humble/share/ament_cmake_auto/cmake)
[0.527s] -- Found Python3: /usr/bin/python3 (found version "3.10.12") found components: Interpreter 
[0.592s] -- Override CMake install command with custom implementation using symlinks instead of copying resources
[0.742s] -- Found rosidl_generator_c: 3.1.6 (/opt/ros/humble/share/rosidl_generator_c/cmake)
[0.746s] -- Found rosidl_adapter: 3.1.6 (/opt/ros/humble/share/rosidl_adapter/cmake)
[0.753s] -- Found rosidl_generator_cpp: 3.1.6 (/opt/ros/humble/share/rosidl_generator_cpp/cmake)
[0.764s] -- Using all available rosidl_typesupport_c: rosidl_typesupport_fastrtps_c;rosidl_typesupport_introspection_c
[0.778s] -- Using all available rosidl_typesupport_cpp: rosidl_typesupport_fastrtps_cpp;rosidl_typesupport_introspection_cpp
[0.817s] -- Found rmw_implementation_cmake: 6.1.2 (/opt/ros/humble/share/rmw_implementation_cmake/cmake)
[0.819s] -- Found rmw_fastrtps_cpp: 6.2.7 (/opt/ros/humble/share/rmw_fastrtps_cpp/cmake)
[0.912s] -- Found OpenSSL: /usr/lib/x86_64-linux-gnu/libcrypto.so (found version "3.0.2")  
[0.939s] -- Found FastRTPS: /opt/ros/humble/include  
[0.983s] -- Using RMW implementation 'rmw_fastrtps_cpp' as default
[0.996s] -- Looking for pthread.h
[1.084s] -- Looking for pthread.h - found
[1.085s] -- Performing Test CMAKE_HAVE_LIBC_PTHREAD
[1.158s] -- Performing Test CMAKE_HAVE_LIBC_PTHREAD - Success
[1.159s] -- Found Threads: TRUE  
[1.268s] -- Found asio_cmake_module: 1.2.0 (/opt/ros/humble/share/asio_cmake_module/cmake)
[1.270s] -- Found ASIO: /usr/include  
[1.460s] -- Found eigen3_cmake_module: 0.1.1 (/opt/ros/humble/share/eigen3_cmake_module/cmake)
[1.462s] -- Found Eigen3: TRUE (found version "3.3.7") 
[1.462s] -- Ensuring Eigen3 include directory is part of orocos-kdl CMake target
[1.556s] -- Found ament_lint_auto: 0.12.11 (/opt/ros/humble/share/ament_lint_auto/cmake)
[1.580s] -- Added test 'cppcheck' to perform static code analysis on C / C++ code
[1.580s] -- Configured cppcheck include dirs: /home/hdm/ttttt/tracker_plus/src/rm_serial_driver/include
[1.580s] -- Configured cppcheck exclude dirs and/or files: 
[1.581s] -- Added test 'cpplint' to check C / C++ code against the Google style
[1.581s] -- Configured cpplint exclude dirs and/or files: 
[1.582s] -- Added test 'flake8' to check Python code syntax and style conventions
[1.582s] -- Added test 'lint_cmake' to check CMake code style
[1.583s] -- Added test 'pep257' to check Python code against some of the docstring style conventions in PEP 257
[1.583s] -- Added test 'xmllint' to check XML markup files
[1.584s] -- Added test 'clang_format' to check C / C++ code style
[1.588s] -- Configuring done
[1.623s] -- Generating done
[1.633s] -- Build files have been written to: /home/hdm/ttttt/tracker_plus/build/rm_serial_driver
[1.648s] Invoked command in '/home/hdm/ttttt/tracker_plus/build/rm_serial_driver' returned '0': AMENT_PREFIX_PATH=/home/hdm/ttttt/tracker_plus/install/buff_interfaces:/home/hdm/ttttt/tracker_plus/install/auto_aim_interfaces:${AMENT_PREFIX_PATH} CMAKE_PREFIX_PATH=/home/hdm/ttttt/tracker_plus/install/buff_interfaces:/home/hdm/ttttt/tracker_plus/install/auto_aim_interfaces:/opt/ros/humble LD_LIBRARY_PATH=/home/hdm/ttttt/tracker_plus/install/buff_interfaces/lib:/home/hdm/ttttt/tracker_plus/install/auto_aim_interfaces/lib:${LD_LIBRARY_PATH} PYTHONPATH=/home/hdm/ttttt/tracker_plus/install/buff_interfaces/local/lib/python3.10/dist-packages:/home/hdm/ttttt/tracker_plus/install/auto_aim_interfaces/local/lib/python3.10/dist-packages:${PYTHONPATH} /usr/bin/cmake /home/hdm/ttttt/tracker_plus/src/rm_serial_driver -DAMENT_CMAKE_SYMLINK_INSTALL=1 -DCMAKE_INSTALL_PREFIX=/home/hdm/ttttt/tracker_plus/install/rm_serial_driver
[1.651s] Invoking command in '/home/hdm/ttttt/tracker_plus/build/rm_serial_driver': AMENT_PREFIX_PATH=/home/hdm/ttttt/tracker_plus/install/buff_interfaces:/home/hdm/ttttt/tracker_plus/install/auto_aim_interfaces:${AMENT_PREFIX_PATH} CMAKE_PREFIX_PATH=/home/hdm/ttttt/tracker_plus/install/buff_interfaces:/home/hdm/ttttt/tracker_plus/install/auto_aim_interfaces:/opt/ros/humble LD_LIBRARY_PATH=/home/hdm/ttttt/tracker_plus/install/buff_interfaces/lib:/home/hdm/ttttt/tracker_plus/install/auto_aim_interfaces/lib:${LD_LIBRARY_PATH} PYTHONPATH=/home/hdm/ttttt/tracker_plus/install/buff_interfaces/local/lib/python3.10/dist-packages:/home/hdm/ttttt/tracker_plus/install/auto_aim_interfaces/local/lib/python3.10/dist-packages:${PYTHONPATH} /usr/bin/cmake --build /home/hdm/ttttt/tracker_plus/build/rm_serial_driver -- -j24 -l24
[1.720s] [ 20%] [32mBuilding CXX object CMakeFiles/rm_serial_driver_node.dir/rclcpp_components/node_main_rm_serial_driver_node.cpp.o[0m
[1.720s] [ 40%] [32mBuilding CXX object CMakeFiles/rm_serial_driver.dir/src/rm_serial_driver.cpp.o[0m
[1.720s] [ 60%] [32mBuilding CXX object CMakeFiles/rm_serial_driver.dir/src/crc.cpp.o[0m
[7.406s] [ 80%] [32m[1mLinking CXX executable rm_serial_driver_node[0m
[7.543s] [ 80%] Built target rm_serial_driver_node
[25.210s] [100%] [32m[1mLinking CXX shared library librm_serial_driver.so[0m
[26.408s] [100%] Built target rm_serial_driver
[26.418s] Invoked command in '/home/hdm/ttttt/tracker_plus/build/rm_serial_driver' returned '0': AMENT_PREFIX_PATH=/home/hdm/ttttt/tracker_plus/install/buff_interfaces:/home/hdm/ttttt/tracker_plus/install/auto_aim_interfaces:${AMENT_PREFIX_PATH} CMAKE_PREFIX_PATH=/home/hdm/ttttt/tracker_plus/install/buff_interfaces:/home/hdm/ttttt/tracker_plus/install/auto_aim_interfaces:/opt/ros/humble LD_LIBRARY_PATH=/home/hdm/ttttt/tracker_plus/install/buff_interfaces/lib:/home/hdm/ttttt/tracker_plus/install/auto_aim_interfaces/lib:${LD_LIBRARY_PATH} PYTHONPATH=/home/hdm/ttttt/tracker_plus/install/buff_interfaces/local/lib/python3.10/dist-packages:/home/hdm/ttttt/tracker_plus/install/auto_aim_interfaces/local/lib/python3.10/dist-packages:${PYTHONPATH} /usr/bin/cmake --build /home/hdm/ttttt/tracker_plus/build/rm_serial_driver -- -j24 -l24
[26.418s] Invoking command in '/home/hdm/ttttt/tracker_plus/build/rm_serial_driver': AMENT_PREFIX_PATH=/home/hdm/ttttt/tracker_plus/install/buff_interfaces:/home/hdm/ttttt/tracker_plus/install/auto_aim_interfaces:${AMENT_PREFIX_PATH} CMAKE_PREFIX_PATH=/home/hdm/ttttt/tracker_plus/install/buff_interfaces:/home/hdm/ttttt/tracker_plus/install/auto_aim_interfaces:/opt/ros/humble LD_LIBRARY_PATH=/home/hdm/ttttt/tracker_plus/install/buff_interfaces/lib:/home/hdm/ttttt/tracker_plus/install/auto_aim_interfaces/lib:${LD_LIBRARY_PATH} PYTHONPATH=/home/hdm/ttttt/tracker_plus/install/buff_interfaces/local/lib/python3.10/dist-packages:/home/hdm/ttttt/tracker_plus/install/auto_aim_interfaces/local/lib/python3.10/dist-packages:${PYTHONPATH} /usr/bin/cmake --install /home/hdm/ttttt/tracker_plus/build/rm_serial_driver
[26.424s] -- Install configuration: ""
[26.424s] -- Execute custom install script
[26.424s] -- Symlinking: /home/hdm/ttttt/tracker_plus/install/rm_serial_driver/lib/rm_serial_driver/rm_serial_driver_node
[26.431s] -- Symlinking: /home/hdm/ttttt/tracker_plus/install/rm_serial_driver/include/rm_serial_driver/crc.hpp
[26.436s] -- Symlinking: /home/hdm/ttttt/tracker_plus/install/rm_serial_driver/include/rm_serial_driver/packet.hpp
[26.443s] -- Symlinking: /home/hdm/ttttt/tracker_plus/install/rm_serial_driver/include/rm_serial_driver/rm_serial_driver.hpp
[26.449s] -- Symlinking: /home/hdm/ttttt/tracker_plus/install/rm_serial_driver/share/rm_serial_driver/environment/library_path.sh
[26.454s] -- Symlinking: /home/hdm/ttttt/tracker_plus/install/rm_serial_driver/share/rm_serial_driver/environment/library_path.dsv
[26.460s] -- Symlinking: /home/hdm/ttttt/tracker_plus/install/rm_serial_driver/lib/librm_serial_driver.so
[26.467s] -- Symlinking: /home/hdm/ttttt/tracker_plus/install/rm_serial_driver/share/rm_serial_driver/config/serial_driver.yaml
[26.472s] -- Symlinking: /home/hdm/ttttt/tracker_plus/install/rm_serial_driver/share/rm_serial_driver/launch/serial_driver.launch.py
[26.478s] -- Symlinking: /home/hdm/ttttt/tracker_plus/install/rm_serial_driver/share/ament_index/resource_index/package_run_dependencies/rm_serial_driver
[26.482s] -- Symlinking: /home/hdm/ttttt/tracker_plus/install/rm_serial_driver/share/ament_index/resource_index/parent_prefix_path/rm_serial_driver
[26.487s] -- Symlinking: /home/hdm/ttttt/tracker_plus/install/rm_serial_driver/share/rm_serial_driver/environment/ament_prefix_path.sh
[26.493s] -- Symlinking: /home/hdm/ttttt/tracker_plus/install/rm_serial_driver/share/rm_serial_driver/environment/ament_prefix_path.dsv
[26.497s] -- Symlinking: /home/hdm/ttttt/tracker_plus/install/rm_serial_driver/share/rm_serial_driver/environment/path.sh
[26.502s] -- Symlinking: /home/hdm/ttttt/tracker_plus/install/rm_serial_driver/share/rm_serial_driver/environment/path.dsv
[26.507s] -- Symlinking: /home/hdm/ttttt/tracker_plus/install/rm_serial_driver/share/rm_serial_driver/local_setup.bash
[26.512s] -- Symlinking: /home/hdm/ttttt/tracker_plus/install/rm_serial_driver/share/rm_serial_driver/local_setup.sh
[26.518s] -- Symlinking: /home/hdm/ttttt/tracker_plus/install/rm_serial_driver/share/rm_serial_driver/local_setup.zsh
[26.523s] -- Symlinking: /home/hdm/ttttt/tracker_plus/install/rm_serial_driver/share/rm_serial_driver/local_setup.dsv
[26.528s] -- Symlinking: /home/hdm/ttttt/tracker_plus/install/rm_serial_driver/share/rm_serial_driver/package.dsv
[26.534s] -- Symlinking: /home/hdm/ttttt/tracker_plus/install/rm_serial_driver/share/ament_index/resource_index/packages/rm_serial_driver
[26.539s] -- Symlinking: /home/hdm/ttttt/tracker_plus/install/rm_serial_driver/share/ament_index/resource_index/rclcpp_components/rm_serial_driver
[26.543s] -- Symlinking: /home/hdm/ttttt/tracker_plus/install/rm_serial_driver/share/rm_serial_driver/cmake/ament_cmake_export_dependencies-extras.cmake
[26.550s] -- Symlinking: /home/hdm/ttttt/tracker_plus/install/rm_serial_driver/share/rm_serial_driver/cmake/ament_cmake_export_include_directories-extras.cmake
[26.555s] -- Symlinking: /home/hdm/ttttt/tracker_plus/install/rm_serial_driver/share/rm_serial_driver/cmake/ament_cmake_export_libraries-extras.cmake
[26.560s] -- Symlinking: /home/hdm/ttttt/tracker_plus/install/rm_serial_driver/share/rm_serial_driver/cmake/rm_serial_driverConfig.cmake
[26.566s] -- Symlinking: /home/hdm/ttttt/tracker_plus/install/rm_serial_driver/share/rm_serial_driver/cmake/rm_serial_driverConfig-version.cmake
[26.572s] -- Symlinking: /home/hdm/ttttt/tracker_plus/install/rm_serial_driver/share/rm_serial_driver/package.xml
[26.581s] Invoked command in '/home/hdm/ttttt/tracker_plus/build/rm_serial_driver' returned '0': AMENT_PREFIX_PATH=/home/hdm/ttttt/tracker_plus/install/buff_interfaces:/home/hdm/ttttt/tracker_plus/install/auto_aim_interfaces:${AMENT_PREFIX_PATH} CMAKE_PREFIX_PATH=/home/hdm/ttttt/tracker_plus/install/buff_interfaces:/home/hdm/ttttt/tracker_plus/install/auto_aim_interfaces:/opt/ros/humble LD_LIBRARY_PATH=/home/hdm/ttttt/tracker_plus/install/buff_interfaces/lib:/home/hdm/ttttt/tracker_plus/install/auto_aim_interfaces/lib:${LD_LIBRARY_PATH} PYTHONPATH=/home/hdm/ttttt/tracker_plus/install/buff_interfaces/local/lib/python3.10/dist-packages:/home/hdm/ttttt/tracker_plus/install/auto_aim_interfaces/local/lib/python3.10/dist-packages:${PYTHONPATH} /usr/bin/cmake --install /home/hdm/ttttt/tracker_plus/build/rm_serial_driver
