[0.019s] Invoking command in '/home/hdm/ttttt/tracker_plus/build/rm_auto_record': CMAKE_PREFIX_PATH=${CMAKE_PREFIX_PATH}:/opt/ros/humble /usr/bin/cmake --build /home/hdm/ttttt/tracker_plus/build/rm_auto_record -- -j24 -l24
[0.068s] [ 40%] Built target rm_auto_record_node
[0.069s] [100%] Built target rm_auto_record
[0.085s] Invoked command in '/home/hdm/ttttt/tracker_plus/build/rm_auto_record' returned '0': CMAKE_PREFIX_PATH=${CMAKE_PREFIX_PATH}:/opt/ros/humble /usr/bin/cmake --build /home/hdm/ttttt/tracker_plus/build/rm_auto_record -- -j24 -l24
[0.087s] Invoking command in '/home/hdm/ttttt/tracker_plus/build/rm_auto_record': CMAKE_PREFIX_PATH=${CMAKE_PREFIX_PATH}:/opt/ros/humble /usr/bin/cmake --install /home/hdm/ttttt/tracker_plus/build/rm_auto_record
[0.099s] -- Install configuration: ""
[0.100s] -- Execute custom install script
[0.100s] -- Up-to-date symlink: /home/hdm/ttttt/tracker_plus/install/rm_auto_record/lib/rm_auto_record/rm_auto_record_node
[0.100s] -- Up-to-date symlink: /home/hdm/ttttt/tracker_plus/install/rm_auto_record/include/rm_auto_record/record.hpp
[0.101s] -- Up-to-date symlink: /home/hdm/ttttt/tracker_plus/install/rm_auto_record/include/rm_auto_record/record_node.hpp
[0.101s] -- Up-to-date symlink: /home/hdm/ttttt/tracker_plus/install/rm_auto_record/share/rm_auto_record/environment/library_path.sh
[0.101s] -- Up-to-date symlink: /home/hdm/ttttt/tracker_plus/install/rm_auto_record/share/rm_auto_record/environment/library_path.dsv
[0.102s] -- Up-to-date symlink: /home/hdm/ttttt/tracker_plus/install/rm_auto_record/lib/librm_auto_record.so
[0.102s] -- Up-to-date symlink: /home/hdm/ttttt/tracker_plus/install/rm_auto_record/share/ament_index/resource_index/package_run_dependencies/rm_auto_record
[0.102s] -- Up-to-date symlink: /home/hdm/ttttt/tracker_plus/install/rm_auto_record/share/ament_index/resource_index/parent_prefix_path/rm_auto_record
[0.103s] -- Up-to-date symlink: /home/hdm/ttttt/tracker_plus/install/rm_auto_record/share/rm_auto_record/environment/ament_prefix_path.sh
[0.104s] -- Up-to-date symlink: /home/hdm/ttttt/tracker_plus/install/rm_auto_record/share/rm_auto_record/environment/ament_prefix_path.dsv
[0.104s] -- Up-to-date symlink: /home/hdm/ttttt/tracker_plus/install/rm_auto_record/share/rm_auto_record/environment/path.sh
[0.104s] -- Up-to-date symlink: /home/hdm/ttttt/tracker_plus/install/rm_auto_record/share/rm_auto_record/environment/path.dsv
[0.104s] -- Up-to-date symlink: /home/hdm/ttttt/tracker_plus/install/rm_auto_record/share/rm_auto_record/local_setup.bash
[0.104s] -- Up-to-date symlink: /home/hdm/ttttt/tracker_plus/install/rm_auto_record/share/rm_auto_record/local_setup.sh
[0.105s] -- Up-to-date symlink: /home/hdm/ttttt/tracker_plus/install/rm_auto_record/share/rm_auto_record/local_setup.zsh
[0.105s] -- Up-to-date symlink: /home/hdm/ttttt/tracker_plus/install/rm_auto_record/share/rm_auto_record/local_setup.dsv
[0.105s] -- Symlinking: /home/hdm/ttttt/tracker_plus/install/rm_auto_record/share/rm_auto_record/package.dsv
[0.107s] -- Up-to-date symlink: /home/hdm/ttttt/tracker_plus/install/rm_auto_record/share/ament_index/resource_index/packages/rm_auto_record
[0.107s] -- Up-to-date symlink: /home/hdm/ttttt/tracker_plus/install/rm_auto_record/share/ament_index/resource_index/rclcpp_components/rm_auto_record
[0.107s] -- Up-to-date symlink: /home/hdm/ttttt/tracker_plus/install/rm_auto_record/share/rm_auto_record/cmake/ament_cmake_export_dependencies-extras.cmake
[0.107s] -- Up-to-date symlink: /home/hdm/ttttt/tracker_plus/install/rm_auto_record/share/rm_auto_record/cmake/ament_cmake_export_include_directories-extras.cmake
[0.107s] -- Up-to-date symlink: /home/hdm/ttttt/tracker_plus/install/rm_auto_record/share/rm_auto_record/cmake/ament_cmake_export_libraries-extras.cmake
[0.107s] -- Up-to-date symlink: /home/hdm/ttttt/tracker_plus/install/rm_auto_record/share/rm_auto_record/cmake/rm_auto_recordConfig.cmake
[0.107s] -- Up-to-date symlink: /home/hdm/ttttt/tracker_plus/install/rm_auto_record/share/rm_auto_record/cmake/rm_auto_recordConfig-version.cmake
[0.107s] -- Up-to-date symlink: /home/hdm/ttttt/tracker_plus/install/rm_auto_record/share/rm_auto_record/package.xml
[0.121s] Invoked command in '/home/hdm/ttttt/tracker_plus/build/rm_auto_record' returned '0': CMAKE_PREFIX_PATH=${CMAKE_PREFIX_PATH}:/opt/ros/humble /usr/bin/cmake --install /home/hdm/ttttt/tracker_plus/build/rm_auto_record
