[0.008s] Invoking command in '/home/hdm/ttttt/tracker_plus/build/buff_executor': AMENT_PREFIX_PATH=/home/hdm/ttttt/tracker_plus/install/buff_interfaces:${AMENT_PREFIX_PATH} CMAKE_PREFIX_PATH=/home/hdm/ttttt/tracker_plus/install/buff_interfaces:/opt/ros/humble LD_LIBRARY_PATH=/home/hdm/ttttt/tracker_plus/install/buff_interfaces/lib:${LD_LIBRARY_PATH} PYTHONPATH=/home/hdm/ttttt/tracker_plus/install/buff_interfaces/local/lib/python3.10/dist-packages:${PYTHONPATH} /usr/bin/cmake /home/hdm/ttttt/tracker_plus/src/rm_buff/buff_executor -DAMENT_CMAKE_SYMLINK_INSTALL=1 -DCMAKE_INSTALL_PREFIX=/home/hdm/ttttt/tracker_plus/install/buff_executor
[0.061s] -- The C compiler identification is GNU 11.4.0
[0.107s] -- The CXX compiler identification is GNU 11.4.0
[0.112s] -- Detecting C compiler ABI info
[0.171s] -- Detecting C compiler ABI info - done
[0.177s] -- Check for working C compiler: /usr/bin/cc - skipped
[0.177s] -- Detecting C compile features
[0.178s] -- Detecting C compile features - done
[0.180s] -- Detecting CXX compiler ABI info
[0.248s] -- Detecting CXX compiler ABI info - done
[0.255s] -- Check for working CXX compiler: /usr/bin/c++ - skipped
[0.255s] -- Detecting CXX compile features
[0.255s] -- Detecting CXX compile features - done
[0.257s] -- Found ament_cmake_auto: 1.3.11 (/opt/ros/humble/share/ament_cmake_auto/cmake)
[0.380s] -- Found Python3: /usr/bin/python3 (found version "3.10.12") found components: Interpreter 
[0.426s] -- Override CMake install command with custom implementation using symlinks instead of copying resources
[0.522s] -- Found rosidl_generator_c: 3.1.6 (/opt/ros/humble/share/rosidl_generator_c/cmake)
[0.526s] -- Found rosidl_adapter: 3.1.6 (/opt/ros/humble/share/rosidl_adapter/cmake)
[0.532s] -- Found rosidl_generator_cpp: 3.1.6 (/opt/ros/humble/share/rosidl_generator_cpp/cmake)
[0.540s] -- Using all available rosidl_typesupport_c: rosidl_typesupport_fastrtps_c;rosidl_typesupport_introspection_c
[0.551s] -- Using all available rosidl_typesupport_cpp: rosidl_typesupport_fastrtps_cpp;rosidl_typesupport_introspection_cpp
[0.583s] -- Found rmw_implementation_cmake: 6.1.2 (/opt/ros/humble/share/rmw_implementation_cmake/cmake)
[0.586s] -- Found rmw_fastrtps_cpp: 6.2.7 (/opt/ros/humble/share/rmw_fastrtps_cpp/cmake)
[0.666s] -- Found OpenSSL: /usr/lib/x86_64-linux-gnu/libcrypto.so (found version "3.0.2")  
[0.692s] -- Found FastRTPS: /opt/ros/humble/include  
[0.727s] -- Using RMW implementation 'rmw_fastrtps_cpp' as default
[0.734s] -- Looking for pthread.h
[0.796s] -- Looking for pthread.h - found
[0.796s] -- Performing Test CMAKE_HAVE_LIBC_PTHREAD
[0.859s] -- Performing Test CMAKE_HAVE_LIBC_PTHREAD - Success
[0.860s] -- Found Threads: TRUE  
[0.986s] -- Found eigen3_cmake_module: 0.1.1 (/opt/ros/humble/share/eigen3_cmake_module/cmake)
[0.987s] -- Found Eigen3: TRUE (found version "3.3.7") 
[0.987s] -- Ensuring Eigen3 include directory is part of orocos-kdl CMake target
[1.064s] -- Found ament_lint_auto: 0.12.11 (/opt/ros/humble/share/ament_lint_auto/cmake)
[1.084s] -- Added test 'cppcheck' to perform static code analysis on C / C++ code
[1.084s] -- Configured cppcheck include dirs: /home/hdm/ttttt/tracker_plus/src/rm_buff/buff_executor/include
[1.084s] -- Configured cppcheck exclude dirs and/or files: 
[1.084s] -- Added test 'lint_cmake' to check CMake code style
[1.085s] -- Added test 'xmllint' to check XML markup files
[1.086s] -- Added test 'clang_format' to check C / C++ code style
[1.088s] -- Configuring done
[1.101s] -- Generating done
[1.105s] -- Build files have been written to: /home/hdm/ttttt/tracker_plus/build/buff_executor
[1.115s] Invoked command in '/home/hdm/ttttt/tracker_plus/build/buff_executor' returned '0': AMENT_PREFIX_PATH=/home/hdm/ttttt/tracker_plus/install/buff_interfaces:${AMENT_PREFIX_PATH} CMAKE_PREFIX_PATH=/home/hdm/ttttt/tracker_plus/install/buff_interfaces:/opt/ros/humble LD_LIBRARY_PATH=/home/hdm/ttttt/tracker_plus/install/buff_interfaces/lib:${LD_LIBRARY_PATH} PYTHONPATH=/home/hdm/ttttt/tracker_plus/install/buff_interfaces/local/lib/python3.10/dist-packages:${PYTHONPATH} /usr/bin/cmake /home/hdm/ttttt/tracker_plus/src/rm_buff/buff_executor -DAMENT_CMAKE_SYMLINK_INSTALL=1 -DCMAKE_INSTALL_PREFIX=/home/hdm/ttttt/tracker_plus/install/buff_executor
[1.116s] Invoking command in '/home/hdm/ttttt/tracker_plus/build/buff_executor': AMENT_PREFIX_PATH=/home/hdm/ttttt/tracker_plus/install/buff_interfaces:${AMENT_PREFIX_PATH} CMAKE_PREFIX_PATH=/home/hdm/ttttt/tracker_plus/install/buff_interfaces:/opt/ros/humble LD_LIBRARY_PATH=/home/hdm/ttttt/tracker_plus/install/buff_interfaces/lib:${LD_LIBRARY_PATH} PYTHONPATH=/home/hdm/ttttt/tracker_plus/install/buff_interfaces/local/lib/python3.10/dist-packages:${PYTHONPATH} /usr/bin/cmake --build /home/hdm/ttttt/tracker_plus/build/buff_executor -- -j24 -l24
[1.161s] [ 25%] [32mBuilding CXX object CMakeFiles/buff_executor.dir/src/BuffSolveTrajectory.cpp.o[0m
[1.165s] [ 50%] [32mBuilding CXX object CMakeFiles/buff_executor_node.dir/rclcpp_components/node_main_buff_executor_node.cpp.o[0m
[1.746s] [ 75%] [32m[1mLinking CXX shared library libbuff_executor.so[0m
[2.155s] [ 75%] Built target buff_executor
[3.904s] [100%] [32m[1mLinking CXX executable buff_executor_node[0m
[4.100s] [100%] Built target buff_executor_node
[4.122s] Invoked command in '/home/hdm/ttttt/tracker_plus/build/buff_executor' returned '0': AMENT_PREFIX_PATH=/home/hdm/ttttt/tracker_plus/install/buff_interfaces:${AMENT_PREFIX_PATH} CMAKE_PREFIX_PATH=/home/hdm/ttttt/tracker_plus/install/buff_interfaces:/opt/ros/humble LD_LIBRARY_PATH=/home/hdm/ttttt/tracker_plus/install/buff_interfaces/lib:${LD_LIBRARY_PATH} PYTHONPATH=/home/hdm/ttttt/tracker_plus/install/buff_interfaces/local/lib/python3.10/dist-packages:${PYTHONPATH} /usr/bin/cmake --build /home/hdm/ttttt/tracker_plus/build/buff_executor -- -j24 -l24
[4.123s] Invoking command in '/home/hdm/ttttt/tracker_plus/build/buff_executor': AMENT_PREFIX_PATH=/home/hdm/ttttt/tracker_plus/install/buff_interfaces:${AMENT_PREFIX_PATH} CMAKE_PREFIX_PATH=/home/hdm/ttttt/tracker_plus/install/buff_interfaces:/opt/ros/humble LD_LIBRARY_PATH=/home/hdm/ttttt/tracker_plus/install/buff_interfaces/lib:${LD_LIBRARY_PATH} PYTHONPATH=/home/hdm/ttttt/tracker_plus/install/buff_interfaces/local/lib/python3.10/dist-packages:${PYTHONPATH} /usr/bin/cmake --install /home/hdm/ttttt/tracker_plus/build/buff_executor
[4.135s] -- Install configuration: ""
[4.135s] -- Execute custom install script
[4.136s] -- Symlinking: /home/hdm/ttttt/tracker_plus/install/buff_executor/lib/buff_executor/buff_executor_node
[4.152s] -- Symlinking: /home/hdm/ttttt/tracker_plus/install/buff_executor/include/buff_executor/BuffSolveTrajectory.hpp
[4.166s] -- Symlinking: /home/hdm/ttttt/tracker_plus/install/buff_executor/share/buff_executor/environment/library_path.sh
[4.179s] -- Symlinking: /home/hdm/ttttt/tracker_plus/install/buff_executor/share/buff_executor/environment/library_path.dsv
[4.193s] -- Symlinking: /home/hdm/ttttt/tracker_plus/install/buff_executor/lib/libbuff_executor.so
[4.207s] -- Symlinking: /home/hdm/ttttt/tracker_plus/install/buff_executor/share/ament_index/resource_index/package_run_dependencies/buff_executor
[4.222s] -- Symlinking: /home/hdm/ttttt/tracker_plus/install/buff_executor/share/ament_index/resource_index/parent_prefix_path/buff_executor
[4.236s] -- Symlinking: /home/hdm/ttttt/tracker_plus/install/buff_executor/share/buff_executor/environment/ament_prefix_path.sh
[4.250s] -- Symlinking: /home/hdm/ttttt/tracker_plus/install/buff_executor/share/buff_executor/environment/ament_prefix_path.dsv
[4.265s] -- Symlinking: /home/hdm/ttttt/tracker_plus/install/buff_executor/share/buff_executor/environment/path.sh
[4.280s] -- Symlinking: /home/hdm/ttttt/tracker_plus/install/buff_executor/share/buff_executor/environment/path.dsv
[4.294s] -- Symlinking: /home/hdm/ttttt/tracker_plus/install/buff_executor/share/buff_executor/local_setup.bash
[4.310s] -- Symlinking: /home/hdm/ttttt/tracker_plus/install/buff_executor/share/buff_executor/local_setup.sh
[4.324s] -- Symlinking: /home/hdm/ttttt/tracker_plus/install/buff_executor/share/buff_executor/local_setup.zsh
[4.339s] -- Symlinking: /home/hdm/ttttt/tracker_plus/install/buff_executor/share/buff_executor/local_setup.dsv
[4.357s] -- Symlinking: /home/hdm/ttttt/tracker_plus/install/buff_executor/share/buff_executor/package.dsv
[4.371s] -- Symlinking: /home/hdm/ttttt/tracker_plus/install/buff_executor/share/ament_index/resource_index/packages/buff_executor
[4.385s] -- Symlinking: /home/hdm/ttttt/tracker_plus/install/buff_executor/share/ament_index/resource_index/rclcpp_components/buff_executor
[4.399s] -- Symlinking: /home/hdm/ttttt/tracker_plus/install/buff_executor/share/buff_executor/cmake/ament_cmake_export_dependencies-extras.cmake
[4.414s] -- Symlinking: /home/hdm/ttttt/tracker_plus/install/buff_executor/share/buff_executor/cmake/ament_cmake_export_include_directories-extras.cmake
[4.429s] -- Symlinking: /home/hdm/ttttt/tracker_plus/install/buff_executor/share/buff_executor/cmake/ament_cmake_export_libraries-extras.cmake
[4.443s] -- Symlinking: /home/hdm/ttttt/tracker_plus/install/buff_executor/share/buff_executor/cmake/buff_executorConfig.cmake
[4.457s] -- Symlinking: /home/hdm/ttttt/tracker_plus/install/buff_executor/share/buff_executor/cmake/buff_executorConfig-version.cmake
[4.471s] -- Symlinking: /home/hdm/ttttt/tracker_plus/install/buff_executor/share/buff_executor/package.xml
[4.490s] Invoked command in '/home/hdm/ttttt/tracker_plus/build/buff_executor' returned '0': AMENT_PREFIX_PATH=/home/hdm/ttttt/tracker_plus/install/buff_interfaces:${AMENT_PREFIX_PATH} CMAKE_PREFIX_PATH=/home/hdm/ttttt/tracker_plus/install/buff_interfaces:/opt/ros/humble LD_LIBRARY_PATH=/home/hdm/ttttt/tracker_plus/install/buff_interfaces/lib:${LD_LIBRARY_PATH} PYTHONPATH=/home/hdm/ttttt/tracker_plus/install/buff_interfaces/local/lib/python3.10/dist-packages:${PYTHONPATH} /usr/bin/cmake --install /home/hdm/ttttt/tracker_plus/build/buff_executor
