-- The C compiler identification is GNU 11.4.0
-- The CXX compiler identification is GNU 11.4.0
-- Detecting C compiler ABI info
-- Detecting C compiler ABI info - done
-- Check for working C compiler: /usr/bin/cc - skipped
-- Detecting C compile features
-- Detecting C compile features - done
-- Detecting CXX compiler ABI info
-- Detecting CXX compiler ABI info - done
-- Check for working CXX compiler: /usr/bin/c++ - skipped
-- Detecting CXX compile features
-- Detecting CXX compile features - done
-- Found ament_cmake_auto: 1.3.11 (/opt/ros/humble/share/ament_cmake_auto/cmake)
-- Found Python3: /usr/bin/python3 (found version "3.10.12") found components: Interpreter 
-- Override CMake install command with custom implementation using symlinks instead of copying resources
-- Found rosidl_generator_c: 3.1.6 (/opt/ros/humble/share/rosidl_generator_c/cmake)
-- Found rosidl_adapter: 3.1.6 (/opt/ros/humble/share/rosidl_adapter/cmake)
-- Found rosidl_generator_cpp: 3.1.6 (/opt/ros/humble/share/rosidl_generator_cpp/cmake)
-- Using all available rosidl_typesupport_c: rosidl_typesupport_fastrtps_c;rosidl_typesupport_introspection_c
-- Using all available rosidl_typesupport_cpp: rosidl_typesupport_fastrtps_cpp;rosidl_typesupport_introspection_cpp
-- Found rmw_implementation_cmake: 6.1.2 (/opt/ros/humble/share/rmw_implementation_cmake/cmake)
-- Found rmw_fastrtps_cpp: 6.2.7 (/opt/ros/humble/share/rmw_fastrtps_cpp/cmake)
-- Found OpenSSL: /usr/lib/x86_64-linux-gnu/libcrypto.so (found version "3.0.2")  
-- Found FastRTPS: /opt/ros/humble/include  
-- Using RMW implementation 'rmw_fastrtps_cpp' as default
-- Looking for pthread.h
-- Looking for pthread.h - found
-- Performing Test CMAKE_HAVE_LIBC_PTHREAD
-- Performing Test CMAKE_HAVE_LIBC_PTHREAD - Success
-- Found Threads: TRUE  
-- Found eigen3_cmake_module: 0.1.1 (/opt/ros/humble/share/eigen3_cmake_module/cmake)
-- Found Eigen3: TRUE (found version "3.3.7") 
-- Ensuring Eigen3 include directory is part of orocos-kdl CMake target
-- Found ament_lint_auto: 0.12.11 (/opt/ros/humble/share/ament_lint_auto/cmake)
-- Added test 'cppcheck' to perform static code analysis on C / C++ code
-- Configured cppcheck include dirs: /home/hdm/ttttt/tracker_plus/src/rm_auto_aim/armor_solve/include
-- Configured cppcheck exclude dirs and/or files: 
-- Added test 'lint_cmake' to check CMake code style
-- Added test 'xmllint' to check XML markup files
-- Added test 'clang_format' to check C / C++ code style
-- Configuring done
-- Generating done
-- Build files have been written to: /home/hdm/ttttt/tracker_plus/build/armor_solve
[ 20%] [32mBuilding CXX object CMakeFiles/armor_solve.dir/src/solve_node.cpp.o[0m
[ 40%] [32mBuilding CXX object CMakeFiles/armor_solve.dir/src/solve.cpp.o[0m
[ 60%] [32mBuilding CXX object CMakeFiles/armor_solve_node.dir/rclcpp_components/node_main_armor_solve_node.cpp.o[0m
[ 80%] [32m[1mLinking CXX executable armor_solve_node[0m
[ 80%] Built target armor_solve_node
[100%] [32m[1mLinking CXX shared library libarmor_solve.so[0m
[100%] Built target armor_solve
-- Install configuration: ""
-- Execute custom install script
-- Symlinking: /home/hdm/ttttt/tracker_plus/install/armor_solve/lib/armor_solve/armor_solve_node
-- Symlinking: /home/hdm/ttttt/tracker_plus/install/armor_solve/include/armor_solve/solve.hpp
-- Symlinking: /home/hdm/ttttt/tracker_plus/install/armor_solve/include/armor_solve/solve_node.hpp
-- Symlinking: /home/hdm/ttttt/tracker_plus/install/armor_solve/share/armor_solve/environment/library_path.sh
-- Symlinking: /home/hdm/ttttt/tracker_plus/install/armor_solve/share/armor_solve/environment/library_path.dsv
-- Symlinking: /home/hdm/ttttt/tracker_plus/install/armor_solve/lib/libarmor_solve.so
-- Symlinking: /home/hdm/ttttt/tracker_plus/install/armor_solve/share/ament_index/resource_index/package_run_dependencies/armor_solve
-- Symlinking: /home/hdm/ttttt/tracker_plus/install/armor_solve/share/ament_index/resource_index/parent_prefix_path/armor_solve
-- Symlinking: /home/hdm/ttttt/tracker_plus/install/armor_solve/share/armor_solve/environment/ament_prefix_path.sh
-- Symlinking: /home/hdm/ttttt/tracker_plus/install/armor_solve/share/armor_solve/environment/ament_prefix_path.dsv
-- Symlinking: /home/hdm/ttttt/tracker_plus/install/armor_solve/share/armor_solve/environment/path.sh
-- Symlinking: /home/hdm/ttttt/tracker_plus/install/armor_solve/share/armor_solve/environment/path.dsv
-- Symlinking: /home/hdm/ttttt/tracker_plus/install/armor_solve/share/armor_solve/local_setup.bash
-- Symlinking: /home/hdm/ttttt/tracker_plus/install/armor_solve/share/armor_solve/local_setup.sh
-- Symlinking: /home/hdm/ttttt/tracker_plus/install/armor_solve/share/armor_solve/local_setup.zsh
-- Symlinking: /home/hdm/ttttt/tracker_plus/install/armor_solve/share/armor_solve/local_setup.dsv
-- Symlinking: /home/hdm/ttttt/tracker_plus/install/armor_solve/share/armor_solve/package.dsv
-- Symlinking: /home/hdm/ttttt/tracker_plus/install/armor_solve/share/ament_index/resource_index/packages/armor_solve
-- Symlinking: /home/hdm/ttttt/tracker_plus/install/armor_solve/share/ament_index/resource_index/rclcpp_components/armor_solve
-- Symlinking: /home/hdm/ttttt/tracker_plus/install/armor_solve/share/armor_solve/cmake/ament_cmake_export_dependencies-extras.cmake
-- Symlinking: /home/hdm/ttttt/tracker_plus/install/armor_solve/share/armor_solve/cmake/ament_cmake_export_include_directories-extras.cmake
-- Symlinking: /home/hdm/ttttt/tracker_plus/install/armor_solve/share/armor_solve/cmake/ament_cmake_export_libraries-extras.cmake
-- Symlinking: /home/hdm/ttttt/tracker_plus/install/armor_solve/share/armor_solve/cmake/armor_solveConfig.cmake
-- Symlinking: /home/hdm/ttttt/tracker_plus/install/armor_solve/share/armor_solve/cmake/armor_solveConfig-version.cmake
-- Symlinking: /home/hdm/ttttt/tracker_plus/install/armor_solve/share/armor_solve/package.xml
