[0.023s] Invoking command in '/home/hdm/ttttt/tracker_plus/build/armor_detector': CMAKE_PREFIX_PATH=/home/hdm/ttttt/tracker_plus/install/auto_aim_interfaces:/home/hdm/ttttt/tracker_plus/install/rm_vision_bringup:/home/hdm/ttttt/tracker_plus/install/rm_buff_bringup:/home/hdm/ttttt/tracker_plus/install/rm_serial_driver:/home/hdm/ttttt/tracker_plus/install/rm_gimbal_description:/home/hdm/ttttt/tracker_plus/install/rm_buff:/home/hdm/ttttt/tracker_plus/install/rm_auto_record:/home/hdm/ttttt/tracker_plus/install/rm_auto_aim:/home/hdm/ttttt/tracker_plus/install/hik_camera:/home/hdm/ttttt/tracker_plus/install/buff_tracker:/home/hdm/ttttt/tracker_plus/install/buff_executor:/home/hdm/ttttt/tracker_plus/install/buff_detector:/home/hdm/ttttt/tracker_plus/install/buff_interfaces:/home/hdm/ttttt/tracker_plus/install/armor_tracker:/home/hdm/ttttt/tracker_plus/install/armor_solve:/home/hdm/ttttt/tracker_plus/install/armor_detector:/opt/ros/humble LD_LIBRARY_PATH=/home/hdm/ttttt/tracker_plus/install/auto_aim_interfaces/lib:/opt/intel/openvino_2024.6.0/runtime/3rdparty/tbb/lib:/opt/intel/openvino_2024.6.0/runtime/lib/intel64:/opt/MVS/lib/64:/opt/MVS/lib/32:/home/hdm/ttttt/tracker_plus/install/rm_serial_driver/lib:/home/hdm/ttttt/tracker_plus/install/rm_auto_record/lib:/home/hdm/ttttt/tracker_plus/install/hik_camera/lib:/home/hdm/ttttt/tracker_plus/install/buff_tracker/lib:/home/hdm/ttttt/tracker_plus/install/buff_executor/lib:/home/hdm/ttttt/tracker_plus/install/buff_detector/lib:/home/hdm/ttttt/tracker_plus/install/buff_interfaces/lib:/home/hdm/ttttt/tracker_plus/install/armor_tracker/lib:/home/hdm/ttttt/tracker_plus/install/armor_solve/lib:/home/hdm/ttttt/tracker_plus/install/armor_detector/lib:/opt/ros/humble/opt/rviz_ogre_vendor/lib:/opt/ros/humble/lib/x86_64-linux-gnu:/opt/ros/humble/lib /usr/bin/cmake --build /home/hdm/ttttt/tracker_plus/build/armor_detector -- -j24 -l24
[0.081s] [ 13%] Built target gtest
[0.081s] [ 26%] Built target gtest_main
[0.087s] [ 40%] Built target armor_detector_node
[0.092s] [ 73%] Built target armor_detector
[0.119s] [ 86%] Built target test_number_cls
[0.119s] [100%] Built target test_node_startup
[0.154s] Invoked command in '/home/hdm/ttttt/tracker_plus/build/armor_detector' returned '0': CMAKE_PREFIX_PATH=/home/hdm/ttttt/tracker_plus/install/auto_aim_interfaces:/home/hdm/ttttt/tracker_plus/install/rm_vision_bringup:/home/hdm/ttttt/tracker_plus/install/rm_buff_bringup:/home/hdm/ttttt/tracker_plus/install/rm_serial_driver:/home/hdm/ttttt/tracker_plus/install/rm_gimbal_description:/home/hdm/ttttt/tracker_plus/install/rm_buff:/home/hdm/ttttt/tracker_plus/install/rm_auto_record:/home/hdm/ttttt/tracker_plus/install/rm_auto_aim:/home/hdm/ttttt/tracker_plus/install/hik_camera:/home/hdm/ttttt/tracker_plus/install/buff_tracker:/home/hdm/ttttt/tracker_plus/install/buff_executor:/home/hdm/ttttt/tracker_plus/install/buff_detector:/home/hdm/ttttt/tracker_plus/install/buff_interfaces:/home/hdm/ttttt/tracker_plus/install/armor_tracker:/home/hdm/ttttt/tracker_plus/install/armor_solve:/home/hdm/ttttt/tracker_plus/install/armor_detector:/opt/ros/humble LD_LIBRARY_PATH=/home/hdm/ttttt/tracker_plus/install/auto_aim_interfaces/lib:/opt/intel/openvino_2024.6.0/runtime/3rdparty/tbb/lib:/opt/intel/openvino_2024.6.0/runtime/lib/intel64:/opt/MVS/lib/64:/opt/MVS/lib/32:/home/hdm/ttttt/tracker_plus/install/rm_serial_driver/lib:/home/hdm/ttttt/tracker_plus/install/rm_auto_record/lib:/home/hdm/ttttt/tracker_plus/install/hik_camera/lib:/home/hdm/ttttt/tracker_plus/install/buff_tracker/lib:/home/hdm/ttttt/tracker_plus/install/buff_executor/lib:/home/hdm/ttttt/tracker_plus/install/buff_detector/lib:/home/hdm/ttttt/tracker_plus/install/buff_interfaces/lib:/home/hdm/ttttt/tracker_plus/install/armor_tracker/lib:/home/hdm/ttttt/tracker_plus/install/armor_solve/lib:/home/hdm/ttttt/tracker_plus/install/armor_detector/lib:/opt/ros/humble/opt/rviz_ogre_vendor/lib:/opt/ros/humble/lib/x86_64-linux-gnu:/opt/ros/humble/lib /usr/bin/cmake --build /home/hdm/ttttt/tracker_plus/build/armor_detector -- -j24 -l24
[0.155s] Invoking command in '/home/hdm/ttttt/tracker_plus/build/armor_detector': CMAKE_PREFIX_PATH=/home/hdm/ttttt/tracker_plus/install/auto_aim_interfaces:/home/hdm/ttttt/tracker_plus/install/rm_vision_bringup:/home/hdm/ttttt/tracker_plus/install/rm_buff_bringup:/home/hdm/ttttt/tracker_plus/install/rm_serial_driver:/home/hdm/ttttt/tracker_plus/install/rm_gimbal_description:/home/hdm/ttttt/tracker_plus/install/rm_buff:/home/hdm/ttttt/tracker_plus/install/rm_auto_record:/home/hdm/ttttt/tracker_plus/install/rm_auto_aim:/home/hdm/ttttt/tracker_plus/install/hik_camera:/home/hdm/ttttt/tracker_plus/install/buff_tracker:/home/hdm/ttttt/tracker_plus/install/buff_executor:/home/hdm/ttttt/tracker_plus/install/buff_detector:/home/hdm/ttttt/tracker_plus/install/buff_interfaces:/home/hdm/ttttt/tracker_plus/install/armor_tracker:/home/hdm/ttttt/tracker_plus/install/armor_solve:/home/hdm/ttttt/tracker_plus/install/armor_detector:/opt/ros/humble LD_LIBRARY_PATH=/home/hdm/ttttt/tracker_plus/install/auto_aim_interfaces/lib:/opt/intel/openvino_2024.6.0/runtime/3rdparty/tbb/lib:/opt/intel/openvino_2024.6.0/runtime/lib/intel64:/opt/MVS/lib/64:/opt/MVS/lib/32:/home/hdm/ttttt/tracker_plus/install/rm_serial_driver/lib:/home/hdm/ttttt/tracker_plus/install/rm_auto_record/lib:/home/hdm/ttttt/tracker_plus/install/hik_camera/lib:/home/hdm/ttttt/tracker_plus/install/buff_tracker/lib:/home/hdm/ttttt/tracker_plus/install/buff_executor/lib:/home/hdm/ttttt/tracker_plus/install/buff_detector/lib:/home/hdm/ttttt/tracker_plus/install/buff_interfaces/lib:/home/hdm/ttttt/tracker_plus/install/armor_tracker/lib:/home/hdm/ttttt/tracker_plus/install/armor_solve/lib:/home/hdm/ttttt/tracker_plus/install/armor_detector/lib:/opt/ros/humble/opt/rviz_ogre_vendor/lib:/opt/ros/humble/lib/x86_64-linux-gnu:/opt/ros/humble/lib /usr/bin/cmake --install /home/hdm/ttttt/tracker_plus/build/armor_detector
[0.161s] -- Install configuration: ""
[0.161s] -- Execute custom install script
[0.161s] -- Up-to-date symlink: /home/hdm/ttttt/tracker_plus/install/armor_detector/lib/armor_detector/armor_detector_node
[0.161s] -- Up-to-date symlink: /home/hdm/ttttt/tracker_plus/install/armor_detector/include/armor_detector/armor.hpp
[0.161s] -- Up-to-date symlink: /home/hdm/ttttt/tracker_plus/install/armor_detector/include/armor_detector/detector.hpp
[0.161s] -- Up-to-date symlink: /home/hdm/ttttt/tracker_plus/install/armor_detector/include/armor_detector/detector_node.hpp
[0.161s] -- Up-to-date symlink: /home/hdm/ttttt/tracker_plus/install/armor_detector/include/armor_detector/number_classifier.hpp
[0.161s] -- Up-to-date symlink: /home/hdm/ttttt/tracker_plus/install/armor_detector/include/armor_detector/pnp_solver.hpp
[0.161s] -- Up-to-date symlink: /home/hdm/ttttt/tracker_plus/install/armor_detector/share/armor_detector/environment/library_path.sh
[0.161s] -- Up-to-date symlink: /home/hdm/ttttt/tracker_plus/install/armor_detector/share/armor_detector/environment/library_path.dsv
[0.162s] -- Up-to-date symlink: /home/hdm/ttttt/tracker_plus/install/armor_detector/lib/libarmor_detector.so
[0.162s] -- Up-to-date symlink: /home/hdm/ttttt/tracker_plus/install/armor_detector/share/armor_detector/model/label.txt
[0.162s] -- Up-to-date symlink: /home/hdm/ttttt/tracker_plus/install/armor_detector/share/armor_detector/model/mlp.onnx
[0.162s] -- Up-to-date symlink: /home/hdm/ttttt/tracker_plus/install/armor_detector/share/ament_index/resource_index/package_run_dependencies/armor_detector
[0.162s] -- Up-to-date symlink: /home/hdm/ttttt/tracker_plus/install/armor_detector/share/ament_index/resource_index/parent_prefix_path/armor_detector
[0.162s] -- Up-to-date symlink: /home/hdm/ttttt/tracker_plus/install/armor_detector/share/armor_detector/environment/ament_prefix_path.sh
[0.162s] -- Up-to-date symlink: /home/hdm/ttttt/tracker_plus/install/armor_detector/share/armor_detector/environment/ament_prefix_path.dsv
[0.162s] -- Up-to-date symlink: /home/hdm/ttttt/tracker_plus/install/armor_detector/share/armor_detector/environment/path.sh
[0.162s] -- Up-to-date symlink: /home/hdm/ttttt/tracker_plus/install/armor_detector/share/armor_detector/environment/path.dsv
[0.162s] -- Up-to-date symlink: /home/hdm/ttttt/tracker_plus/install/armor_detector/share/armor_detector/local_setup.bash
[0.162s] -- Up-to-date symlink: /home/hdm/ttttt/tracker_plus/install/armor_detector/share/armor_detector/local_setup.sh
[0.163s] -- Up-to-date symlink: /home/hdm/ttttt/tracker_plus/install/armor_detector/share/armor_detector/local_setup.zsh
[0.163s] -- Up-to-date symlink: /home/hdm/ttttt/tracker_plus/install/armor_detector/share/armor_detector/local_setup.dsv
[0.163s] -- Symlinking: /home/hdm/ttttt/tracker_plus/install/armor_detector/share/armor_detector/package.dsv
[0.172s] -- Up-to-date symlink: /home/hdm/ttttt/tracker_plus/install/armor_detector/share/ament_index/resource_index/packages/armor_detector
[0.172s] -- Up-to-date symlink: /home/hdm/ttttt/tracker_plus/install/armor_detector/share/ament_index/resource_index/rclcpp_components/armor_detector
[0.172s] -- Up-to-date symlink: /home/hdm/ttttt/tracker_plus/install/armor_detector/share/armor_detector/cmake/ament_cmake_export_dependencies-extras.cmake
[0.172s] -- Up-to-date symlink: /home/hdm/ttttt/tracker_plus/install/armor_detector/share/armor_detector/cmake/ament_cmake_export_include_directories-extras.cmake
[0.172s] -- Up-to-date symlink: /home/hdm/ttttt/tracker_plus/install/armor_detector/share/armor_detector/cmake/ament_cmake_export_libraries-extras.cmake
[0.172s] -- Up-to-date symlink: /home/hdm/ttttt/tracker_plus/install/armor_detector/share/armor_detector/cmake/armor_detectorConfig.cmake
[0.172s] -- Up-to-date symlink: /home/hdm/ttttt/tracker_plus/install/armor_detector/share/armor_detector/cmake/armor_detectorConfig-version.cmake
[0.172s] -- Up-to-date symlink: /home/hdm/ttttt/tracker_plus/install/armor_detector/share/armor_detector/package.xml
[0.186s] Invoked command in '/home/hdm/ttttt/tracker_plus/build/armor_detector' returned '0': CMAKE_PREFIX_PATH=/home/hdm/ttttt/tracker_plus/install/auto_aim_interfaces:/home/hdm/ttttt/tracker_plus/install/rm_vision_bringup:/home/hdm/ttttt/tracker_plus/install/rm_buff_bringup:/home/hdm/ttttt/tracker_plus/install/rm_serial_driver:/home/hdm/ttttt/tracker_plus/install/rm_gimbal_description:/home/hdm/ttttt/tracker_plus/install/rm_buff:/home/hdm/ttttt/tracker_plus/install/rm_auto_record:/home/hdm/ttttt/tracker_plus/install/rm_auto_aim:/home/hdm/ttttt/tracker_plus/install/hik_camera:/home/hdm/ttttt/tracker_plus/install/buff_tracker:/home/hdm/ttttt/tracker_plus/install/buff_executor:/home/hdm/ttttt/tracker_plus/install/buff_detector:/home/hdm/ttttt/tracker_plus/install/buff_interfaces:/home/hdm/ttttt/tracker_plus/install/armor_tracker:/home/hdm/ttttt/tracker_plus/install/armor_solve:/home/hdm/ttttt/tracker_plus/install/armor_detector:/opt/ros/humble LD_LIBRARY_PATH=/home/hdm/ttttt/tracker_plus/install/auto_aim_interfaces/lib:/opt/intel/openvino_2024.6.0/runtime/3rdparty/tbb/lib:/opt/intel/openvino_2024.6.0/runtime/lib/intel64:/opt/MVS/lib/64:/opt/MVS/lib/32:/home/hdm/ttttt/tracker_plus/install/rm_serial_driver/lib:/home/hdm/ttttt/tracker_plus/install/rm_auto_record/lib:/home/hdm/ttttt/tracker_plus/install/hik_camera/lib:/home/hdm/ttttt/tracker_plus/install/buff_tracker/lib:/home/hdm/ttttt/tracker_plus/install/buff_executor/lib:/home/hdm/ttttt/tracker_plus/install/buff_detector/lib:/home/hdm/ttttt/tracker_plus/install/buff_interfaces/lib:/home/hdm/ttttt/tracker_plus/install/armor_tracker/lib:/home/hdm/ttttt/tracker_plus/install/armor_solve/lib:/home/hdm/ttttt/tracker_plus/install/armor_detector/lib:/opt/ros/humble/opt/rviz_ogre_vendor/lib:/opt/ros/humble/lib/x86_64-linux-gnu:/opt/ros/humble/lib /usr/bin/cmake --install /home/hdm/ttttt/tracker_plus/build/armor_detector
