[0.040s] Invoking command in '/home/hdm/ttttt/tracker_plus/build/buff_detector': CMAKE_PREFIX_PATH=/home/hdm/ttttt/tracker_plus/install/buff_interfaces:/home/hdm/ttttt/tracker_plus/install/rm_vision_bringup:/home/hdm/ttttt/tracker_plus/install/rm_buff_bringup:/home/hdm/ttttt/tracker_plus/install/rm_serial_driver:/home/hdm/ttttt/tracker_plus/install/rm_gimbal_description:/home/hdm/ttttt/tracker_plus/install/rm_buff:/home/hdm/ttttt/tracker_plus/install/rm_auto_record:/home/hdm/ttttt/tracker_plus/install/rm_auto_aim:/home/hdm/ttttt/tracker_plus/install/hik_camera:/home/hdm/ttttt/tracker_plus/install/buff_tracker:/home/hdm/ttttt/tracker_plus/install/buff_executor:/home/hdm/ttttt/tracker_plus/install/buff_detector:/home/hdm/ttttt/tracker_plus/install/armor_tracker:/home/hdm/ttttt/tracker_plus/install/armor_solve:/home/hdm/ttttt/tracker_plus/install/armor_detector:/home/hdm/ttttt/tracker_plus/install/auto_aim_interfaces:/opt/ros/humble LD_LIBRARY_PATH=/home/hdm/ttttt/tracker_plus/install/buff_interfaces/lib:/opt/intel/openvino_2024.6.0/runtime/3rdparty/tbb/lib:/opt/intel/openvino_2024.6.0/runtime/lib/intel64:/opt/MVS/lib/64:/opt/MVS/lib/32:/home/hdm/ttttt/tracker_plus/install/rm_serial_driver/lib:/home/hdm/ttttt/tracker_plus/install/rm_auto_record/lib:/home/hdm/ttttt/tracker_plus/install/hik_camera/lib:/home/hdm/ttttt/tracker_plus/install/buff_tracker/lib:/home/hdm/ttttt/tracker_plus/install/buff_executor/lib:/home/hdm/ttttt/tracker_plus/install/buff_detector/lib:/home/hdm/ttttt/tracker_plus/install/armor_tracker/lib:/home/hdm/ttttt/tracker_plus/install/armor_solve/lib:/home/hdm/ttttt/tracker_plus/install/armor_detector/lib:/home/hdm/ttttt/tracker_plus/install/auto_aim_interfaces/lib:/opt/ros/humble/opt/rviz_ogre_vendor/lib:/opt/ros/humble/lib/x86_64-linux-gnu:/opt/ros/humble/lib /usr/bin/cmake --build /home/hdm/ttttt/tracker_plus/build/buff_detector -- -j24 -l24
[0.087s] [35m[1mConsolidate compiler generated dependencies of target buff_detector_node[0m
[0.090s] [35m[1mConsolidate compiler generated dependencies of target buff_detector[0m
[0.104s] [ 33%] Built target buff_detector_node
[0.118s] [ 50%] [32mBuilding CXX object CMakeFiles/buff_detector.dir/src/detector.cpp.o[0m
[2.352s] [01m[K/home/hdm/ttttt/tracker_plus/src/rm_buff/buff_detector/src/detector.cpp:[m[K In member function ‘[01m[Kstd::vector<rm_buff::Blade> rm_buff::Detector::Detect(cv::Mat&)[m[K’:
[2.352s] [01m[K/home/hdm/ttttt/tracker_plus/src/rm_buff/buff_detector/src/detector.cpp:94:22:[m[K [01;31m[Kerror: [m[Kexpected ‘[01m[K;[m[K’ before ‘[01m[Kfor[m[K’
[2.352s]    94 |   debug_img = src_img
[2.352s]       |                      [01;31m[K^[m[K
[2.352s]       |                      [32m[K;[m[K
[2.352s]    95 | 
[2.352s]    96 |   [32m[Kfor[m[K (size_t i = 0; i < blade_array_.size(); i++) {
[2.352s]       |   [32m[K~~~[m[K                 
[2.355s] [01m[K/home/hdm/ttttt/tracker_plus/src/rm_buff/buff_detector/src/detector.cpp:96:22:[m[K [01;31m[Kerror: [m[K‘[01m[Ki[m[K’ was not declared in this scope
[2.356s]    96 |   for (size_t i = 0; [01;31m[Ki[m[K < blade_array_.size(); i++) {
[2.356s]       |                      [01;31m[K^[m[K
[3.047s] gmake[2]: *** [CMakeFiles/buff_detector.dir/build.make:76：CMakeFiles/buff_detector.dir/src/detector.cpp.o] 错误 1
[3.047s] gmake[1]: *** [CMakeFiles/Makefile2:139：CMakeFiles/buff_detector.dir/all] 错误 2
[3.047s] gmake: *** [Makefile:146：all] 错误 2
[3.049s] Invoked command in '/home/hdm/ttttt/tracker_plus/build/buff_detector' returned '2': CMAKE_PREFIX_PATH=/home/hdm/ttttt/tracker_plus/install/buff_interfaces:/home/hdm/ttttt/tracker_plus/install/rm_vision_bringup:/home/hdm/ttttt/tracker_plus/install/rm_buff_bringup:/home/hdm/ttttt/tracker_plus/install/rm_serial_driver:/home/hdm/ttttt/tracker_plus/install/rm_gimbal_description:/home/hdm/ttttt/tracker_plus/install/rm_buff:/home/hdm/ttttt/tracker_plus/install/rm_auto_record:/home/hdm/ttttt/tracker_plus/install/rm_auto_aim:/home/hdm/ttttt/tracker_plus/install/hik_camera:/home/hdm/ttttt/tracker_plus/install/buff_tracker:/home/hdm/ttttt/tracker_plus/install/buff_executor:/home/hdm/ttttt/tracker_plus/install/buff_detector:/home/hdm/ttttt/tracker_plus/install/armor_tracker:/home/hdm/ttttt/tracker_plus/install/armor_solve:/home/hdm/ttttt/tracker_plus/install/armor_detector:/home/hdm/ttttt/tracker_plus/install/auto_aim_interfaces:/opt/ros/humble LD_LIBRARY_PATH=/home/hdm/ttttt/tracker_plus/install/buff_interfaces/lib:/opt/intel/openvino_2024.6.0/runtime/3rdparty/tbb/lib:/opt/intel/openvino_2024.6.0/runtime/lib/intel64:/opt/MVS/lib/64:/opt/MVS/lib/32:/home/hdm/ttttt/tracker_plus/install/rm_serial_driver/lib:/home/hdm/ttttt/tracker_plus/install/rm_auto_record/lib:/home/hdm/ttttt/tracker_plus/install/hik_camera/lib:/home/hdm/ttttt/tracker_plus/install/buff_tracker/lib:/home/hdm/ttttt/tracker_plus/install/buff_executor/lib:/home/hdm/ttttt/tracker_plus/install/buff_detector/lib:/home/hdm/ttttt/tracker_plus/install/armor_tracker/lib:/home/hdm/ttttt/tracker_plus/install/armor_solve/lib:/home/hdm/ttttt/tracker_plus/install/armor_detector/lib:/home/hdm/ttttt/tracker_plus/install/auto_aim_interfaces/lib:/opt/ros/humble/opt/rviz_ogre_vendor/lib:/opt/ros/humble/lib/x86_64-linux-gnu:/opt/ros/humble/lib /usr/bin/cmake --build /home/hdm/ttttt/tracker_plus/build/buff_detector -- -j24 -l24
