[0.016s] Invoking command in '/home/hdm/ttttt/tracker_plus/build/auto_aim_interfaces': CMAKE_PREFIX_PATH=/opt/ros/humble /usr/bin/cmake /home/hdm/ttttt/tracker_plus/src/rm_auto_aim/auto_aim_interfaces -DAMENT_CMAKE_SYMLINK_INSTALL=1 -DCMAKE_INSTALL_PREFIX=/home/hdm/ttttt/tracker_plus/install/auto_aim_interfaces
[0.094s] -- The C compiler identification is GNU 11.4.0
[0.142s] -- The CXX compiler identification is GNU 11.4.0
[0.148s] -- Detecting C compiler ABI info
[0.209s] -- Detecting C compiler ABI info - done
[0.216s] -- Check for working C compiler: /usr/bin/cc - skipped
[0.217s] -- Detecting C compile features
[0.217s] -- Detecting C compile features - done
[0.220s] -- Detecting CXX compiler ABI info
[0.295s] -- Detecting CXX compiler ABI info - done
[0.302s] -- Check for working CXX compiler: /usr/bin/c++ - skipped
[0.302s] -- Detecting CXX compile features
[0.303s] -- Detecting CXX compile features - done
[0.306s] -- Found ament_cmake: 1.3.11 (/opt/ros/humble/share/ament_cmake/cmake)
[0.439s] -- Found Python3: /usr/bin/python3 (found version "3.10.12") found components: Interpreter 
[0.503s] -- Override CMake install command with custom implementation using symlinks instead of copying resources
[0.531s] -- Found rosidl_default_generators: 1.2.0 (/opt/ros/humble/share/rosidl_default_generators/cmake)
[0.534s] -- Using all available rosidl_typesupport_c: rosidl_typesupport_fastrtps_c;rosidl_typesupport_introspection_c
[0.539s] -- Found rosidl_adapter: 3.1.6 (/opt/ros/humble/share/rosidl_adapter/cmake)
[0.580s] -- Using all available rosidl_typesupport_cpp: rosidl_typesupport_fastrtps_cpp;rosidl_typesupport_introspection_cpp
[0.610s] -- Found geometry_msgs: 4.2.4 (/opt/ros/humble/share/geometry_msgs/cmake)
[0.974s] -- Found ament_cmake_ros: 0.10.0 (/opt/ros/humble/share/ament_cmake_ros/cmake)
[1.202s] -- Using all available rosidl_typesupport_c: rosidl_typesupport_fastrtps_c;rosidl_typesupport_introspection_c
[1.549s] -- Using all available rosidl_typesupport_cpp: rosidl_typesupport_fastrtps_cpp;rosidl_typesupport_introspection_cpp
[1.574s] -- Found PythonInterp: /usr/bin/python3 (found suitable version "3.10.12", minimum required is "3.6") 
[1.577s] -- Found python_cmake_module: 0.10.0 (/opt/ros/humble/share/python_cmake_module/cmake)
[1.608s] -- Found PythonLibs: /usr/lib/x86_64-linux-gnu/libpython3.10.so (found suitable version "3.10.12", minimum required is "3.5") 
[1.608s] -- Using PYTHON_EXECUTABLE: /usr/bin/python3
[1.608s] -- Using PYTHON_INCLUDE_DIRS: /usr/include/python3.10
[1.608s] -- Using PYTHON_LIBRARIES: /usr/lib/x86_64-linux-gnu/libpython3.10.so
[1.630s] -- Found PythonExtra: .so  
[1.738s] -- Configuring done
[1.810s] -- Generating done
[1.823s] -- Build files have been written to: /home/hdm/ttttt/tracker_plus/build/auto_aim_interfaces
[1.834s] Invoked command in '/home/hdm/ttttt/tracker_plus/build/auto_aim_interfaces' returned '0': CMAKE_PREFIX_PATH=/opt/ros/humble /usr/bin/cmake /home/hdm/ttttt/tracker_plus/src/rm_auto_aim/auto_aim_interfaces -DAMENT_CMAKE_SYMLINK_INSTALL=1 -DCMAKE_INSTALL_PREFIX=/home/hdm/ttttt/tracker_plus/install/auto_aim_interfaces
[1.835s] Invoking command in '/home/hdm/ttttt/tracker_plus/build/auto_aim_interfaces': CMAKE_PREFIX_PATH=/opt/ros/humble /usr/bin/cmake --build /home/hdm/ttttt/tracker_plus/build/auto_aim_interfaces -- -j24 -l24
[1.892s] [  0%] [34m[1mGenerating C code for ROS interfaces[0m
[1.908s] [  0%] Built target ament_cmake_python_symlink_auto_aim_interfaces
[1.913s] [  0%] [34m[1mGenerating C++ code for ROS interfaces[0m
[2.188s] running egg_info
[2.188s] creating auto_aim_interfaces.egg-info
[2.189s] writing auto_aim_interfaces.egg-info/PKG-INFO
[2.189s] writing dependency_links to auto_aim_interfaces.egg-info/dependency_links.txt
[2.189s] writing top-level names to auto_aim_interfaces.egg-info/top_level.txt
[2.190s] writing manifest file 'auto_aim_interfaces.egg-info/SOURCES.txt'
[2.192s] reading manifest file 'auto_aim_interfaces.egg-info/SOURCES.txt'
[2.192s] writing manifest file 'auto_aim_interfaces.egg-info/SOURCES.txt'
[2.220s] [  0%] Built target ament_cmake_python_build_auto_aim_interfaces_egg
[2.983s] [  0%] Built target auto_aim_interfaces__cpp
[2.999s] [  1%] [34m[1mGenerating C++ type support for eProsima Fast-RTPS[0m
[2.999s] [  2%] [34m[1mGenerating C++ type support dispatch for ROS interfaces[0m
[3.001s] [  2%] [34m[1mGenerating C++ introspection for ROS interfaces[0m
[3.082s] [  3%] [32mBuilding C object CMakeFiles/auto_aim_interfaces__rosidl_generator_c.dir/rosidl_generator_c/auto_aim_interfaces/msg/detail/armor__functions.c.o[0m
[3.083s] [  3%] [32mBuilding C object CMakeFiles/auto_aim_interfaces__rosidl_generator_c.dir/rosidl_generator_c/auto_aim_interfaces/msg/detail/target__functions.c.o[0m
[3.083s] [  4%] [32mBuilding C object CMakeFiles/auto_aim_interfaces__rosidl_generator_c.dir/rosidl_generator_c/auto_aim_interfaces/msg/detail/armors__functions.c.o[0m
[3.083s] [  5%] [32mBuilding C object CMakeFiles/auto_aim_interfaces__rosidl_generator_c.dir/rosidl_generator_c/auto_aim_interfaces/msg/detail/tracker_info__functions.c.o[0m
[3.084s] [  6%] [32mBuilding C object CMakeFiles/auto_aim_interfaces__rosidl_generator_c.dir/rosidl_generator_c/auto_aim_interfaces/msg/detail/debug_lights__functions.c.o[0m
[3.084s] [  6%] [32mBuilding C object CMakeFiles/auto_aim_interfaces__rosidl_generator_c.dir/rosidl_generator_c/auto_aim_interfaces/msg/detail/time_info__functions.c.o[0m
[3.084s] [  7%] [32mBuilding C object CMakeFiles/auto_aim_interfaces__rosidl_generator_c.dir/rosidl_generator_c/auto_aim_interfaces/msg/detail/send__functions.c.o[0m
[3.087s] [  8%] [32mBuilding C object CMakeFiles/auto_aim_interfaces__rosidl_generator_c.dir/rosidl_generator_c/auto_aim_interfaces/msg/detail/debug_light__functions.c.o[0m
[3.088s] [  9%] [32mBuilding C object CMakeFiles/auto_aim_interfaces__rosidl_generator_c.dir/rosidl_generator_c/auto_aim_interfaces/msg/detail/debug_armors__functions.c.o[0m
[3.089s] [ 10%] [32mBuilding C object CMakeFiles/auto_aim_interfaces__rosidl_generator_c.dir/rosidl_generator_c/auto_aim_interfaces/msg/detail/velocity__functions.c.o[0m
[3.090s] [ 10%] [32mBuilding C object CMakeFiles/auto_aim_interfaces__rosidl_generator_c.dir/rosidl_generator_c/auto_aim_interfaces/msg/detail/debug_armor__functions.c.o[0m
[3.095s] [ 10%] [32mBuilding C object CMakeFiles/auto_aim_interfaces__rosidl_generator_c.dir/rosidl_generator_c/auto_aim_interfaces/msg/detail/receive__functions.c.o[0m
[3.129s] [ 11%] [32mBuilding C object CMakeFiles/auto_aim_interfaces__rosidl_generator_c.dir/rosidl_generator_c/auto_aim_interfaces/msg/detail/test__functions.c.o[0m
[3.135s] [ 11%] [32mBuilding C object CMakeFiles/auto_aim_interfaces__rosidl_generator_c.dir/rosidl_generator_c/auto_aim_interfaces/msg/detail/detector_latency__functions.c.o[0m
[3.136s] [ 12%] [32mBuilding C object CMakeFiles/auto_aim_interfaces__rosidl_generator_c.dir/rosidl_generator_c/auto_aim_interfaces/msg/detail/solve_info__functions.c.o[0m
[3.141s] [ 13%] [32mBuilding C object CMakeFiles/auto_aim_interfaces__rosidl_generator_c.dir/rosidl_generator_c/auto_aim_interfaces/msg/detail/tracker_latency__functions.c.o[0m
[3.220s] [ 14%] [32m[1mLinking C shared library libauto_aim_interfaces__rosidl_generator_c.so[0m
[3.285s] [ 14%] Built target auto_aim_interfaces__rosidl_generator_c
[3.299s] [ 15%] [34m[1mGenerating C introspection for ROS interfaces[0m
[3.300s] [ 16%] [34m[1mGenerating C type support dispatch for ROS interfaces[0m
[3.300s] [ 17%] [34m[1mGenerating C type support for eProsima Fast-RTPS[0m
[4.194s] [ 18%] [32mBuilding CXX object CMakeFiles/auto_aim_interfaces__rosidl_typesupport_cpp.dir/rosidl_typesupport_cpp/auto_aim_interfaces/msg/armor__type_support.cpp.o[0m
[4.194s] [ 18%] [32mBuilding CXX object CMakeFiles/auto_aim_interfaces__rosidl_typesupport_cpp.dir/rosidl_typesupport_cpp/auto_aim_interfaces/msg/armors__type_support.cpp.o[0m
[4.194s] [ 19%] [32mBuilding CXX object CMakeFiles/auto_aim_interfaces__rosidl_typesupport_cpp.dir/rosidl_typesupport_cpp/auto_aim_interfaces/msg/debug_light__type_support.cpp.o[0m
[4.194s] [ 19%] [32mBuilding CXX object CMakeFiles/auto_aim_interfaces__rosidl_typesupport_cpp.dir/rosidl_typesupport_cpp/auto_aim_interfaces/msg/debug_lights__type_support.cpp.o[0m
[4.195s] [ 20%] [32mBuilding CXX object CMakeFiles/auto_aim_interfaces__rosidl_typesupport_cpp.dir/rosidl_typesupport_cpp/auto_aim_interfaces/msg/debug_armor__type_support.cpp.o[0m
[4.198s] [ 21%] [32mBuilding CXX object CMakeFiles/auto_aim_interfaces__rosidl_typesupport_cpp.dir/rosidl_typesupport_cpp/auto_aim_interfaces/msg/target__type_support.cpp.o[0m
[4.202s] [ 23%] [32mBuilding CXX object CMakeFiles/auto_aim_interfaces__rosidl_typesupport_cpp.dir/rosidl_typesupport_cpp/auto_aim_interfaces/msg/send__type_support.cpp.o[0m
[4.204s] [ 23%] [32mBuilding CXX object CMakeFiles/auto_aim_interfaces__rosidl_typesupport_cpp.dir/rosidl_typesupport_cpp/auto_aim_interfaces/msg/time_info__type_support.cpp.o[0m
[4.204s] [ 24%] [32mBuilding CXX object CMakeFiles/auto_aim_interfaces__rosidl_typesupport_cpp.dir/rosidl_typesupport_cpp/auto_aim_interfaces/msg/debug_armors__type_support.cpp.o[0m
[4.205s] [ 24%] [32mBuilding CXX object CMakeFiles/auto_aim_interfaces__rosidl_typesupport_cpp.dir/rosidl_typesupport_cpp/auto_aim_interfaces/msg/tracker_info__type_support.cpp.o[0m
[4.210s] [ 24%] [32mBuilding CXX object CMakeFiles/auto_aim_interfaces__rosidl_typesupport_cpp.dir/rosidl_typesupport_cpp/auto_aim_interfaces/msg/velocity__type_support.cpp.o[0m
[4.211s] [ 25%] [32mBuilding CXX object CMakeFiles/auto_aim_interfaces__rosidl_typesupport_cpp.dir/rosidl_typesupport_cpp/auto_aim_interfaces/msg/test__type_support.cpp.o[0m
[4.212s] [ 26%] [32mBuilding CXX object CMakeFiles/auto_aim_interfaces__rosidl_typesupport_cpp.dir/rosidl_typesupport_cpp/auto_aim_interfaces/msg/receive__type_support.cpp.o[0m
[4.278s] [ 27%] [32mBuilding CXX object CMakeFiles/auto_aim_interfaces__rosidl_typesupport_cpp.dir/rosidl_typesupport_cpp/auto_aim_interfaces/msg/detector_latency__type_support.cpp.o[0m
[4.283s] [ 27%] [32mBuilding CXX object CMakeFiles/auto_aim_interfaces__rosidl_typesupport_cpp.dir/rosidl_typesupport_cpp/auto_aim_interfaces/msg/solve_info__type_support.cpp.o[0m
[4.283s] [ 28%] [32mBuilding CXX object CMakeFiles/auto_aim_interfaces__rosidl_typesupport_cpp.dir/rosidl_typesupport_cpp/auto_aim_interfaces/msg/tracker_latency__type_support.cpp.o[0m
[4.710s] [ 29%] [32mBuilding CXX object CMakeFiles/auto_aim_interfaces__rosidl_typesupport_introspection_cpp.dir/rosidl_typesupport_introspection_cpp/auto_aim_interfaces/msg/detail/armors__type_support.cpp.o[0m
[4.719s] [ 30%] [32mBuilding CXX object CMakeFiles/auto_aim_interfaces__rosidl_typesupport_introspection_cpp.dir/rosidl_typesupport_introspection_cpp/auto_aim_interfaces/msg/detail/armor__type_support.cpp.o[0m
[4.745s] [ 30%] [32mBuilding CXX object CMakeFiles/auto_aim_interfaces__rosidl_typesupport_introspection_cpp.dir/rosidl_typesupport_introspection_cpp/auto_aim_interfaces/msg/detail/target__type_support.cpp.o[0m
[4.812s] [ 31%] [32mBuilding CXX object CMakeFiles/auto_aim_interfaces__rosidl_typesupport_introspection_cpp.dir/rosidl_typesupport_introspection_cpp/auto_aim_interfaces/msg/detail/debug_light__type_support.cpp.o[0m
[4.836s] [ 32%] [32mBuilding CXX object CMakeFiles/auto_aim_interfaces__rosidl_typesupport_introspection_cpp.dir/rosidl_typesupport_introspection_cpp/auto_aim_interfaces/msg/detail/debug_lights__type_support.cpp.o[0m
[4.852s] [ 32%] [32mBuilding CXX object CMakeFiles/auto_aim_interfaces__rosidl_typesupport_introspection_cpp.dir/rosidl_typesupport_introspection_cpp/auto_aim_interfaces/msg/detail/debug_armor__type_support.cpp.o[0m
[4.869s] [ 33%] [32mBuilding CXX object CMakeFiles/auto_aim_interfaces__rosidl_typesupport_introspection_cpp.dir/rosidl_typesupport_introspection_cpp/auto_aim_interfaces/msg/detail/debug_armors__type_support.cpp.o[0m
[4.935s] [ 34%] [32mBuilding CXX object CMakeFiles/auto_aim_interfaces__rosidl_typesupport_introspection_cpp.dir/rosidl_typesupport_introspection_cpp/auto_aim_interfaces/msg/detail/tracker_info__type_support.cpp.o[0m
[4.949s] [ 34%] [32mBuilding CXX object CMakeFiles/auto_aim_interfaces__rosidl_typesupport_introspection_cpp.dir/rosidl_typesupport_introspection_cpp/auto_aim_interfaces/msg/detail/time_info__type_support.cpp.o[0m
[4.979s] [ 34%] [32mBuilding CXX object CMakeFiles/auto_aim_interfaces__rosidl_typesupport_c.dir/rosidl_typesupport_c/auto_aim_interfaces/msg/armor__type_support.cpp.o[0m
[4.987s] [ 35%] [32mBuilding CXX object CMakeFiles/auto_aim_interfaces__rosidl_typesupport_introspection_cpp.dir/rosidl_typesupport_introspection_cpp/auto_aim_interfaces/msg/detail/send__type_support.cpp.o[0m
[5.064s] [ 36%] [32mBuilding CXX object CMakeFiles/auto_aim_interfaces__rosidl_typesupport_c.dir/rosidl_typesupport_c/auto_aim_interfaces/msg/armors__type_support.cpp.o[0m
[5.111s] [ 36%] [32mBuilding CXX object CMakeFiles/auto_aim_interfaces__rosidl_typesupport_c.dir/rosidl_typesupport_c/auto_aim_interfaces/msg/debug_light__type_support.cpp.o[0m
[5.118s] [ 37%] [32mBuilding CXX object CMakeFiles/auto_aim_interfaces__rosidl_typesupport_c.dir/rosidl_typesupport_c/auto_aim_interfaces/msg/target__type_support.cpp.o[0m
[5.119s] [ 38%] [32mBuilding CXX object CMakeFiles/auto_aim_interfaces__rosidl_typesupport_c.dir/rosidl_typesupport_c/auto_aim_interfaces/msg/debug_lights__type_support.cpp.o[0m
[5.141s] [ 38%] [32mBuilding CXX object CMakeFiles/auto_aim_interfaces__rosidl_typesupport_introspection_cpp.dir/rosidl_typesupport_introspection_cpp/auto_aim_interfaces/msg/detail/receive__type_support.cpp.o[0m
[5.146s] [ 39%] [32mBuilding CXX object CMakeFiles/auto_aim_interfaces__rosidl_typesupport_introspection_cpp.dir/rosidl_typesupport_introspection_cpp/auto_aim_interfaces/msg/detail/velocity__type_support.cpp.o[0m
[5.153s] [ 40%] [32mBuilding CXX object CMakeFiles/auto_aim_interfaces__rosidl_typesupport_introspection_cpp.dir/rosidl_typesupport_introspection_cpp/auto_aim_interfaces/msg/detail/test__type_support.cpp.o[0m
[5.156s] [ 41%] [32mBuilding CXX object CMakeFiles/auto_aim_interfaces__rosidl_typesupport_c.dir/rosidl_typesupport_c/auto_aim_interfaces/msg/debug_armor__type_support.cpp.o[0m
[5.171s] [ 42%] [32mBuilding CXX object CMakeFiles/auto_aim_interfaces__rosidl_typesupport_introspection_cpp.dir/rosidl_typesupport_introspection_cpp/auto_aim_interfaces/msg/detail/solve_info__type_support.cpp.o[0m
[5.180s] [ 42%] [32mBuilding CXX object CMakeFiles/auto_aim_interfaces__rosidl_typesupport_c.dir/rosidl_typesupport_c/auto_aim_interfaces/msg/debug_armors__type_support.cpp.o[0m
[5.229s] [ 42%] [32mBuilding CXX object CMakeFiles/auto_aim_interfaces__rosidl_typesupport_introspection_cpp.dir/rosidl_typesupport_introspection_cpp/auto_aim_interfaces/msg/detail/detector_latency__type_support.cpp.o[0m
[5.236s] [ 43%] [32mBuilding CXX object CMakeFiles/auto_aim_interfaces__rosidl_typesupport_c.dir/rosidl_typesupport_c/auto_aim_interfaces/msg/tracker_info__type_support.cpp.o[0m
[5.249s] [ 44%] [32mBuilding CXX object CMakeFiles/auto_aim_interfaces__rosidl_typesupport_introspection_cpp.dir/rosidl_typesupport_introspection_cpp/auto_aim_interfaces/msg/detail/tracker_latency__type_support.cpp.o[0m
[5.273s] [ 45%] [32mBuilding CXX object CMakeFiles/auto_aim_interfaces__rosidl_typesupport_c.dir/rosidl_typesupport_c/auto_aim_interfaces/msg/time_info__type_support.cpp.o[0m
[5.284s] [ 45%] [32m[1mLinking CXX shared library libauto_aim_interfaces__rosidl_typesupport_cpp.so[0m
[5.288s] [ 45%] [32mBuilding CXX object CMakeFiles/auto_aim_interfaces__rosidl_typesupport_c.dir/rosidl_typesupport_c/auto_aim_interfaces/msg/send__type_support.cpp.o[0m
[5.306s] [ 46%] [32mBuilding CXX object CMakeFiles/auto_aim_interfaces__rosidl_typesupport_c.dir/rosidl_typesupport_c/auto_aim_interfaces/msg/velocity__type_support.cpp.o[0m
[5.369s] [ 47%] [32mBuilding CXX object CMakeFiles/auto_aim_interfaces__rosidl_typesupport_c.dir/rosidl_typesupport_c/auto_aim_interfaces/msg/receive__type_support.cpp.o[0m
[5.370s] [ 48%] [32mBuilding CXX object CMakeFiles/auto_aim_interfaces__rosidl_typesupport_fastrtps_cpp.dir/rosidl_typesupport_fastrtps_cpp/auto_aim_interfaces/msg/detail/dds_fastrtps/armor__type_support.cpp.o[0m
[5.378s] [ 48%] [32mBuilding CXX object CMakeFiles/auto_aim_interfaces__rosidl_typesupport_fastrtps_cpp.dir/rosidl_typesupport_fastrtps_cpp/auto_aim_interfaces/msg/detail/dds_fastrtps/armors__type_support.cpp.o[0m
[5.386s] [ 48%] [32mBuilding CXX object CMakeFiles/auto_aim_interfaces__rosidl_typesupport_c.dir/rosidl_typesupport_c/auto_aim_interfaces/msg/test__type_support.cpp.o[0m
[5.418s] [ 49%] [32mBuilding CXX object CMakeFiles/auto_aim_interfaces__rosidl_typesupport_c.dir/rosidl_typesupport_c/auto_aim_interfaces/msg/solve_info__type_support.cpp.o[0m
[5.432s] [ 49%] Built target auto_aim_interfaces__rosidl_typesupport_cpp
[5.439s] [ 50%] [32mBuilding CXX object CMakeFiles/auto_aim_interfaces__rosidl_typesupport_fastrtps_cpp.dir/rosidl_typesupport_fastrtps_cpp/auto_aim_interfaces/msg/detail/dds_fastrtps/target__type_support.cpp.o[0m
[5.490s] [ 51%] [32mBuilding CXX object CMakeFiles/auto_aim_interfaces__rosidl_typesupport_fastrtps_cpp.dir/rosidl_typesupport_fastrtps_cpp/auto_aim_interfaces/msg/detail/dds_fastrtps/debug_light__type_support.cpp.o[0m
[5.500s] [ 51%] [32mBuilding CXX object CMakeFiles/auto_aim_interfaces__rosidl_typesupport_fastrtps_cpp.dir/rosidl_typesupport_fastrtps_cpp/auto_aim_interfaces/msg/detail/dds_fastrtps/debug_lights__type_support.cpp.o[0m
[5.501s] [ 52%] [32mBuilding CXX object CMakeFiles/auto_aim_interfaces__rosidl_typesupport_fastrtps_cpp.dir/rosidl_typesupport_fastrtps_cpp/auto_aim_interfaces/msg/detail/dds_fastrtps/debug_armor__type_support.cpp.o[0m
[5.506s] [ 53%] [32mBuilding CXX object CMakeFiles/auto_aim_interfaces__rosidl_typesupport_c.dir/rosidl_typesupport_c/auto_aim_interfaces/msg/detector_latency__type_support.cpp.o[0m
[5.604s] [ 53%] [32mBuilding CXX object CMakeFiles/auto_aim_interfaces__rosidl_typesupport_c.dir/rosidl_typesupport_c/auto_aim_interfaces/msg/tracker_latency__type_support.cpp.o[0m
[5.678s] [ 54%] [32m[1mLinking CXX shared library libauto_aim_interfaces__rosidl_typesupport_c.so[0m
[5.702s] [ 55%] [32mBuilding CXX object CMakeFiles/auto_aim_interfaces__rosidl_typesupport_fastrtps_cpp.dir/rosidl_typesupport_fastrtps_cpp/auto_aim_interfaces/msg/detail/dds_fastrtps/debug_armors__type_support.cpp.o[0m
[5.755s] [ 55%] [32mBuilding CXX object CMakeFiles/auto_aim_interfaces__rosidl_typesupport_fastrtps_cpp.dir/rosidl_typesupport_fastrtps_cpp/auto_aim_interfaces/msg/detail/dds_fastrtps/tracker_info__type_support.cpp.o[0m
[5.760s] [ 56%] [32mBuilding CXX object CMakeFiles/auto_aim_interfaces__rosidl_typesupport_fastrtps_cpp.dir/rosidl_typesupport_fastrtps_cpp/auto_aim_interfaces/msg/detail/dds_fastrtps/time_info__type_support.cpp.o[0m
[5.806s] [ 56%] Built target auto_aim_interfaces__rosidl_typesupport_c
[5.810s] [ 57%] [32mBuilding CXX object CMakeFiles/auto_aim_interfaces__rosidl_typesupport_fastrtps_cpp.dir/rosidl_typesupport_fastrtps_cpp/auto_aim_interfaces/msg/detail/dds_fastrtps/send__type_support.cpp.o[0m
[5.833s] [ 57%] [32mBuilding CXX object CMakeFiles/auto_aim_interfaces__rosidl_typesupport_fastrtps_cpp.dir/rosidl_typesupport_fastrtps_cpp/auto_aim_interfaces/msg/detail/dds_fastrtps/velocity__type_support.cpp.o[0m
[5.842s] [ 58%] [32mBuilding CXX object CMakeFiles/auto_aim_interfaces__rosidl_typesupport_fastrtps_cpp.dir/rosidl_typesupport_fastrtps_cpp/auto_aim_interfaces/msg/detail/dds_fastrtps/receive__type_support.cpp.o[0m
[5.853s] [ 59%] [32mBuilding CXX object CMakeFiles/auto_aim_interfaces__rosidl_typesupport_fastrtps_cpp.dir/rosidl_typesupport_fastrtps_cpp/auto_aim_interfaces/msg/detail/dds_fastrtps/test__type_support.cpp.o[0m
[5.858s] [ 59%] [32mBuilding CXX object CMakeFiles/auto_aim_interfaces__rosidl_typesupport_fastrtps_cpp.dir/rosidl_typesupport_fastrtps_cpp/auto_aim_interfaces/msg/detail/dds_fastrtps/solve_info__type_support.cpp.o[0m
[5.909s] [ 60%] [32mBuilding C object CMakeFiles/auto_aim_interfaces__rosidl_typesupport_introspection_c.dir/rosidl_typesupport_introspection_c/auto_aim_interfaces/msg/detail/armor__type_support.c.o[0m
[5.921s] [ 60%] [32mBuilding C object CMakeFiles/auto_aim_interfaces__rosidl_typesupport_introspection_c.dir/rosidl_typesupport_introspection_c/auto_aim_interfaces/msg/detail/armors__type_support.c.o[0m
[5.969s] [ 61%] [32mBuilding C object CMakeFiles/auto_aim_interfaces__rosidl_typesupport_introspection_c.dir/rosidl_typesupport_introspection_c/auto_aim_interfaces/msg/detail/target__type_support.c.o[0m
[6.010s] [ 62%] [32mBuilding C object CMakeFiles/auto_aim_interfaces__rosidl_typesupport_introspection_c.dir/rosidl_typesupport_introspection_c/auto_aim_interfaces/msg/detail/debug_light__type_support.c.o[0m
[6.027s] [ 63%] [32mBuilding CXX object CMakeFiles/auto_aim_interfaces__rosidl_typesupport_fastrtps_cpp.dir/rosidl_typesupport_fastrtps_cpp/auto_aim_interfaces/msg/detail/dds_fastrtps/detector_latency__type_support.cpp.o[0m
[6.033s] [ 64%] [32mBuilding CXX object CMakeFiles/auto_aim_interfaces__rosidl_typesupport_fastrtps_cpp.dir/rosidl_typesupport_fastrtps_cpp/auto_aim_interfaces/msg/detail/dds_fastrtps/tracker_latency__type_support.cpp.o[0m
[6.049s] [ 64%] [32mBuilding C object CMakeFiles/auto_aim_interfaces__rosidl_typesupport_introspection_c.dir/rosidl_typesupport_introspection_c/auto_aim_interfaces/msg/detail/debug_lights__type_support.c.o[0m
[6.063s] [ 65%] [32mBuilding C object CMakeFiles/auto_aim_interfaces__rosidl_typesupport_introspection_c.dir/rosidl_typesupport_introspection_c/auto_aim_interfaces/msg/detail/debug_armor__type_support.c.o[0m
[6.074s] [ 66%] [32mBuilding C object CMakeFiles/auto_aim_interfaces__rosidl_typesupport_introspection_c.dir/rosidl_typesupport_introspection_c/auto_aim_interfaces/msg/detail/debug_armors__type_support.c.o[0m
[6.079s] [ 66%] [32mBuilding C object CMakeFiles/auto_aim_interfaces__rosidl_typesupport_introspection_c.dir/rosidl_typesupport_introspection_c/auto_aim_interfaces/msg/detail/tracker_info__type_support.c.o[0m
[6.099s] [ 67%] [32mBuilding C object CMakeFiles/auto_aim_interfaces__rosidl_typesupport_introspection_c.dir/rosidl_typesupport_introspection_c/auto_aim_interfaces/msg/detail/time_info__type_support.c.o[0m
[6.126s] [ 68%] [32mBuilding C object CMakeFiles/auto_aim_interfaces__rosidl_typesupport_introspection_c.dir/rosidl_typesupport_introspection_c/auto_aim_interfaces/msg/detail/velocity__type_support.c.o[0m
[6.126s] [ 68%] [32mBuilding C object CMakeFiles/auto_aim_interfaces__rosidl_typesupport_introspection_c.dir/rosidl_typesupport_introspection_c/auto_aim_interfaces/msg/detail/send__type_support.c.o[0m
[6.144s] [ 69%] [32mBuilding C object CMakeFiles/auto_aim_interfaces__rosidl_typesupport_introspection_c.dir/rosidl_typesupport_introspection_c/auto_aim_interfaces/msg/detail/receive__type_support.c.o[0m
[6.190s] [ 70%] [32mBuilding C object CMakeFiles/auto_aim_interfaces__rosidl_typesupport_introspection_c.dir/rosidl_typesupport_introspection_c/auto_aim_interfaces/msg/detail/test__type_support.c.o[0m
[6.195s] [ 70%] [32mBuilding C object CMakeFiles/auto_aim_interfaces__rosidl_typesupport_introspection_c.dir/rosidl_typesupport_introspection_c/auto_aim_interfaces/msg/detail/solve_info__type_support.c.o[0m
[6.208s] [ 71%] [32m[1mLinking CXX shared library libauto_aim_interfaces__rosidl_typesupport_introspection_cpp.so[0m
[6.211s] [ 72%] [32mBuilding C object CMakeFiles/auto_aim_interfaces__rosidl_typesupport_introspection_c.dir/rosidl_typesupport_introspection_c/auto_aim_interfaces/msg/detail/tracker_latency__type_support.c.o[0m
[6.213s] [ 73%] [32mBuilding C object CMakeFiles/auto_aim_interfaces__rosidl_typesupport_introspection_c.dir/rosidl_typesupport_introspection_c/auto_aim_interfaces/msg/detail/detector_latency__type_support.c.o[0m
[6.277s] [ 74%] [32mBuilding CXX object CMakeFiles/auto_aim_interfaces__rosidl_typesupport_fastrtps_c.dir/rosidl_typesupport_fastrtps_c/auto_aim_interfaces/msg/detail/armors__type_support_c.cpp.o[0m
[6.277s] [ 74%] [32mBuilding CXX object CMakeFiles/auto_aim_interfaces__rosidl_typesupport_fastrtps_c.dir/rosidl_typesupport_fastrtps_c/auto_aim_interfaces/msg/detail/debug_light__type_support_c.cpp.o[0m
[6.278s] [ 75%] [32mBuilding CXX object CMakeFiles/auto_aim_interfaces__rosidl_typesupport_fastrtps_c.dir/rosidl_typesupport_fastrtps_c/auto_aim_interfaces/msg/detail/target__type_support_c.cpp.o[0m
[6.278s] [ 76%] [32mBuilding CXX object CMakeFiles/auto_aim_interfaces__rosidl_typesupport_fastrtps_c.dir/rosidl_typesupport_fastrtps_c/auto_aim_interfaces/msg/detail/debug_lights__type_support_c.cpp.o[0m
[6.278s] [ 76%] [32mBuilding CXX object CMakeFiles/auto_aim_interfaces__rosidl_typesupport_fastrtps_c.dir/rosidl_typesupport_fastrtps_c/auto_aim_interfaces/msg/detail/armor__type_support_c.cpp.o[0m
[6.278s] [ 77%] [32mBuilding CXX object CMakeFiles/auto_aim_interfaces__rosidl_typesupport_fastrtps_c.dir/rosidl_typesupport_fastrtps_c/auto_aim_interfaces/msg/detail/debug_armor__type_support_c.cpp.o[0m
[6.280s] [ 77%] [32mBuilding CXX object CMakeFiles/auto_aim_interfaces__rosidl_typesupport_fastrtps_c.dir/rosidl_typesupport_fastrtps_c/auto_aim_interfaces/msg/detail/debug_armors__type_support_c.cpp.o[0m
[6.287s] [ 77%] [32m[1mLinking C shared library libauto_aim_interfaces__rosidl_typesupport_introspection_c.so[0m
[6.287s] [ 79%] [32mBuilding CXX object CMakeFiles/auto_aim_interfaces__rosidl_typesupport_fastrtps_c.dir/rosidl_typesupport_fastrtps_c/auto_aim_interfaces/msg/detail/tracker_info__type_support_c.cpp.o[0m
[6.287s] [ 78%] [32mBuilding CXX object CMakeFiles/auto_aim_interfaces__rosidl_typesupport_fastrtps_c.dir/rosidl_typesupport_fastrtps_c/auto_aim_interfaces/msg/detail/time_info__type_support_c.cpp.o[0m
[6.292s] [ 79%] [32mBuilding CXX object CMakeFiles/auto_aim_interfaces__rosidl_typesupport_fastrtps_c.dir/rosidl_typesupport_fastrtps_c/auto_aim_interfaces/msg/detail/send__type_support_c.cpp.o[0m
[6.331s] [ 80%] [32mBuilding CXX object CMakeFiles/auto_aim_interfaces__rosidl_typesupport_fastrtps_c.dir/rosidl_typesupport_fastrtps_c/auto_aim_interfaces/msg/detail/velocity__type_support_c.cpp.o[0m
[6.378s] [ 80%] Built target auto_aim_interfaces__rosidl_typesupport_introspection_c
[6.404s] [ 80%] [32mBuilding CXX object CMakeFiles/auto_aim_interfaces__rosidl_typesupport_fastrtps_c.dir/rosidl_typesupport_fastrtps_c/auto_aim_interfaces/msg/detail/test__type_support_c.cpp.o[0m
[6.405s] [ 81%] [32mBuilding CXX object CMakeFiles/auto_aim_interfaces__rosidl_typesupport_fastrtps_c.dir/rosidl_typesupport_fastrtps_c/auto_aim_interfaces/msg/detail/receive__type_support_c.cpp.o[0m
[6.408s] [ 82%] [32mBuilding CXX object CMakeFiles/auto_aim_interfaces__rosidl_typesupport_fastrtps_c.dir/rosidl_typesupport_fastrtps_c/auto_aim_interfaces/msg/detail/solve_info__type_support_c.cpp.o[0m
[6.419s] [ 83%] [32mBuilding CXX object CMakeFiles/auto_aim_interfaces__rosidl_typesupport_fastrtps_c.dir/rosidl_typesupport_fastrtps_c/auto_aim_interfaces/msg/detail/detector_latency__type_support_c.cpp.o[0m
[6.419s] [ 83%] Built target auto_aim_interfaces__rosidl_typesupport_introspection_cpp
[6.436s] [ 83%] [32mBuilding CXX object CMakeFiles/auto_aim_interfaces__rosidl_typesupport_fastrtps_c.dir/rosidl_typesupport_fastrtps_c/auto_aim_interfaces/msg/detail/tracker_latency__type_support_c.cpp.o[0m
[6.695s] [ 83%] [32m[1mLinking CXX shared library libauto_aim_interfaces__rosidl_typesupport_fastrtps_cpp.so[0m
[6.835s] [ 83%] Built target auto_aim_interfaces__rosidl_typesupport_fastrtps_cpp
[6.925s] [ 84%] [32m[1mLinking CXX shared library libauto_aim_interfaces__rosidl_typesupport_fastrtps_c.so[0m
[6.988s] [ 84%] Built target auto_aim_interfaces__rosidl_typesupport_fastrtps_c
[7.007s] [ 84%] Built target auto_aim_interfaces
[7.024s] [ 85%] [34m[1mGenerating Python code for ROS interfaces[0m
[8.145s] [ 85%] Built target auto_aim_interfaces__py
[8.165s] [ 86%] [32mBuilding C object CMakeFiles/auto_aim_interfaces__rosidl_generator_py.dir/rosidl_generator_py/auto_aim_interfaces/msg/_debug_light_s.c.o[0m
[8.165s] [ 86%] [32mBuilding C object CMakeFiles/auto_aim_interfaces__rosidl_generator_py.dir/rosidl_generator_py/auto_aim_interfaces/msg/_debug_lights_s.c.o[0m
[8.166s] [ 87%] [32mBuilding C object CMakeFiles/auto_aim_interfaces__rosidl_generator_py.dir/rosidl_generator_py/auto_aim_interfaces/msg/_debug_armor_s.c.o[0m
[8.166s] [ 88%] [32mBuilding C object CMakeFiles/auto_aim_interfaces__rosidl_generator_py.dir/rosidl_generator_py/auto_aim_interfaces/msg/_tracker_info_s.c.o[0m
[8.166s] [ 88%] [32mBuilding C object CMakeFiles/auto_aim_interfaces__rosidl_generator_py.dir/rosidl_generator_py/auto_aim_interfaces/msg/_send_s.c.o[0m
[8.167s] [ 88%] [32mBuilding C object CMakeFiles/auto_aim_interfaces__rosidl_generator_py.dir/rosidl_generator_py/auto_aim_interfaces/msg/_armor_s.c.o[0m
[8.167s] [ 89%] [32mBuilding C object CMakeFiles/auto_aim_interfaces__rosidl_generator_py.dir/rosidl_generator_py/auto_aim_interfaces/msg/_receive_s.c.o[0m
[8.167s] [ 90%] [32mBuilding C object CMakeFiles/auto_aim_interfaces__rosidl_generator_py.dir/rosidl_generator_py/auto_aim_interfaces/msg/_target_s.c.o[0m
[8.168s] [ 91%] [32mBuilding C object CMakeFiles/auto_aim_interfaces__rosidl_generator_py.dir/rosidl_generator_py/auto_aim_interfaces/msg/_armors_s.c.o[0m
[8.169s] [ 92%] [32mBuilding C object CMakeFiles/auto_aim_interfaces__rosidl_generator_py.dir/rosidl_generator_py/auto_aim_interfaces/msg/_test_s.c.o[0m
[8.169s] [ 92%] [32mBuilding C object CMakeFiles/auto_aim_interfaces__rosidl_generator_py.dir/rosidl_generator_py/auto_aim_interfaces/msg/_time_info_s.c.o[0m
[8.170s] [ 92%] [32mBuilding C object CMakeFiles/auto_aim_interfaces__rosidl_generator_py.dir/rosidl_generator_py/auto_aim_interfaces/msg/_debug_armors_s.c.o[0m
[8.171s] [ 92%] [32mBuilding C object CMakeFiles/auto_aim_interfaces__rosidl_generator_py.dir/rosidl_generator_py/auto_aim_interfaces/msg/_tracker_latency_s.c.o[0m
[8.172s] [ 93%] [32mBuilding C object CMakeFiles/auto_aim_interfaces__rosidl_generator_py.dir/rosidl_generator_py/auto_aim_interfaces/msg/_velocity_s.c.o[0m
[8.172s] [ 94%] [32mBuilding C object CMakeFiles/auto_aim_interfaces__rosidl_generator_py.dir/rosidl_generator_py/auto_aim_interfaces/msg/_detector_latency_s.c.o[0m
[8.172s] [ 95%] [32mBuilding C object CMakeFiles/auto_aim_interfaces__rosidl_generator_py.dir/rosidl_generator_py/auto_aim_interfaces/msg/_solve_info_s.c.o[0m
[8.326s] [ 96%] [32m[1mLinking C shared library rosidl_generator_py/auto_aim_interfaces/libauto_aim_interfaces__rosidl_generator_py.so[0m
[8.367s] [ 96%] Built target auto_aim_interfaces__rosidl_generator_py
[8.386s] [ 97%] [32mBuilding C object CMakeFiles/auto_aim_interfaces__rosidl_typesupport_fastrtps_c__pyext.dir/rosidl_generator_py/auto_aim_interfaces/_auto_aim_interfaces_s.ep.rosidl_typesupport_fastrtps_c.c.o[0m
[8.389s] [ 99%] [32mBuilding C object CMakeFiles/auto_aim_interfaces__rosidl_typesupport_introspection_c__pyext.dir/rosidl_generator_py/auto_aim_interfaces/_auto_aim_interfaces_s.ep.rosidl_typesupport_introspection_c.c.o[0m
[8.389s] [ 99%] [32mBuilding C object CMakeFiles/auto_aim_interfaces__rosidl_typesupport_c__pyext.dir/rosidl_generator_py/auto_aim_interfaces/_auto_aim_interfaces_s.ep.rosidl_typesupport_c.c.o[0m
[8.493s] [100%] [32m[1mLinking C shared library rosidl_generator_py/auto_aim_interfaces/auto_aim_interfaces_s__rosidl_typesupport_introspection_c.cpython-310-x86_64-linux-gnu.so[0m
[8.493s] [100%] [32m[1mLinking C shared library rosidl_generator_py/auto_aim_interfaces/auto_aim_interfaces_s__rosidl_typesupport_c.cpython-310-x86_64-linux-gnu.so[0m
[8.496s] [100%] [32m[1mLinking C shared library rosidl_generator_py/auto_aim_interfaces/auto_aim_interfaces_s__rosidl_typesupport_fastrtps_c.cpython-310-x86_64-linux-gnu.so[0m
[8.526s] [100%] Built target auto_aim_interfaces__rosidl_typesupport_c__pyext
[8.532s] [100%] Built target auto_aim_interfaces__rosidl_typesupport_fastrtps_c__pyext
[8.535s] [100%] Built target auto_aim_interfaces__rosidl_typesupport_introspection_c__pyext
[8.547s] Invoked command in '/home/hdm/ttttt/tracker_plus/build/auto_aim_interfaces' returned '0': CMAKE_PREFIX_PATH=/opt/ros/humble /usr/bin/cmake --build /home/hdm/ttttt/tracker_plus/build/auto_aim_interfaces -- -j24 -l24
[8.547s] Invoking command in '/home/hdm/ttttt/tracker_plus/build/auto_aim_interfaces': CMAKE_PREFIX_PATH=/opt/ros/humble /usr/bin/cmake --install /home/hdm/ttttt/tracker_plus/build/auto_aim_interfaces
[8.552s] -- Install configuration: ""
[8.553s] -- Execute custom install script
[8.553s] -- Symlinking: /home/hdm/ttttt/tracker_plus/install/auto_aim_interfaces/share/ament_index/resource_index/rosidl_interfaces/auto_aim_interfaces
[8.561s] -- Symlinking: /home/hdm/ttttt/tracker_plus/install/auto_aim_interfaces/include/auto_aim_interfaces/auto_aim_interfaces/msg/armor.h
[8.567s] -- Symlinking: /home/hdm/ttttt/tracker_plus/install/auto_aim_interfaces/include/auto_aim_interfaces/auto_aim_interfaces/msg/armors.h
[8.573s] -- Symlinking: /home/hdm/ttttt/tracker_plus/install/auto_aim_interfaces/include/auto_aim_interfaces/auto_aim_interfaces/msg/debug_armor.h
[8.579s] -- Symlinking: /home/hdm/ttttt/tracker_plus/install/auto_aim_interfaces/include/auto_aim_interfaces/auto_aim_interfaces/msg/debug_armors.h
[8.587s] -- Symlinking: /home/hdm/ttttt/tracker_plus/install/auto_aim_interfaces/include/auto_aim_interfaces/auto_aim_interfaces/msg/debug_light.h
[8.594s] -- Symlinking: /home/hdm/ttttt/tracker_plus/install/auto_aim_interfaces/include/auto_aim_interfaces/auto_aim_interfaces/msg/debug_lights.h
[8.602s] -- Symlinking: /home/hdm/ttttt/tracker_plus/install/auto_aim_interfaces/include/auto_aim_interfaces/auto_aim_interfaces/msg/detail/armor__functions.h
[8.608s] -- Symlinking: /home/hdm/ttttt/tracker_plus/install/auto_aim_interfaces/include/auto_aim_interfaces/auto_aim_interfaces/msg/detail/armor__struct.h
[8.614s] -- Symlinking: /home/hdm/ttttt/tracker_plus/install/auto_aim_interfaces/include/auto_aim_interfaces/auto_aim_interfaces/msg/detail/armor__type_support.h
[8.621s] -- Symlinking: /home/hdm/ttttt/tracker_plus/install/auto_aim_interfaces/include/auto_aim_interfaces/auto_aim_interfaces/msg/detail/armors__functions.h
[8.628s] -- Symlinking: /home/hdm/ttttt/tracker_plus/install/auto_aim_interfaces/include/auto_aim_interfaces/auto_aim_interfaces/msg/detail/armors__struct.h
[8.634s] -- Symlinking: /home/hdm/ttttt/tracker_plus/install/auto_aim_interfaces/include/auto_aim_interfaces/auto_aim_interfaces/msg/detail/armors__type_support.h
[8.639s] -- Symlinking: /home/hdm/ttttt/tracker_plus/install/auto_aim_interfaces/include/auto_aim_interfaces/auto_aim_interfaces/msg/detail/debug_armor__functions.h
[8.646s] -- Symlinking: /home/hdm/ttttt/tracker_plus/install/auto_aim_interfaces/include/auto_aim_interfaces/auto_aim_interfaces/msg/detail/debug_armor__struct.h
[8.653s] -- Symlinking: /home/hdm/ttttt/tracker_plus/install/auto_aim_interfaces/include/auto_aim_interfaces/auto_aim_interfaces/msg/detail/debug_armor__type_support.h
[8.660s] -- Symlinking: /home/hdm/ttttt/tracker_plus/install/auto_aim_interfaces/include/auto_aim_interfaces/auto_aim_interfaces/msg/detail/debug_armors__functions.h
[8.667s] -- Symlinking: /home/hdm/ttttt/tracker_plus/install/auto_aim_interfaces/include/auto_aim_interfaces/auto_aim_interfaces/msg/detail/debug_armors__struct.h
[8.673s] -- Symlinking: /home/hdm/ttttt/tracker_plus/install/auto_aim_interfaces/include/auto_aim_interfaces/auto_aim_interfaces/msg/detail/debug_armors__type_support.h
[8.678s] -- Symlinking: /home/hdm/ttttt/tracker_plus/install/auto_aim_interfaces/include/auto_aim_interfaces/auto_aim_interfaces/msg/detail/debug_light__functions.h
[8.684s] -- Symlinking: /home/hdm/ttttt/tracker_plus/install/auto_aim_interfaces/include/auto_aim_interfaces/auto_aim_interfaces/msg/detail/debug_light__struct.h
[8.689s] -- Symlinking: /home/hdm/ttttt/tracker_plus/install/auto_aim_interfaces/include/auto_aim_interfaces/auto_aim_interfaces/msg/detail/debug_light__type_support.h
[8.694s] -- Symlinking: /home/hdm/ttttt/tracker_plus/install/auto_aim_interfaces/include/auto_aim_interfaces/auto_aim_interfaces/msg/detail/debug_lights__functions.h
[8.700s] -- Symlinking: /home/hdm/ttttt/tracker_plus/install/auto_aim_interfaces/include/auto_aim_interfaces/auto_aim_interfaces/msg/detail/debug_lights__struct.h
[8.706s] -- Symlinking: /home/hdm/ttttt/tracker_plus/install/auto_aim_interfaces/include/auto_aim_interfaces/auto_aim_interfaces/msg/detail/debug_lights__type_support.h
[8.712s] -- Symlinking: /home/hdm/ttttt/tracker_plus/install/auto_aim_interfaces/include/auto_aim_interfaces/auto_aim_interfaces/msg/detail/detector_latency__functions.h
[8.717s] -- Symlinking: /home/hdm/ttttt/tracker_plus/install/auto_aim_interfaces/include/auto_aim_interfaces/auto_aim_interfaces/msg/detail/detector_latency__struct.h
[8.723s] -- Symlinking: /home/hdm/ttttt/tracker_plus/install/auto_aim_interfaces/include/auto_aim_interfaces/auto_aim_interfaces/msg/detail/detector_latency__type_support.h
[8.730s] -- Symlinking: /home/hdm/ttttt/tracker_plus/install/auto_aim_interfaces/include/auto_aim_interfaces/auto_aim_interfaces/msg/detail/receive__functions.h
[8.736s] -- Symlinking: /home/hdm/ttttt/tracker_plus/install/auto_aim_interfaces/include/auto_aim_interfaces/auto_aim_interfaces/msg/detail/receive__struct.h
[8.742s] -- Symlinking: /home/hdm/ttttt/tracker_plus/install/auto_aim_interfaces/include/auto_aim_interfaces/auto_aim_interfaces/msg/detail/receive__type_support.h
[8.748s] -- Symlinking: /home/hdm/ttttt/tracker_plus/install/auto_aim_interfaces/include/auto_aim_interfaces/auto_aim_interfaces/msg/detail/send__functions.h
[8.755s] -- Symlinking: /home/hdm/ttttt/tracker_plus/install/auto_aim_interfaces/include/auto_aim_interfaces/auto_aim_interfaces/msg/detail/send__struct.h
[8.761s] -- Symlinking: /home/hdm/ttttt/tracker_plus/install/auto_aim_interfaces/include/auto_aim_interfaces/auto_aim_interfaces/msg/detail/send__type_support.h
[8.766s] -- Symlinking: /home/hdm/ttttt/tracker_plus/install/auto_aim_interfaces/include/auto_aim_interfaces/auto_aim_interfaces/msg/detail/solve_info__functions.h
[8.772s] -- Symlinking: /home/hdm/ttttt/tracker_plus/install/auto_aim_interfaces/include/auto_aim_interfaces/auto_aim_interfaces/msg/detail/solve_info__struct.h
[8.779s] -- Symlinking: /home/hdm/ttttt/tracker_plus/install/auto_aim_interfaces/include/auto_aim_interfaces/auto_aim_interfaces/msg/detail/solve_info__type_support.h
[8.786s] -- Symlinking: /home/hdm/ttttt/tracker_plus/install/auto_aim_interfaces/include/auto_aim_interfaces/auto_aim_interfaces/msg/detail/target__functions.h
[8.797s] -- Symlinking: /home/hdm/ttttt/tracker_plus/install/auto_aim_interfaces/include/auto_aim_interfaces/auto_aim_interfaces/msg/detail/target__struct.h
[8.803s] -- Symlinking: /home/hdm/ttttt/tracker_plus/install/auto_aim_interfaces/include/auto_aim_interfaces/auto_aim_interfaces/msg/detail/target__type_support.h
[8.809s] -- Symlinking: /home/hdm/ttttt/tracker_plus/install/auto_aim_interfaces/include/auto_aim_interfaces/auto_aim_interfaces/msg/detail/test__functions.h
[8.815s] -- Symlinking: /home/hdm/ttttt/tracker_plus/install/auto_aim_interfaces/include/auto_aim_interfaces/auto_aim_interfaces/msg/detail/test__struct.h
[8.821s] -- Symlinking: /home/hdm/ttttt/tracker_plus/install/auto_aim_interfaces/include/auto_aim_interfaces/auto_aim_interfaces/msg/detail/test__type_support.h
[8.828s] -- Symlinking: /home/hdm/ttttt/tracker_plus/install/auto_aim_interfaces/include/auto_aim_interfaces/auto_aim_interfaces/msg/detail/time_info__functions.h
[8.833s] -- Symlinking: /home/hdm/ttttt/tracker_plus/install/auto_aim_interfaces/include/auto_aim_interfaces/auto_aim_interfaces/msg/detail/time_info__struct.h
[8.839s] -- Symlinking: /home/hdm/ttttt/tracker_plus/install/auto_aim_interfaces/include/auto_aim_interfaces/auto_aim_interfaces/msg/detail/time_info__type_support.h
[8.845s] -- Symlinking: /home/hdm/ttttt/tracker_plus/install/auto_aim_interfaces/include/auto_aim_interfaces/auto_aim_interfaces/msg/detail/tracker_info__functions.h
[8.852s] -- Symlinking: /home/hdm/ttttt/tracker_plus/install/auto_aim_interfaces/include/auto_aim_interfaces/auto_aim_interfaces/msg/detail/tracker_info__struct.h
[8.858s] -- Symlinking: /home/hdm/ttttt/tracker_plus/install/auto_aim_interfaces/include/auto_aim_interfaces/auto_aim_interfaces/msg/detail/tracker_info__type_support.h
[8.864s] -- Symlinking: /home/hdm/ttttt/tracker_plus/install/auto_aim_interfaces/include/auto_aim_interfaces/auto_aim_interfaces/msg/detail/tracker_latency__functions.h
[8.871s] -- Symlinking: /home/hdm/ttttt/tracker_plus/install/auto_aim_interfaces/include/auto_aim_interfaces/auto_aim_interfaces/msg/detail/tracker_latency__struct.h
[8.877s] -- Symlinking: /home/hdm/ttttt/tracker_plus/install/auto_aim_interfaces/include/auto_aim_interfaces/auto_aim_interfaces/msg/detail/tracker_latency__type_support.h
[8.883s] -- Symlinking: /home/hdm/ttttt/tracker_plus/install/auto_aim_interfaces/include/auto_aim_interfaces/auto_aim_interfaces/msg/detail/velocity__functions.h
[8.889s] -- Symlinking: /home/hdm/ttttt/tracker_plus/install/auto_aim_interfaces/include/auto_aim_interfaces/auto_aim_interfaces/msg/detail/velocity__struct.h
[8.896s] -- Symlinking: /home/hdm/ttttt/tracker_plus/install/auto_aim_interfaces/include/auto_aim_interfaces/auto_aim_interfaces/msg/detail/velocity__type_support.h
[8.902s] -- Symlinking: /home/hdm/ttttt/tracker_plus/install/auto_aim_interfaces/include/auto_aim_interfaces/auto_aim_interfaces/msg/detector_latency.h
[8.908s] -- Symlinking: /home/hdm/ttttt/tracker_plus/install/auto_aim_interfaces/include/auto_aim_interfaces/auto_aim_interfaces/msg/receive.h
[8.915s] -- Symlinking: /home/hdm/ttttt/tracker_plus/install/auto_aim_interfaces/include/auto_aim_interfaces/auto_aim_interfaces/msg/rosidl_generator_c__visibility_control.h
[8.922s] -- Symlinking: /home/hdm/ttttt/tracker_plus/install/auto_aim_interfaces/include/auto_aim_interfaces/auto_aim_interfaces/msg/send.h
[8.928s] -- Symlinking: /home/hdm/ttttt/tracker_plus/install/auto_aim_interfaces/include/auto_aim_interfaces/auto_aim_interfaces/msg/solve_info.h
[8.935s] -- Symlinking: /home/hdm/ttttt/tracker_plus/install/auto_aim_interfaces/include/auto_aim_interfaces/auto_aim_interfaces/msg/target.h
[8.942s] -- Symlinking: /home/hdm/ttttt/tracker_plus/install/auto_aim_interfaces/include/auto_aim_interfaces/auto_aim_interfaces/msg/test.h
[8.947s] -- Symlinking: /home/hdm/ttttt/tracker_plus/install/auto_aim_interfaces/include/auto_aim_interfaces/auto_aim_interfaces/msg/time_info.h
[8.953s] -- Symlinking: /home/hdm/ttttt/tracker_plus/install/auto_aim_interfaces/include/auto_aim_interfaces/auto_aim_interfaces/msg/tracker_info.h
[8.960s] -- Symlinking: /home/hdm/ttttt/tracker_plus/install/auto_aim_interfaces/include/auto_aim_interfaces/auto_aim_interfaces/msg/tracker_latency.h
[8.966s] -- Symlinking: /home/hdm/ttttt/tracker_plus/install/auto_aim_interfaces/include/auto_aim_interfaces/auto_aim_interfaces/msg/velocity.h
[8.972s] -- Symlinking: /home/hdm/ttttt/tracker_plus/install/auto_aim_interfaces/share/auto_aim_interfaces/environment/library_path.sh
[8.978s] -- Symlinking: /home/hdm/ttttt/tracker_plus/install/auto_aim_interfaces/share/auto_aim_interfaces/environment/library_path.dsv
[8.985s] -- Symlinking: /home/hdm/ttttt/tracker_plus/install/auto_aim_interfaces/include/auto_aim_interfaces/auto_aim_interfaces/msg/detail/armor__rosidl_typesupport_fastrtps_c.h
[8.990s] -- Symlinking: /home/hdm/ttttt/tracker_plus/install/auto_aim_interfaces/include/auto_aim_interfaces/auto_aim_interfaces/msg/detail/armors__rosidl_typesupport_fastrtps_c.h
[8.997s] -- Symlinking: /home/hdm/ttttt/tracker_plus/install/auto_aim_interfaces/include/auto_aim_interfaces/auto_aim_interfaces/msg/detail/debug_armor__rosidl_typesupport_fastrtps_c.h
[9.003s] -- Symlinking: /home/hdm/ttttt/tracker_plus/install/auto_aim_interfaces/include/auto_aim_interfaces/auto_aim_interfaces/msg/detail/debug_armors__rosidl_typesupport_fastrtps_c.h
[9.010s] -- Symlinking: /home/hdm/ttttt/tracker_plus/install/auto_aim_interfaces/include/auto_aim_interfaces/auto_aim_interfaces/msg/detail/debug_light__rosidl_typesupport_fastrtps_c.h
[9.017s] -- Symlinking: /home/hdm/ttttt/tracker_plus/install/auto_aim_interfaces/include/auto_aim_interfaces/auto_aim_interfaces/msg/detail/debug_lights__rosidl_typesupport_fastrtps_c.h
[9.023s] -- Symlinking: /home/hdm/ttttt/tracker_plus/install/auto_aim_interfaces/include/auto_aim_interfaces/auto_aim_interfaces/msg/detail/detector_latency__rosidl_typesupport_fastrtps_c.h
[9.032s] -- Symlinking: /home/hdm/ttttt/tracker_plus/install/auto_aim_interfaces/include/auto_aim_interfaces/auto_aim_interfaces/msg/detail/receive__rosidl_typesupport_fastrtps_c.h
[9.039s] -- Symlinking: /home/hdm/ttttt/tracker_plus/install/auto_aim_interfaces/include/auto_aim_interfaces/auto_aim_interfaces/msg/detail/send__rosidl_typesupport_fastrtps_c.h
[9.047s] -- Symlinking: /home/hdm/ttttt/tracker_plus/install/auto_aim_interfaces/include/auto_aim_interfaces/auto_aim_interfaces/msg/detail/solve_info__rosidl_typesupport_fastrtps_c.h
[9.056s] -- Symlinking: /home/hdm/ttttt/tracker_plus/install/auto_aim_interfaces/include/auto_aim_interfaces/auto_aim_interfaces/msg/detail/target__rosidl_typesupport_fastrtps_c.h
[9.062s] -- Symlinking: /home/hdm/ttttt/tracker_plus/install/auto_aim_interfaces/include/auto_aim_interfaces/auto_aim_interfaces/msg/detail/test__rosidl_typesupport_fastrtps_c.h
[9.070s] -- Symlinking: /home/hdm/ttttt/tracker_plus/install/auto_aim_interfaces/include/auto_aim_interfaces/auto_aim_interfaces/msg/detail/time_info__rosidl_typesupport_fastrtps_c.h
[9.079s] -- Symlinking: /home/hdm/ttttt/tracker_plus/install/auto_aim_interfaces/include/auto_aim_interfaces/auto_aim_interfaces/msg/detail/tracker_info__rosidl_typesupport_fastrtps_c.h
[9.086s] -- Symlinking: /home/hdm/ttttt/tracker_plus/install/auto_aim_interfaces/include/auto_aim_interfaces/auto_aim_interfaces/msg/detail/tracker_latency__rosidl_typesupport_fastrtps_c.h
[9.094s] -- Symlinking: /home/hdm/ttttt/tracker_plus/install/auto_aim_interfaces/include/auto_aim_interfaces/auto_aim_interfaces/msg/detail/velocity__rosidl_typesupport_fastrtps_c.h
[9.101s] -- Symlinking: /home/hdm/ttttt/tracker_plus/install/auto_aim_interfaces/include/auto_aim_interfaces/auto_aim_interfaces/msg/rosidl_typesupport_fastrtps_c__visibility_control.h
[9.108s] -- Symlinking: /home/hdm/ttttt/tracker_plus/install/auto_aim_interfaces/include/auto_aim_interfaces/auto_aim_interfaces/msg/detail/armor__rosidl_typesupport_introspection_c.h
[9.115s] -- Symlinking: /home/hdm/ttttt/tracker_plus/install/auto_aim_interfaces/include/auto_aim_interfaces/auto_aim_interfaces/msg/detail/armors__rosidl_typesupport_introspection_c.h
[9.122s] -- Symlinking: /home/hdm/ttttt/tracker_plus/install/auto_aim_interfaces/include/auto_aim_interfaces/auto_aim_interfaces/msg/detail/debug_armor__rosidl_typesupport_introspection_c.h
[9.129s] -- Symlinking: /home/hdm/ttttt/tracker_plus/install/auto_aim_interfaces/include/auto_aim_interfaces/auto_aim_interfaces/msg/detail/debug_armors__rosidl_typesupport_introspection_c.h
[9.137s] -- Symlinking: /home/hdm/ttttt/tracker_plus/install/auto_aim_interfaces/include/auto_aim_interfaces/auto_aim_interfaces/msg/detail/debug_light__rosidl_typesupport_introspection_c.h
[9.145s] -- Symlinking: /home/hdm/ttttt/tracker_plus/install/auto_aim_interfaces/include/auto_aim_interfaces/auto_aim_interfaces/msg/detail/debug_lights__rosidl_typesupport_introspection_c.h
[9.151s] -- Symlinking: /home/hdm/ttttt/tracker_plus/install/auto_aim_interfaces/include/auto_aim_interfaces/auto_aim_interfaces/msg/detail/detector_latency__rosidl_typesupport_introspection_c.h
[9.160s] -- Symlinking: /home/hdm/ttttt/tracker_plus/install/auto_aim_interfaces/include/auto_aim_interfaces/auto_aim_interfaces/msg/detail/receive__rosidl_typesupport_introspection_c.h
[9.166s] -- Symlinking: /home/hdm/ttttt/tracker_plus/install/auto_aim_interfaces/include/auto_aim_interfaces/auto_aim_interfaces/msg/detail/send__rosidl_typesupport_introspection_c.h
[9.172s] -- Symlinking: /home/hdm/ttttt/tracker_plus/install/auto_aim_interfaces/include/auto_aim_interfaces/auto_aim_interfaces/msg/detail/solve_info__rosidl_typesupport_introspection_c.h
[9.179s] -- Symlinking: /home/hdm/ttttt/tracker_plus/install/auto_aim_interfaces/include/auto_aim_interfaces/auto_aim_interfaces/msg/detail/target__rosidl_typesupport_introspection_c.h
[9.185s] -- Symlinking: /home/hdm/ttttt/tracker_plus/install/auto_aim_interfaces/include/auto_aim_interfaces/auto_aim_interfaces/msg/detail/test__rosidl_typesupport_introspection_c.h
[9.194s] -- Symlinking: /home/hdm/ttttt/tracker_plus/install/auto_aim_interfaces/include/auto_aim_interfaces/auto_aim_interfaces/msg/detail/time_info__rosidl_typesupport_introspection_c.h
[9.200s] -- Symlinking: /home/hdm/ttttt/tracker_plus/install/auto_aim_interfaces/include/auto_aim_interfaces/auto_aim_interfaces/msg/detail/tracker_info__rosidl_typesupport_introspection_c.h
[9.207s] -- Symlinking: /home/hdm/ttttt/tracker_plus/install/auto_aim_interfaces/include/auto_aim_interfaces/auto_aim_interfaces/msg/detail/tracker_latency__rosidl_typesupport_introspection_c.h
[9.213s] -- Symlinking: /home/hdm/ttttt/tracker_plus/install/auto_aim_interfaces/include/auto_aim_interfaces/auto_aim_interfaces/msg/detail/velocity__rosidl_typesupport_introspection_c.h
[9.219s] -- Symlinking: /home/hdm/ttttt/tracker_plus/install/auto_aim_interfaces/include/auto_aim_interfaces/auto_aim_interfaces/msg/rosidl_typesupport_introspection_c__visibility_control.h
[9.226s] -- Symlinking: /home/hdm/ttttt/tracker_plus/install/auto_aim_interfaces/include/auto_aim_interfaces/auto_aim_interfaces/msg/armor.hpp
[9.232s] -- Symlinking: /home/hdm/ttttt/tracker_plus/install/auto_aim_interfaces/include/auto_aim_interfaces/auto_aim_interfaces/msg/armors.hpp
[9.238s] -- Symlinking: /home/hdm/ttttt/tracker_plus/install/auto_aim_interfaces/include/auto_aim_interfaces/auto_aim_interfaces/msg/debug_armor.hpp
[9.246s] -- Symlinking: /home/hdm/ttttt/tracker_plus/install/auto_aim_interfaces/include/auto_aim_interfaces/auto_aim_interfaces/msg/debug_armors.hpp
[9.254s] -- Symlinking: /home/hdm/ttttt/tracker_plus/install/auto_aim_interfaces/include/auto_aim_interfaces/auto_aim_interfaces/msg/debug_light.hpp
[9.262s] -- Symlinking: /home/hdm/ttttt/tracker_plus/install/auto_aim_interfaces/include/auto_aim_interfaces/auto_aim_interfaces/msg/debug_lights.hpp
[9.269s] -- Symlinking: /home/hdm/ttttt/tracker_plus/install/auto_aim_interfaces/include/auto_aim_interfaces/auto_aim_interfaces/msg/detail/armor__builder.hpp
[9.276s] -- Symlinking: /home/hdm/ttttt/tracker_plus/install/auto_aim_interfaces/include/auto_aim_interfaces/auto_aim_interfaces/msg/detail/armor__struct.hpp
[9.284s] -- Symlinking: /home/hdm/ttttt/tracker_plus/install/auto_aim_interfaces/include/auto_aim_interfaces/auto_aim_interfaces/msg/detail/armor__traits.hpp
[9.291s] -- Symlinking: /home/hdm/ttttt/tracker_plus/install/auto_aim_interfaces/include/auto_aim_interfaces/auto_aim_interfaces/msg/detail/armor__type_support.hpp
[9.299s] -- Symlinking: /home/hdm/ttttt/tracker_plus/install/auto_aim_interfaces/include/auto_aim_interfaces/auto_aim_interfaces/msg/detail/armors__builder.hpp
[9.305s] -- Symlinking: /home/hdm/ttttt/tracker_plus/install/auto_aim_interfaces/include/auto_aim_interfaces/auto_aim_interfaces/msg/detail/armors__struct.hpp
[9.313s] -- Symlinking: /home/hdm/ttttt/tracker_plus/install/auto_aim_interfaces/include/auto_aim_interfaces/auto_aim_interfaces/msg/detail/armors__traits.hpp
[9.320s] -- Symlinking: /home/hdm/ttttt/tracker_plus/install/auto_aim_interfaces/include/auto_aim_interfaces/auto_aim_interfaces/msg/detail/armors__type_support.hpp
[9.326s] -- Symlinking: /home/hdm/ttttt/tracker_plus/install/auto_aim_interfaces/include/auto_aim_interfaces/auto_aim_interfaces/msg/detail/debug_armor__builder.hpp
[9.333s] -- Symlinking: /home/hdm/ttttt/tracker_plus/install/auto_aim_interfaces/include/auto_aim_interfaces/auto_aim_interfaces/msg/detail/debug_armor__struct.hpp
[9.340s] -- Symlinking: /home/hdm/ttttt/tracker_plus/install/auto_aim_interfaces/include/auto_aim_interfaces/auto_aim_interfaces/msg/detail/debug_armor__traits.hpp
[9.348s] -- Symlinking: /home/hdm/ttttt/tracker_plus/install/auto_aim_interfaces/include/auto_aim_interfaces/auto_aim_interfaces/msg/detail/debug_armor__type_support.hpp
[9.354s] -- Symlinking: /home/hdm/ttttt/tracker_plus/install/auto_aim_interfaces/include/auto_aim_interfaces/auto_aim_interfaces/msg/detail/debug_armors__builder.hpp
[9.361s] -- Symlinking: /home/hdm/ttttt/tracker_plus/install/auto_aim_interfaces/include/auto_aim_interfaces/auto_aim_interfaces/msg/detail/debug_armors__struct.hpp
[9.368s] -- Symlinking: /home/hdm/ttttt/tracker_plus/install/auto_aim_interfaces/include/auto_aim_interfaces/auto_aim_interfaces/msg/detail/debug_armors__traits.hpp
[9.374s] -- Symlinking: /home/hdm/ttttt/tracker_plus/install/auto_aim_interfaces/include/auto_aim_interfaces/auto_aim_interfaces/msg/detail/debug_armors__type_support.hpp
[9.381s] -- Symlinking: /home/hdm/ttttt/tracker_plus/install/auto_aim_interfaces/include/auto_aim_interfaces/auto_aim_interfaces/msg/detail/debug_light__builder.hpp
[9.389s] -- Symlinking: /home/hdm/ttttt/tracker_plus/install/auto_aim_interfaces/include/auto_aim_interfaces/auto_aim_interfaces/msg/detail/debug_light__struct.hpp
[9.396s] -- Symlinking: /home/hdm/ttttt/tracker_plus/install/auto_aim_interfaces/include/auto_aim_interfaces/auto_aim_interfaces/msg/detail/debug_light__traits.hpp
[9.402s] -- Symlinking: /home/hdm/ttttt/tracker_plus/install/auto_aim_interfaces/include/auto_aim_interfaces/auto_aim_interfaces/msg/detail/debug_light__type_support.hpp
[9.408s] -- Symlinking: /home/hdm/ttttt/tracker_plus/install/auto_aim_interfaces/include/auto_aim_interfaces/auto_aim_interfaces/msg/detail/debug_lights__builder.hpp
[9.414s] -- Symlinking: /home/hdm/ttttt/tracker_plus/install/auto_aim_interfaces/include/auto_aim_interfaces/auto_aim_interfaces/msg/detail/debug_lights__struct.hpp
[9.421s] -- Symlinking: /home/hdm/ttttt/tracker_plus/install/auto_aim_interfaces/include/auto_aim_interfaces/auto_aim_interfaces/msg/detail/debug_lights__traits.hpp
[9.429s] -- Symlinking: /home/hdm/ttttt/tracker_plus/install/auto_aim_interfaces/include/auto_aim_interfaces/auto_aim_interfaces/msg/detail/debug_lights__type_support.hpp
[9.436s] -- Symlinking: /home/hdm/ttttt/tracker_plus/install/auto_aim_interfaces/include/auto_aim_interfaces/auto_aim_interfaces/msg/detail/detector_latency__builder.hpp
[9.444s] -- Symlinking: /home/hdm/ttttt/tracker_plus/install/auto_aim_interfaces/include/auto_aim_interfaces/auto_aim_interfaces/msg/detail/detector_latency__struct.hpp
[9.450s] -- Symlinking: /home/hdm/ttttt/tracker_plus/install/auto_aim_interfaces/include/auto_aim_interfaces/auto_aim_interfaces/msg/detail/detector_latency__traits.hpp
[9.457s] -- Symlinking: /home/hdm/ttttt/tracker_plus/install/auto_aim_interfaces/include/auto_aim_interfaces/auto_aim_interfaces/msg/detail/detector_latency__type_support.hpp
[9.465s] -- Symlinking: /home/hdm/ttttt/tracker_plus/install/auto_aim_interfaces/include/auto_aim_interfaces/auto_aim_interfaces/msg/detail/receive__builder.hpp
[9.471s] -- Symlinking: /home/hdm/ttttt/tracker_plus/install/auto_aim_interfaces/include/auto_aim_interfaces/auto_aim_interfaces/msg/detail/receive__struct.hpp
[9.478s] -- Symlinking: /home/hdm/ttttt/tracker_plus/install/auto_aim_interfaces/include/auto_aim_interfaces/auto_aim_interfaces/msg/detail/receive__traits.hpp
[9.485s] -- Symlinking: /home/hdm/ttttt/tracker_plus/install/auto_aim_interfaces/include/auto_aim_interfaces/auto_aim_interfaces/msg/detail/receive__type_support.hpp
[9.493s] -- Symlinking: /home/hdm/ttttt/tracker_plus/install/auto_aim_interfaces/include/auto_aim_interfaces/auto_aim_interfaces/msg/detail/send__builder.hpp
[9.501s] -- Symlinking: /home/hdm/ttttt/tracker_plus/install/auto_aim_interfaces/include/auto_aim_interfaces/auto_aim_interfaces/msg/detail/send__struct.hpp
[9.507s] -- Symlinking: /home/hdm/ttttt/tracker_plus/install/auto_aim_interfaces/include/auto_aim_interfaces/auto_aim_interfaces/msg/detail/send__traits.hpp
[9.514s] -- Symlinking: /home/hdm/ttttt/tracker_plus/install/auto_aim_interfaces/include/auto_aim_interfaces/auto_aim_interfaces/msg/detail/send__type_support.hpp
[9.520s] -- Symlinking: /home/hdm/ttttt/tracker_plus/install/auto_aim_interfaces/include/auto_aim_interfaces/auto_aim_interfaces/msg/detail/solve_info__builder.hpp
[9.527s] -- Symlinking: /home/hdm/ttttt/tracker_plus/install/auto_aim_interfaces/include/auto_aim_interfaces/auto_aim_interfaces/msg/detail/solve_info__struct.hpp
[9.533s] -- Symlinking: /home/hdm/ttttt/tracker_plus/install/auto_aim_interfaces/include/auto_aim_interfaces/auto_aim_interfaces/msg/detail/solve_info__traits.hpp
[9.541s] -- Symlinking: /home/hdm/ttttt/tracker_plus/install/auto_aim_interfaces/include/auto_aim_interfaces/auto_aim_interfaces/msg/detail/solve_info__type_support.hpp
[9.548s] -- Symlinking: /home/hdm/ttttt/tracker_plus/install/auto_aim_interfaces/include/auto_aim_interfaces/auto_aim_interfaces/msg/detail/target__builder.hpp
[9.554s] -- Symlinking: /home/hdm/ttttt/tracker_plus/install/auto_aim_interfaces/include/auto_aim_interfaces/auto_aim_interfaces/msg/detail/target__struct.hpp
[9.560s] -- Symlinking: /home/hdm/ttttt/tracker_plus/install/auto_aim_interfaces/include/auto_aim_interfaces/auto_aim_interfaces/msg/detail/target__traits.hpp
[9.568s] -- Symlinking: /home/hdm/ttttt/tracker_plus/install/auto_aim_interfaces/include/auto_aim_interfaces/auto_aim_interfaces/msg/detail/target__type_support.hpp
[9.575s] -- Symlinking: /home/hdm/ttttt/tracker_plus/install/auto_aim_interfaces/include/auto_aim_interfaces/auto_aim_interfaces/msg/detail/test__builder.hpp
[9.583s] -- Symlinking: /home/hdm/ttttt/tracker_plus/install/auto_aim_interfaces/include/auto_aim_interfaces/auto_aim_interfaces/msg/detail/test__struct.hpp
[9.591s] -- Symlinking: /home/hdm/ttttt/tracker_plus/install/auto_aim_interfaces/include/auto_aim_interfaces/auto_aim_interfaces/msg/detail/test__traits.hpp
[9.600s] -- Symlinking: /home/hdm/ttttt/tracker_plus/install/auto_aim_interfaces/include/auto_aim_interfaces/auto_aim_interfaces/msg/detail/test__type_support.hpp
[9.608s] -- Symlinking: /home/hdm/ttttt/tracker_plus/install/auto_aim_interfaces/include/auto_aim_interfaces/auto_aim_interfaces/msg/detail/time_info__builder.hpp
[9.619s] -- Symlinking: /home/hdm/ttttt/tracker_plus/install/auto_aim_interfaces/include/auto_aim_interfaces/auto_aim_interfaces/msg/detail/time_info__struct.hpp
[9.626s] -- Symlinking: /home/hdm/ttttt/tracker_plus/install/auto_aim_interfaces/include/auto_aim_interfaces/auto_aim_interfaces/msg/detail/time_info__traits.hpp
[9.633s] -- Symlinking: /home/hdm/ttttt/tracker_plus/install/auto_aim_interfaces/include/auto_aim_interfaces/auto_aim_interfaces/msg/detail/time_info__type_support.hpp
[9.641s] -- Symlinking: /home/hdm/ttttt/tracker_plus/install/auto_aim_interfaces/include/auto_aim_interfaces/auto_aim_interfaces/msg/detail/tracker_info__builder.hpp
[9.648s] -- Symlinking: /home/hdm/ttttt/tracker_plus/install/auto_aim_interfaces/include/auto_aim_interfaces/auto_aim_interfaces/msg/detail/tracker_info__struct.hpp
[9.657s] -- Symlinking: /home/hdm/ttttt/tracker_plus/install/auto_aim_interfaces/include/auto_aim_interfaces/auto_aim_interfaces/msg/detail/tracker_info__traits.hpp
[9.664s] -- Symlinking: /home/hdm/ttttt/tracker_plus/install/auto_aim_interfaces/include/auto_aim_interfaces/auto_aim_interfaces/msg/detail/tracker_info__type_support.hpp
[9.671s] -- Symlinking: /home/hdm/ttttt/tracker_plus/install/auto_aim_interfaces/include/auto_aim_interfaces/auto_aim_interfaces/msg/detail/tracker_latency__builder.hpp
[9.680s] -- Symlinking: /home/hdm/ttttt/tracker_plus/install/auto_aim_interfaces/include/auto_aim_interfaces/auto_aim_interfaces/msg/detail/tracker_latency__struct.hpp
[9.690s] -- Symlinking: /home/hdm/ttttt/tracker_plus/install/auto_aim_interfaces/include/auto_aim_interfaces/auto_aim_interfaces/msg/detail/tracker_latency__traits.hpp
[9.696s] -- Symlinking: /home/hdm/ttttt/tracker_plus/install/auto_aim_interfaces/include/auto_aim_interfaces/auto_aim_interfaces/msg/detail/tracker_latency__type_support.hpp
[9.706s] -- Symlinking: /home/hdm/ttttt/tracker_plus/install/auto_aim_interfaces/include/auto_aim_interfaces/auto_aim_interfaces/msg/detail/velocity__builder.hpp
[9.714s] -- Symlinking: /home/hdm/ttttt/tracker_plus/install/auto_aim_interfaces/include/auto_aim_interfaces/auto_aim_interfaces/msg/detail/velocity__struct.hpp
[9.721s] -- Symlinking: /home/hdm/ttttt/tracker_plus/install/auto_aim_interfaces/include/auto_aim_interfaces/auto_aim_interfaces/msg/detail/velocity__traits.hpp
[9.728s] -- Symlinking: /home/hdm/ttttt/tracker_plus/install/auto_aim_interfaces/include/auto_aim_interfaces/auto_aim_interfaces/msg/detail/velocity__type_support.hpp
[9.736s] -- Symlinking: /home/hdm/ttttt/tracker_plus/install/auto_aim_interfaces/include/auto_aim_interfaces/auto_aim_interfaces/msg/detector_latency.hpp
[9.745s] -- Symlinking: /home/hdm/ttttt/tracker_plus/install/auto_aim_interfaces/include/auto_aim_interfaces/auto_aim_interfaces/msg/receive.hpp
[9.751s] -- Symlinking: /home/hdm/ttttt/tracker_plus/install/auto_aim_interfaces/include/auto_aim_interfaces/auto_aim_interfaces/msg/rosidl_generator_cpp__visibility_control.hpp
[9.760s] -- Symlinking: /home/hdm/ttttt/tracker_plus/install/auto_aim_interfaces/include/auto_aim_interfaces/auto_aim_interfaces/msg/send.hpp
[9.767s] -- Symlinking: /home/hdm/ttttt/tracker_plus/install/auto_aim_interfaces/include/auto_aim_interfaces/auto_aim_interfaces/msg/solve_info.hpp
[9.774s] -- Symlinking: /home/hdm/ttttt/tracker_plus/install/auto_aim_interfaces/include/auto_aim_interfaces/auto_aim_interfaces/msg/target.hpp
[9.780s] -- Symlinking: /home/hdm/ttttt/tracker_plus/install/auto_aim_interfaces/include/auto_aim_interfaces/auto_aim_interfaces/msg/test.hpp
[9.786s] -- Symlinking: /home/hdm/ttttt/tracker_plus/install/auto_aim_interfaces/include/auto_aim_interfaces/auto_aim_interfaces/msg/time_info.hpp
[9.794s] -- Symlinking: /home/hdm/ttttt/tracker_plus/install/auto_aim_interfaces/include/auto_aim_interfaces/auto_aim_interfaces/msg/tracker_info.hpp
[9.801s] -- Symlinking: /home/hdm/ttttt/tracker_plus/install/auto_aim_interfaces/include/auto_aim_interfaces/auto_aim_interfaces/msg/tracker_latency.hpp
[9.807s] -- Symlinking: /home/hdm/ttttt/tracker_plus/install/auto_aim_interfaces/include/auto_aim_interfaces/auto_aim_interfaces/msg/velocity.hpp
[9.816s] -- Symlinking: /home/hdm/ttttt/tracker_plus/install/auto_aim_interfaces/include/auto_aim_interfaces/auto_aim_interfaces/msg/detail/armor__rosidl_typesupport_fastrtps_cpp.hpp
[9.824s] -- Symlinking: /home/hdm/ttttt/tracker_plus/install/auto_aim_interfaces/include/auto_aim_interfaces/auto_aim_interfaces/msg/detail/armors__rosidl_typesupport_fastrtps_cpp.hpp
[9.832s] -- Symlinking: /home/hdm/ttttt/tracker_plus/install/auto_aim_interfaces/include/auto_aim_interfaces/auto_aim_interfaces/msg/detail/debug_armor__rosidl_typesupport_fastrtps_cpp.hpp
[9.840s] -- Symlinking: /home/hdm/ttttt/tracker_plus/install/auto_aim_interfaces/include/auto_aim_interfaces/auto_aim_interfaces/msg/detail/debug_armors__rosidl_typesupport_fastrtps_cpp.hpp
[9.846s] -- Symlinking: /home/hdm/ttttt/tracker_plus/install/auto_aim_interfaces/include/auto_aim_interfaces/auto_aim_interfaces/msg/detail/debug_light__rosidl_typesupport_fastrtps_cpp.hpp
[9.853s] -- Symlinking: /home/hdm/ttttt/tracker_plus/install/auto_aim_interfaces/include/auto_aim_interfaces/auto_aim_interfaces/msg/detail/debug_lights__rosidl_typesupport_fastrtps_cpp.hpp
[9.861s] -- Symlinking: /home/hdm/ttttt/tracker_plus/install/auto_aim_interfaces/include/auto_aim_interfaces/auto_aim_interfaces/msg/detail/detector_latency__rosidl_typesupport_fastrtps_cpp.hpp
[9.867s] -- Symlinking: /home/hdm/ttttt/tracker_plus/install/auto_aim_interfaces/include/auto_aim_interfaces/auto_aim_interfaces/msg/detail/receive__rosidl_typesupport_fastrtps_cpp.hpp
[9.873s] -- Symlinking: /home/hdm/ttttt/tracker_plus/install/auto_aim_interfaces/include/auto_aim_interfaces/auto_aim_interfaces/msg/detail/send__rosidl_typesupport_fastrtps_cpp.hpp
[9.879s] -- Symlinking: /home/hdm/ttttt/tracker_plus/install/auto_aim_interfaces/include/auto_aim_interfaces/auto_aim_interfaces/msg/detail/solve_info__rosidl_typesupport_fastrtps_cpp.hpp
[9.887s] -- Symlinking: /home/hdm/ttttt/tracker_plus/install/auto_aim_interfaces/include/auto_aim_interfaces/auto_aim_interfaces/msg/detail/target__rosidl_typesupport_fastrtps_cpp.hpp
[9.895s] -- Symlinking: /home/hdm/ttttt/tracker_plus/install/auto_aim_interfaces/include/auto_aim_interfaces/auto_aim_interfaces/msg/detail/test__rosidl_typesupport_fastrtps_cpp.hpp
[9.902s] -- Symlinking: /home/hdm/ttttt/tracker_plus/install/auto_aim_interfaces/include/auto_aim_interfaces/auto_aim_interfaces/msg/detail/time_info__rosidl_typesupport_fastrtps_cpp.hpp
[9.908s] -- Symlinking: /home/hdm/ttttt/tracker_plus/install/auto_aim_interfaces/include/auto_aim_interfaces/auto_aim_interfaces/msg/detail/tracker_info__rosidl_typesupport_fastrtps_cpp.hpp
[9.916s] -- Symlinking: /home/hdm/ttttt/tracker_plus/install/auto_aim_interfaces/include/auto_aim_interfaces/auto_aim_interfaces/msg/detail/tracker_latency__rosidl_typesupport_fastrtps_cpp.hpp
[9.924s] -- Symlinking: /home/hdm/ttttt/tracker_plus/install/auto_aim_interfaces/include/auto_aim_interfaces/auto_aim_interfaces/msg/detail/velocity__rosidl_typesupport_fastrtps_cpp.hpp
[9.930s] -- Symlinking: /home/hdm/ttttt/tracker_plus/install/auto_aim_interfaces/include/auto_aim_interfaces/auto_aim_interfaces/msg/rosidl_typesupport_fastrtps_cpp__visibility_control.h
[9.937s] -- Symlinking: /home/hdm/ttttt/tracker_plus/install/auto_aim_interfaces/include/auto_aim_interfaces/auto_aim_interfaces/msg/detail/armor__rosidl_typesupport_introspection_cpp.hpp
[9.944s] -- Symlinking: /home/hdm/ttttt/tracker_plus/install/auto_aim_interfaces/include/auto_aim_interfaces/auto_aim_interfaces/msg/detail/armors__rosidl_typesupport_introspection_cpp.hpp
[9.951s] -- Symlinking: /home/hdm/ttttt/tracker_plus/install/auto_aim_interfaces/include/auto_aim_interfaces/auto_aim_interfaces/msg/detail/debug_armor__rosidl_typesupport_introspection_cpp.hpp
[9.958s] -- Symlinking: /home/hdm/ttttt/tracker_plus/install/auto_aim_interfaces/include/auto_aim_interfaces/auto_aim_interfaces/msg/detail/debug_armors__rosidl_typesupport_introspection_cpp.hpp
[9.964s] -- Symlinking: /home/hdm/ttttt/tracker_plus/install/auto_aim_interfaces/include/auto_aim_interfaces/auto_aim_interfaces/msg/detail/debug_light__rosidl_typesupport_introspection_cpp.hpp
[9.971s] -- Symlinking: /home/hdm/ttttt/tracker_plus/install/auto_aim_interfaces/include/auto_aim_interfaces/auto_aim_interfaces/msg/detail/debug_lights__rosidl_typesupport_introspection_cpp.hpp
[9.978s] -- Symlinking: /home/hdm/ttttt/tracker_plus/install/auto_aim_interfaces/include/auto_aim_interfaces/auto_aim_interfaces/msg/detail/detector_latency__rosidl_typesupport_introspection_cpp.hpp
[9.984s] -- Symlinking: /home/hdm/ttttt/tracker_plus/install/auto_aim_interfaces/include/auto_aim_interfaces/auto_aim_interfaces/msg/detail/receive__rosidl_typesupport_introspection_cpp.hpp
[9.990s] -- Symlinking: /home/hdm/ttttt/tracker_plus/install/auto_aim_interfaces/include/auto_aim_interfaces/auto_aim_interfaces/msg/detail/send__rosidl_typesupport_introspection_cpp.hpp
[9.997s] -- Symlinking: /home/hdm/ttttt/tracker_plus/install/auto_aim_interfaces/include/auto_aim_interfaces/auto_aim_interfaces/msg/detail/solve_info__rosidl_typesupport_introspection_cpp.hpp
[10.005s] -- Symlinking: /home/hdm/ttttt/tracker_plus/install/auto_aim_interfaces/include/auto_aim_interfaces/auto_aim_interfaces/msg/detail/target__rosidl_typesupport_introspection_cpp.hpp
[10.012s] -- Symlinking: /home/hdm/ttttt/tracker_plus/install/auto_aim_interfaces/include/auto_aim_interfaces/auto_aim_interfaces/msg/detail/test__rosidl_typesupport_introspection_cpp.hpp
[10.017s] -- Symlinking: /home/hdm/ttttt/tracker_plus/install/auto_aim_interfaces/include/auto_aim_interfaces/auto_aim_interfaces/msg/detail/time_info__rosidl_typesupport_introspection_cpp.hpp
[10.024s] -- Symlinking: /home/hdm/ttttt/tracker_plus/install/auto_aim_interfaces/include/auto_aim_interfaces/auto_aim_interfaces/msg/detail/tracker_info__rosidl_typesupport_introspection_cpp.hpp
[10.032s] -- Symlinking: /home/hdm/ttttt/tracker_plus/install/auto_aim_interfaces/include/auto_aim_interfaces/auto_aim_interfaces/msg/detail/tracker_latency__rosidl_typesupport_introspection_cpp.hpp
[10.038s] -- Symlinking: /home/hdm/ttttt/tracker_plus/install/auto_aim_interfaces/include/auto_aim_interfaces/auto_aim_interfaces/msg/detail/velocity__rosidl_typesupport_introspection_cpp.hpp
[10.045s] -- Symlinking: /home/hdm/ttttt/tracker_plus/install/auto_aim_interfaces/share/auto_aim_interfaces/environment/pythonpath.sh
[10.053s] -- Symlinking: /home/hdm/ttttt/tracker_plus/install/auto_aim_interfaces/share/auto_aim_interfaces/environment/pythonpath.dsv
[10.061s] -- Symlinking: /home/hdm/ttttt/tracker_plus/install/auto_aim_interfaces/local/lib/python3.10/dist-packages/auto_aim_interfaces-2.0.0-py3.10.egg-info/PKG-INFO
[10.067s] -- Symlinking: /home/hdm/ttttt/tracker_plus/install/auto_aim_interfaces/local/lib/python3.10/dist-packages/auto_aim_interfaces-2.0.0-py3.10.egg-info/SOURCES.txt
[10.074s] -- Symlinking: /home/hdm/ttttt/tracker_plus/install/auto_aim_interfaces/local/lib/python3.10/dist-packages/auto_aim_interfaces-2.0.0-py3.10.egg-info/dependency_links.txt
[10.081s] -- Symlinking: /home/hdm/ttttt/tracker_plus/install/auto_aim_interfaces/local/lib/python3.10/dist-packages/auto_aim_interfaces-2.0.0-py3.10.egg-info/top_level.txt
[10.087s] -- Symlinking: /home/hdm/ttttt/tracker_plus/install/auto_aim_interfaces/local/lib/python3.10/dist-packages/auto_aim_interfaces/__init__.py
[10.095s] -- Symlinking: /home/hdm/ttttt/tracker_plus/install/auto_aim_interfaces/local/lib/python3.10/dist-packages/auto_aim_interfaces/_auto_aim_interfaces_s.ep.rosidl_typesupport_c.c
[10.105s] -- Symlinking: /home/hdm/ttttt/tracker_plus/install/auto_aim_interfaces/local/lib/python3.10/dist-packages/auto_aim_interfaces/_auto_aim_interfaces_s.ep.rosidl_typesupport_fastrtps_c.c
[10.115s] -- Symlinking: /home/hdm/ttttt/tracker_plus/install/auto_aim_interfaces/local/lib/python3.10/dist-packages/auto_aim_interfaces/_auto_aim_interfaces_s.ep.rosidl_typesupport_introspection_c.c
[10.125s] -- Symlinking: /home/hdm/ttttt/tracker_plus/install/auto_aim_interfaces/local/lib/python3.10/dist-packages/auto_aim_interfaces/auto_aim_interfaces_s__rosidl_typesupport_c.cpython-310-x86_64-linux-gnu.so
[10.133s] -- Symlinking: /home/hdm/ttttt/tracker_plus/install/auto_aim_interfaces/local/lib/python3.10/dist-packages/auto_aim_interfaces/auto_aim_interfaces_s__rosidl_typesupport_fastrtps_c.cpython-310-x86_64-linux-gnu.so
[10.140s] -- Symlinking: /home/hdm/ttttt/tracker_plus/install/auto_aim_interfaces/local/lib/python3.10/dist-packages/auto_aim_interfaces/auto_aim_interfaces_s__rosidl_typesupport_introspection_c.cpython-310-x86_64-linux-gnu.so
[10.149s] -- Symlinking: /home/hdm/ttttt/tracker_plus/install/auto_aim_interfaces/local/lib/python3.10/dist-packages/auto_aim_interfaces/libauto_aim_interfaces__rosidl_generator_py.so
[10.155s] -- Symlinking: /home/hdm/ttttt/tracker_plus/install/auto_aim_interfaces/local/lib/python3.10/dist-packages/auto_aim_interfaces/msg/__init__.py
[10.163s] -- Symlinking: /home/hdm/ttttt/tracker_plus/install/auto_aim_interfaces/local/lib/python3.10/dist-packages/auto_aim_interfaces/msg/_armor.py
[10.170s] -- Symlinking: /home/hdm/ttttt/tracker_plus/install/auto_aim_interfaces/local/lib/python3.10/dist-packages/auto_aim_interfaces/msg/_armor_s.c
[10.181s] -- Symlinking: /home/hdm/ttttt/tracker_plus/install/auto_aim_interfaces/local/lib/python3.10/dist-packages/auto_aim_interfaces/msg/_armors.py
[10.189s] -- Symlinking: /home/hdm/ttttt/tracker_plus/install/auto_aim_interfaces/local/lib/python3.10/dist-packages/auto_aim_interfaces/msg/_armors_s.c
[10.200s] -- Symlinking: /home/hdm/ttttt/tracker_plus/install/auto_aim_interfaces/local/lib/python3.10/dist-packages/auto_aim_interfaces/msg/_debug_armor.py
[10.212s] -- Symlinking: /home/hdm/ttttt/tracker_plus/install/auto_aim_interfaces/local/lib/python3.10/dist-packages/auto_aim_interfaces/msg/_debug_armor_s.c
[10.219s] -- Symlinking: /home/hdm/ttttt/tracker_plus/install/auto_aim_interfaces/local/lib/python3.10/dist-packages/auto_aim_interfaces/msg/_debug_armors.py
[10.229s] -- Symlinking: /home/hdm/ttttt/tracker_plus/install/auto_aim_interfaces/local/lib/python3.10/dist-packages/auto_aim_interfaces/msg/_debug_armors_s.c
[10.240s] -- Symlinking: /home/hdm/ttttt/tracker_plus/install/auto_aim_interfaces/local/lib/python3.10/dist-packages/auto_aim_interfaces/msg/_debug_light.py
[10.251s] -- Symlinking: /home/hdm/ttttt/tracker_plus/install/auto_aim_interfaces/local/lib/python3.10/dist-packages/auto_aim_interfaces/msg/_debug_light_s.c
[10.260s] -- Symlinking: /home/hdm/ttttt/tracker_plus/install/auto_aim_interfaces/local/lib/python3.10/dist-packages/auto_aim_interfaces/msg/_debug_lights.py
[10.268s] -- Symlinking: /home/hdm/ttttt/tracker_plus/install/auto_aim_interfaces/local/lib/python3.10/dist-packages/auto_aim_interfaces/msg/_debug_lights_s.c
[10.279s] -- Symlinking: /home/hdm/ttttt/tracker_plus/install/auto_aim_interfaces/local/lib/python3.10/dist-packages/auto_aim_interfaces/msg/_detector_latency.py
[10.290s] -- Symlinking: /home/hdm/ttttt/tracker_plus/install/auto_aim_interfaces/local/lib/python3.10/dist-packages/auto_aim_interfaces/msg/_detector_latency_s.c
[10.301s] -- Symlinking: /home/hdm/ttttt/tracker_plus/install/auto_aim_interfaces/local/lib/python3.10/dist-packages/auto_aim_interfaces/msg/_receive.py
[10.308s] -- Symlinking: /home/hdm/ttttt/tracker_plus/install/auto_aim_interfaces/local/lib/python3.10/dist-packages/auto_aim_interfaces/msg/_receive_s.c
[10.318s] -- Symlinking: /home/hdm/ttttt/tracker_plus/install/auto_aim_interfaces/local/lib/python3.10/dist-packages/auto_aim_interfaces/msg/_send.py
[10.326s] -- Symlinking: /home/hdm/ttttt/tracker_plus/install/auto_aim_interfaces/local/lib/python3.10/dist-packages/auto_aim_interfaces/msg/_send_s.c
[10.335s] -- Symlinking: /home/hdm/ttttt/tracker_plus/install/auto_aim_interfaces/local/lib/python3.10/dist-packages/auto_aim_interfaces/msg/_solve_info.py
[10.345s] -- Symlinking: /home/hdm/ttttt/tracker_plus/install/auto_aim_interfaces/local/lib/python3.10/dist-packages/auto_aim_interfaces/msg/_solve_info_s.c
[10.356s] -- Symlinking: /home/hdm/ttttt/tracker_plus/install/auto_aim_interfaces/local/lib/python3.10/dist-packages/auto_aim_interfaces/msg/_target.py
[10.367s] -- Symlinking: /home/hdm/ttttt/tracker_plus/install/auto_aim_interfaces/local/lib/python3.10/dist-packages/auto_aim_interfaces/msg/_target_s.c
[10.377s] -- Symlinking: /home/hdm/ttttt/tracker_plus/install/auto_aim_interfaces/local/lib/python3.10/dist-packages/auto_aim_interfaces/msg/_test.py
[10.385s] -- Symlinking: /home/hdm/ttttt/tracker_plus/install/auto_aim_interfaces/local/lib/python3.10/dist-packages/auto_aim_interfaces/msg/_test_s.c
[10.396s] -- Symlinking: /home/hdm/ttttt/tracker_plus/install/auto_aim_interfaces/local/lib/python3.10/dist-packages/auto_aim_interfaces/msg/_time_info.py
[10.404s] -- Symlinking: /home/hdm/ttttt/tracker_plus/install/auto_aim_interfaces/local/lib/python3.10/dist-packages/auto_aim_interfaces/msg/_time_info_s.c
[10.415s] -- Symlinking: /home/hdm/ttttt/tracker_plus/install/auto_aim_interfaces/local/lib/python3.10/dist-packages/auto_aim_interfaces/msg/_tracker_info.py
[10.425s] -- Symlinking: /home/hdm/ttttt/tracker_plus/install/auto_aim_interfaces/local/lib/python3.10/dist-packages/auto_aim_interfaces/msg/_tracker_info_s.c
[10.436s] -- Symlinking: /home/hdm/ttttt/tracker_plus/install/auto_aim_interfaces/local/lib/python3.10/dist-packages/auto_aim_interfaces/msg/_tracker_latency.py
[10.448s] -- Symlinking: /home/hdm/ttttt/tracker_plus/install/auto_aim_interfaces/local/lib/python3.10/dist-packages/auto_aim_interfaces/msg/_tracker_latency_s.c
[10.459s] -- Symlinking: /home/hdm/ttttt/tracker_plus/install/auto_aim_interfaces/local/lib/python3.10/dist-packages/auto_aim_interfaces/msg/_velocity.py
[10.470s] -- Symlinking: /home/hdm/ttttt/tracker_plus/install/auto_aim_interfaces/local/lib/python3.10/dist-packages/auto_aim_interfaces/msg/_velocity_s.c
[10.479s] -- Up-to-date symlink: /home/hdm/ttttt/tracker_plus/install/auto_aim_interfaces/local/lib/python3.10/dist-packages/auto_aim_interfaces/auto_aim_interfaces_s__rosidl_typesupport_fastrtps_c.cpython-310-x86_64-linux-gnu.so
[10.479s] -- Up-to-date symlink: /home/hdm/ttttt/tracker_plus/install/auto_aim_interfaces/local/lib/python3.10/dist-packages/auto_aim_interfaces/auto_aim_interfaces_s__rosidl_typesupport_introspection_c.cpython-310-x86_64-linux-gnu.so
[10.480s] -- Up-to-date symlink: /home/hdm/ttttt/tracker_plus/install/auto_aim_interfaces/local/lib/python3.10/dist-packages/auto_aim_interfaces/auto_aim_interfaces_s__rosidl_typesupport_c.cpython-310-x86_64-linux-gnu.so
[10.480s] -- Symlinking: /home/hdm/ttttt/tracker_plus/install/auto_aim_interfaces/share/auto_aim_interfaces/msg/Armor.idl
[10.491s] -- Symlinking: /home/hdm/ttttt/tracker_plus/install/auto_aim_interfaces/share/auto_aim_interfaces/msg/Armors.idl
[10.499s] -- Symlinking: /home/hdm/ttttt/tracker_plus/install/auto_aim_interfaces/share/auto_aim_interfaces/msg/Target.idl
[10.508s] -- Symlinking: /home/hdm/ttttt/tracker_plus/install/auto_aim_interfaces/share/auto_aim_interfaces/msg/DebugLight.idl
[10.517s] -- Symlinking: /home/hdm/ttttt/tracker_plus/install/auto_aim_interfaces/share/auto_aim_interfaces/msg/DebugLights.idl
[10.527s] -- Symlinking: /home/hdm/ttttt/tracker_plus/install/auto_aim_interfaces/share/auto_aim_interfaces/msg/DebugArmor.idl
[10.538s] -- Symlinking: /home/hdm/ttttt/tracker_plus/install/auto_aim_interfaces/share/auto_aim_interfaces/msg/DebugArmors.idl
[10.547s] -- Symlinking: /home/hdm/ttttt/tracker_plus/install/auto_aim_interfaces/share/auto_aim_interfaces/msg/TrackerInfo.idl
[10.555s] -- Symlinking: /home/hdm/ttttt/tracker_plus/install/auto_aim_interfaces/share/auto_aim_interfaces/msg/TimeInfo.idl
[10.567s] -- Symlinking: /home/hdm/ttttt/tracker_plus/install/auto_aim_interfaces/share/auto_aim_interfaces/msg/Send.idl
[10.578s] -- Symlinking: /home/hdm/ttttt/tracker_plus/install/auto_aim_interfaces/share/auto_aim_interfaces/msg/Velocity.idl
[10.586s] -- Symlinking: /home/hdm/ttttt/tracker_plus/install/auto_aim_interfaces/share/auto_aim_interfaces/msg/Receive.idl
[10.598s] -- Symlinking: /home/hdm/ttttt/tracker_plus/install/auto_aim_interfaces/share/auto_aim_interfaces/msg/Test.idl
[10.609s] -- Symlinking: /home/hdm/ttttt/tracker_plus/install/auto_aim_interfaces/share/auto_aim_interfaces/msg/SolveInfo.idl
[10.619s] -- Symlinking: /home/hdm/ttttt/tracker_plus/install/auto_aim_interfaces/share/auto_aim_interfaces/msg/DetectorLatency.idl
[10.628s] -- Symlinking: /home/hdm/ttttt/tracker_plus/install/auto_aim_interfaces/share/auto_aim_interfaces/msg/TrackerLatency.idl
[10.640s] -- Symlinking: /home/hdm/ttttt/tracker_plus/install/auto_aim_interfaces/share/auto_aim_interfaces/msg/Armor.msg
[10.653s] -- Symlinking: /home/hdm/ttttt/tracker_plus/install/auto_aim_interfaces/share/auto_aim_interfaces/msg/Armors.msg
[10.664s] -- Symlinking: /home/hdm/ttttt/tracker_plus/install/auto_aim_interfaces/share/auto_aim_interfaces/msg/Target.msg
[10.673s] -- Symlinking: /home/hdm/ttttt/tracker_plus/install/auto_aim_interfaces/share/auto_aim_interfaces/msg/DebugLight.msg
[10.682s] -- Symlinking: /home/hdm/ttttt/tracker_plus/install/auto_aim_interfaces/share/auto_aim_interfaces/msg/DebugLights.msg
[10.691s] -- Symlinking: /home/hdm/ttttt/tracker_plus/install/auto_aim_interfaces/share/auto_aim_interfaces/msg/DebugArmor.msg
[10.701s] -- Symlinking: /home/hdm/ttttt/tracker_plus/install/auto_aim_interfaces/share/auto_aim_interfaces/msg/DebugArmors.msg
[10.710s] -- Symlinking: /home/hdm/ttttt/tracker_plus/install/auto_aim_interfaces/share/auto_aim_interfaces/msg/TrackerInfo.msg
[10.721s] -- Symlinking: /home/hdm/ttttt/tracker_plus/install/auto_aim_interfaces/share/auto_aim_interfaces/msg/TimeInfo.msg
[10.733s] -- Symlinking: /home/hdm/ttttt/tracker_plus/install/auto_aim_interfaces/share/auto_aim_interfaces/msg/Send.msg
[10.744s] -- Symlinking: /home/hdm/ttttt/tracker_plus/install/auto_aim_interfaces/share/auto_aim_interfaces/msg/Velocity.msg
[10.755s] -- Symlinking: /home/hdm/ttttt/tracker_plus/install/auto_aim_interfaces/share/auto_aim_interfaces/msg/Receive.msg
[10.764s] -- Symlinking: /home/hdm/ttttt/tracker_plus/install/auto_aim_interfaces/share/auto_aim_interfaces/msg/Test.msg
[10.775s] -- Symlinking: /home/hdm/ttttt/tracker_plus/install/auto_aim_interfaces/share/auto_aim_interfaces/msg/SolveInfo.msg
[10.782s] -- Symlinking: /home/hdm/ttttt/tracker_plus/install/auto_aim_interfaces/share/auto_aim_interfaces/msg/DetectorLatency.msg
[10.793s] -- Symlinking: /home/hdm/ttttt/tracker_plus/install/auto_aim_interfaces/share/auto_aim_interfaces/msg/TrackerLatency.msg
[10.802s] -- Symlinking: /home/hdm/ttttt/tracker_plus/install/auto_aim_interfaces/share/ament_index/resource_index/package_run_dependencies/auto_aim_interfaces
[10.811s] -- Symlinking: /home/hdm/ttttt/tracker_plus/install/auto_aim_interfaces/share/ament_index/resource_index/parent_prefix_path/auto_aim_interfaces
[10.820s] -- Symlinking: /home/hdm/ttttt/tracker_plus/install/auto_aim_interfaces/share/auto_aim_interfaces/environment/ament_prefix_path.sh
[10.830s] -- Symlinking: /home/hdm/ttttt/tracker_plus/install/auto_aim_interfaces/share/auto_aim_interfaces/environment/ament_prefix_path.dsv
[10.838s] -- Symlinking: /home/hdm/ttttt/tracker_plus/install/auto_aim_interfaces/share/auto_aim_interfaces/environment/path.sh
[10.849s] -- Symlinking: /home/hdm/ttttt/tracker_plus/install/auto_aim_interfaces/share/auto_aim_interfaces/environment/path.dsv
[10.859s] -- Symlinking: /home/hdm/ttttt/tracker_plus/install/auto_aim_interfaces/share/auto_aim_interfaces/local_setup.bash
[10.871s] -- Symlinking: /home/hdm/ttttt/tracker_plus/install/auto_aim_interfaces/share/auto_aim_interfaces/local_setup.sh
[10.882s] -- Symlinking: /home/hdm/ttttt/tracker_plus/install/auto_aim_interfaces/share/auto_aim_interfaces/local_setup.zsh
[10.891s] -- Symlinking: /home/hdm/ttttt/tracker_plus/install/auto_aim_interfaces/share/auto_aim_interfaces/local_setup.dsv
[10.901s] -- Symlinking: /home/hdm/ttttt/tracker_plus/install/auto_aim_interfaces/share/auto_aim_interfaces/package.dsv
[10.909s] -- Symlinking: /home/hdm/ttttt/tracker_plus/install/auto_aim_interfaces/share/ament_index/resource_index/packages/auto_aim_interfaces
[10.919s] -- Symlinking: /home/hdm/ttttt/tracker_plus/install/auto_aim_interfaces/share/auto_aim_interfaces/cmake/rosidl_cmake-extras.cmake
[10.927s] -- Symlinking: /home/hdm/ttttt/tracker_plus/install/auto_aim_interfaces/share/auto_aim_interfaces/cmake/ament_cmake_export_dependencies-extras.cmake
[10.937s] -- Symlinking: /home/hdm/ttttt/tracker_plus/install/auto_aim_interfaces/share/auto_aim_interfaces/cmake/ament_cmake_export_include_directories-extras.cmake
[10.946s] -- Symlinking: /home/hdm/ttttt/tracker_plus/install/auto_aim_interfaces/share/auto_aim_interfaces/cmake/ament_cmake_export_libraries-extras.cmake
[10.957s] -- Symlinking: /home/hdm/ttttt/tracker_plus/install/auto_aim_interfaces/share/auto_aim_interfaces/cmake/ament_cmake_export_targets-extras.cmake
[10.967s] -- Symlinking: /home/hdm/ttttt/tracker_plus/install/auto_aim_interfaces/share/auto_aim_interfaces/cmake/rosidl_cmake_export_typesupport_targets-extras.cmake
[10.975s] -- Symlinking: /home/hdm/ttttt/tracker_plus/install/auto_aim_interfaces/share/auto_aim_interfaces/cmake/rosidl_cmake_export_typesupport_libraries-extras.cmake
[10.985s] -- Symlinking: /home/hdm/ttttt/tracker_plus/install/auto_aim_interfaces/share/auto_aim_interfaces/cmake/auto_aim_interfacesConfig.cmake
[10.996s] -- Symlinking: /home/hdm/ttttt/tracker_plus/install/auto_aim_interfaces/share/auto_aim_interfaces/cmake/auto_aim_interfacesConfig-version.cmake
[11.007s] -- Symlinking: /home/hdm/ttttt/tracker_plus/install/auto_aim_interfaces/share/auto_aim_interfaces/package.xml
[11.018s] -- Installing: /home/hdm/ttttt/tracker_plus/install/auto_aim_interfaces/lib/libauto_aim_interfaces__rosidl_generator_c.so
[11.019s] -- Set runtime path of "/home/hdm/ttttt/tracker_plus/install/auto_aim_interfaces/lib/libauto_aim_interfaces__rosidl_generator_c.so" to ""
[11.019s] -- Installing: /home/hdm/ttttt/tracker_plus/install/auto_aim_interfaces/lib/libauto_aim_interfaces__rosidl_typesupport_fastrtps_c.so
[11.019s] -- Set runtime path of "/home/hdm/ttttt/tracker_plus/install/auto_aim_interfaces/lib/libauto_aim_interfaces__rosidl_typesupport_fastrtps_c.so" to ""
[11.019s] -- Installing: /home/hdm/ttttt/tracker_plus/install/auto_aim_interfaces/lib/libauto_aim_interfaces__rosidl_typesupport_introspection_c.so
[11.020s] -- Set runtime path of "/home/hdm/ttttt/tracker_plus/install/auto_aim_interfaces/lib/libauto_aim_interfaces__rosidl_typesupport_introspection_c.so" to ""
[11.020s] -- Installing: /home/hdm/ttttt/tracker_plus/install/auto_aim_interfaces/lib/libauto_aim_interfaces__rosidl_typesupport_c.so
[11.021s] -- Set runtime path of "/home/hdm/ttttt/tracker_plus/install/auto_aim_interfaces/lib/libauto_aim_interfaces__rosidl_typesupport_c.so" to ""
[11.021s] -- Installing: /home/hdm/ttttt/tracker_plus/install/auto_aim_interfaces/lib/libauto_aim_interfaces__rosidl_typesupport_fastrtps_cpp.so
[11.021s] -- Set runtime path of "/home/hdm/ttttt/tracker_plus/install/auto_aim_interfaces/lib/libauto_aim_interfaces__rosidl_typesupport_fastrtps_cpp.so" to ""
[11.021s] -- Installing: /home/hdm/ttttt/tracker_plus/install/auto_aim_interfaces/lib/libauto_aim_interfaces__rosidl_typesupport_introspection_cpp.so
[11.022s] -- Set runtime path of "/home/hdm/ttttt/tracker_plus/install/auto_aim_interfaces/lib/libauto_aim_interfaces__rosidl_typesupport_introspection_cpp.so" to ""
[11.022s] -- Installing: /home/hdm/ttttt/tracker_plus/install/auto_aim_interfaces/lib/libauto_aim_interfaces__rosidl_typesupport_cpp.so
[11.023s] -- Set runtime path of "/home/hdm/ttttt/tracker_plus/install/auto_aim_interfaces/lib/libauto_aim_interfaces__rosidl_typesupport_cpp.so" to ""
[11.072s] Listing '/home/hdm/ttttt/tracker_plus/install/auto_aim_interfaces/local/lib/python3.10/dist-packages/auto_aim_interfaces'...
[11.072s] Compiling '/home/hdm/ttttt/tracker_plus/install/auto_aim_interfaces/local/lib/python3.10/dist-packages/auto_aim_interfaces/__init__.py'...
[11.072s] Listing '/home/hdm/ttttt/tracker_plus/install/auto_aim_interfaces/local/lib/python3.10/dist-packages/auto_aim_interfaces/msg'...
[11.072s] Compiling '/home/hdm/ttttt/tracker_plus/install/auto_aim_interfaces/local/lib/python3.10/dist-packages/auto_aim_interfaces/msg/__init__.py'...
[11.072s] Compiling '/home/hdm/ttttt/tracker_plus/install/auto_aim_interfaces/local/lib/python3.10/dist-packages/auto_aim_interfaces/msg/_armor.py'...
[11.072s] Compiling '/home/hdm/ttttt/tracker_plus/install/auto_aim_interfaces/local/lib/python3.10/dist-packages/auto_aim_interfaces/msg/_armors.py'...
[11.073s] Compiling '/home/hdm/ttttt/tracker_plus/install/auto_aim_interfaces/local/lib/python3.10/dist-packages/auto_aim_interfaces/msg/_debug_armor.py'...
[11.073s] Compiling '/home/hdm/ttttt/tracker_plus/install/auto_aim_interfaces/local/lib/python3.10/dist-packages/auto_aim_interfaces/msg/_debug_armors.py'...
[11.073s] Compiling '/home/hdm/ttttt/tracker_plus/install/auto_aim_interfaces/local/lib/python3.10/dist-packages/auto_aim_interfaces/msg/_debug_light.py'...
[11.073s] Compiling '/home/hdm/ttttt/tracker_plus/install/auto_aim_interfaces/local/lib/python3.10/dist-packages/auto_aim_interfaces/msg/_debug_lights.py'...
[11.073s] Compiling '/home/hdm/ttttt/tracker_plus/install/auto_aim_interfaces/local/lib/python3.10/dist-packages/auto_aim_interfaces/msg/_detector_latency.py'...
[11.073s] Compiling '/home/hdm/ttttt/tracker_plus/install/auto_aim_interfaces/local/lib/python3.10/dist-packages/auto_aim_interfaces/msg/_receive.py'...
[11.073s] Compiling '/home/hdm/ttttt/tracker_plus/install/auto_aim_interfaces/local/lib/python3.10/dist-packages/auto_aim_interfaces/msg/_send.py'...
[11.073s] Compiling '/home/hdm/ttttt/tracker_plus/install/auto_aim_interfaces/local/lib/python3.10/dist-packages/auto_aim_interfaces/msg/_solve_info.py'...
[11.073s] Compiling '/home/hdm/ttttt/tracker_plus/install/auto_aim_interfaces/local/lib/python3.10/dist-packages/auto_aim_interfaces/msg/_target.py'...
[11.073s] Compiling '/home/hdm/ttttt/tracker_plus/install/auto_aim_interfaces/local/lib/python3.10/dist-packages/auto_aim_interfaces/msg/_test.py'...
[11.073s] Compiling '/home/hdm/ttttt/tracker_plus/install/auto_aim_interfaces/local/lib/python3.10/dist-packages/auto_aim_interfaces/msg/_time_info.py'...
[11.074s] Compiling '/home/hdm/ttttt/tracker_plus/install/auto_aim_interfaces/local/lib/python3.10/dist-packages/auto_aim_interfaces/msg/_tracker_info.py'...
[11.074s] Compiling '/home/hdm/ttttt/tracker_plus/install/auto_aim_interfaces/local/lib/python3.10/dist-packages/auto_aim_interfaces/msg/_tracker_latency.py'...
[11.074s] Compiling '/home/hdm/ttttt/tracker_plus/install/auto_aim_interfaces/local/lib/python3.10/dist-packages/auto_aim_interfaces/msg/_velocity.py'...
[11.077s] -- Installing: /home/hdm/ttttt/tracker_plus/install/auto_aim_interfaces/lib/libauto_aim_interfaces__rosidl_generator_py.so
[11.077s] -- Set runtime path of "/home/hdm/ttttt/tracker_plus/install/auto_aim_interfaces/lib/libauto_aim_interfaces__rosidl_generator_py.so" to ""
[11.077s] -- Installing: /home/hdm/ttttt/tracker_plus/install/auto_aim_interfaces/share/auto_aim_interfaces/cmake/export_auto_aim_interfaces__rosidl_generator_cExport.cmake
[11.077s] -- Installing: /home/hdm/ttttt/tracker_plus/install/auto_aim_interfaces/share/auto_aim_interfaces/cmake/export_auto_aim_interfaces__rosidl_generator_cExport-noconfig.cmake
[11.077s] -- Installing: /home/hdm/ttttt/tracker_plus/install/auto_aim_interfaces/share/auto_aim_interfaces/cmake/export_auto_aim_interfaces__rosidl_typesupport_fastrtps_cExport.cmake
[11.077s] -- Installing: /home/hdm/ttttt/tracker_plus/install/auto_aim_interfaces/share/auto_aim_interfaces/cmake/export_auto_aim_interfaces__rosidl_typesupport_fastrtps_cExport-noconfig.cmake
[11.078s] -- Installing: /home/hdm/ttttt/tracker_plus/install/auto_aim_interfaces/share/auto_aim_interfaces/cmake/auto_aim_interfaces__rosidl_typesupport_introspection_cExport.cmake
[11.078s] -- Installing: /home/hdm/ttttt/tracker_plus/install/auto_aim_interfaces/share/auto_aim_interfaces/cmake/auto_aim_interfaces__rosidl_typesupport_introspection_cExport-noconfig.cmake
[11.078s] -- Installing: /home/hdm/ttttt/tracker_plus/install/auto_aim_interfaces/share/auto_aim_interfaces/cmake/auto_aim_interfaces__rosidl_typesupport_cExport.cmake
[11.078s] -- Installing: /home/hdm/ttttt/tracker_plus/install/auto_aim_interfaces/share/auto_aim_interfaces/cmake/auto_aim_interfaces__rosidl_typesupport_cExport-noconfig.cmake
[11.078s] -- Installing: /home/hdm/ttttt/tracker_plus/install/auto_aim_interfaces/share/auto_aim_interfaces/cmake/export_auto_aim_interfaces__rosidl_generator_cppExport.cmake
[11.078s] -- Installing: /home/hdm/ttttt/tracker_plus/install/auto_aim_interfaces/share/auto_aim_interfaces/cmake/export_auto_aim_interfaces__rosidl_typesupport_fastrtps_cppExport.cmake
[11.078s] -- Installing: /home/hdm/ttttt/tracker_plus/install/auto_aim_interfaces/share/auto_aim_interfaces/cmake/export_auto_aim_interfaces__rosidl_typesupport_fastrtps_cppExport-noconfig.cmake
[11.078s] -- Installing: /home/hdm/ttttt/tracker_plus/install/auto_aim_interfaces/share/auto_aim_interfaces/cmake/auto_aim_interfaces__rosidl_typesupport_introspection_cppExport.cmake
[11.078s] -- Installing: /home/hdm/ttttt/tracker_plus/install/auto_aim_interfaces/share/auto_aim_interfaces/cmake/auto_aim_interfaces__rosidl_typesupport_introspection_cppExport-noconfig.cmake
[11.078s] -- Installing: /home/hdm/ttttt/tracker_plus/install/auto_aim_interfaces/share/auto_aim_interfaces/cmake/auto_aim_interfaces__rosidl_typesupport_cppExport.cmake
[11.078s] -- Installing: /home/hdm/ttttt/tracker_plus/install/auto_aim_interfaces/share/auto_aim_interfaces/cmake/auto_aim_interfaces__rosidl_typesupport_cppExport-noconfig.cmake
[11.079s] -- Installing: /home/hdm/ttttt/tracker_plus/install/auto_aim_interfaces/share/auto_aim_interfaces/cmake/export_auto_aim_interfaces__rosidl_generator_pyExport.cmake
[11.079s] -- Installing: /home/hdm/ttttt/tracker_plus/install/auto_aim_interfaces/share/auto_aim_interfaces/cmake/export_auto_aim_interfaces__rosidl_generator_pyExport-noconfig.cmake
[11.081s] Invoked command in '/home/hdm/ttttt/tracker_plus/build/auto_aim_interfaces' returned '0': CMAKE_PREFIX_PATH=/opt/ros/humble /usr/bin/cmake --install /home/hdm/ttttt/tracker_plus/build/auto_aim_interfaces
