[0.021s] Invoking command in '/home/hdm/ttttt/tracker_plus/build/rm_buff_bringup': AMENT_PREFIX_PATH=/home/hdm/ttttt/tracker_plus/install/buff_tracker:/home/hdm/ttttt/tracker_plus/install/rm_serial_driver:/home/hdm/ttttt/tracker_plus/install/buff_executor:/home/hdm/ttttt/tracker_plus/install/buff_detector:/home/hdm/ttttt/tracker_plus/install/rm_gimbal_description:/home/hdm/ttttt/tracker_plus/install/buff_interfaces:/home/hdm/ttttt/tracker_plus/install/auto_aim_interfaces:${AMENT_PREFIX_PATH} CMAKE_PREFIX_PATH=/home/hdm/ttttt/tracker_plus/install/buff_tracker:/home/hdm/ttttt/tracker_plus/install/rm_serial_driver:/home/hdm/ttttt/tracker_plus/install/buff_executor:/home/hdm/ttttt/tracker_plus/install/buff_detector:/home/hdm/ttttt/tracker_plus/install/rm_gimbal_description:/home/hdm/ttttt/tracker_plus/install/buff_interfaces:/home/hdm/ttttt/tracker_plus/install/auto_aim_interfaces:/opt/ros/humble LD_LIBRARY_PATH=/home/hdm/ttttt/tracker_plus/install/buff_tracker/lib:/home/hdm/ttttt/tracker_plus/install/rm_serial_driver/lib:/home/hdm/ttttt/tracker_plus/install/buff_executor/lib:/home/hdm/ttttt/tracker_plus/install/buff_detector/lib:/home/hdm/ttttt/tracker_plus/install/buff_interfaces/lib:/home/hdm/ttttt/tracker_plus/install/auto_aim_interfaces/lib:${LD_LIBRARY_PATH} PYTHONPATH=/home/hdm/ttttt/tracker_plus/install/buff_interfaces/local/lib/python3.10/dist-packages:/home/hdm/ttttt/tracker_plus/install/auto_aim_interfaces/local/lib/python3.10/dist-packages:${PYTHONPATH} /usr/bin/cmake /home/hdm/ttttt/tracker_plus/src/rm_buff/rm_buff_bringup -DAMENT_CMAKE_SYMLINK_INSTALL=1 -DCMAKE_INSTALL_PREFIX=/home/hdm/ttttt/tracker_plus/install/rm_buff_bringup
[0.072s] -- The C compiler identification is GNU 11.4.0
[0.114s] -- The CXX compiler identification is GNU 11.4.0
[0.120s] -- Detecting C compiler ABI info
[0.174s] -- Detecting C compiler ABI info - done
[0.179s] -- Check for working C compiler: /usr/bin/cc - skipped
[0.179s] -- Detecting C compile features
[0.180s] -- Detecting C compile features - done
[0.182s] -- Detecting CXX compiler ABI info
[0.241s] -- Detecting CXX compiler ABI info - done
[0.247s] -- Check for working CXX compiler: /usr/bin/c++ - skipped
[0.247s] -- Detecting CXX compile features
[0.247s] -- Detecting CXX compile features - done
[0.249s] -- Found ament_cmake_auto: 1.3.11 (/opt/ros/humble/share/ament_cmake_auto/cmake)
[0.368s] -- Found Python3: /usr/bin/python3 (found version "3.10.12") found components: Interpreter 
[0.423s] -- Override CMake install command with custom implementation using symlinks instead of copying resources
[0.449s] -- Found ament_lint_auto: 0.12.11 (/opt/ros/humble/share/ament_lint_auto/cmake)
[0.514s] -- Added test 'flake8' to check Python code syntax and style conventions
[0.514s] -- Added test 'lint_cmake' to check CMake code style
[0.515s] -- Added test 'pep257' to check Python code against some of the docstring style conventions in PEP 257
[0.515s] -- Added test 'xmllint' to check XML markup files
[0.516s] -- Configuring done
[0.518s] -- Generating done
[0.519s] -- Build files have been written to: /home/hdm/ttttt/tracker_plus/build/rm_buff_bringup
[0.523s] Invoked command in '/home/hdm/ttttt/tracker_plus/build/rm_buff_bringup' returned '0': AMENT_PREFIX_PATH=/home/hdm/ttttt/tracker_plus/install/buff_tracker:/home/hdm/ttttt/tracker_plus/install/rm_serial_driver:/home/hdm/ttttt/tracker_plus/install/buff_executor:/home/hdm/ttttt/tracker_plus/install/buff_detector:/home/hdm/ttttt/tracker_plus/install/rm_gimbal_description:/home/hdm/ttttt/tracker_plus/install/buff_interfaces:/home/hdm/ttttt/tracker_plus/install/auto_aim_interfaces:${AMENT_PREFIX_PATH} CMAKE_PREFIX_PATH=/home/hdm/ttttt/tracker_plus/install/buff_tracker:/home/hdm/ttttt/tracker_plus/install/rm_serial_driver:/home/hdm/ttttt/tracker_plus/install/buff_executor:/home/hdm/ttttt/tracker_plus/install/buff_detector:/home/hdm/ttttt/tracker_plus/install/rm_gimbal_description:/home/hdm/ttttt/tracker_plus/install/buff_interfaces:/home/hdm/ttttt/tracker_plus/install/auto_aim_interfaces:/opt/ros/humble LD_LIBRARY_PATH=/home/hdm/ttttt/tracker_plus/install/buff_tracker/lib:/home/hdm/ttttt/tracker_plus/install/rm_serial_driver/lib:/home/hdm/ttttt/tracker_plus/install/buff_executor/lib:/home/hdm/ttttt/tracker_plus/install/buff_detector/lib:/home/hdm/ttttt/tracker_plus/install/buff_interfaces/lib:/home/hdm/ttttt/tracker_plus/install/auto_aim_interfaces/lib:${LD_LIBRARY_PATH} PYTHONPATH=/home/hdm/ttttt/tracker_plus/install/buff_interfaces/local/lib/python3.10/dist-packages:/home/hdm/ttttt/tracker_plus/install/auto_aim_interfaces/local/lib/python3.10/dist-packages:${PYTHONPATH} /usr/bin/cmake /home/hdm/ttttt/tracker_plus/src/rm_buff/rm_buff_bringup -DAMENT_CMAKE_SYMLINK_INSTALL=1 -DCMAKE_INSTALL_PREFIX=/home/hdm/ttttt/tracker_plus/install/rm_buff_bringup
[0.524s] Invoking command in '/home/hdm/ttttt/tracker_plus/build/rm_buff_bringup': AMENT_PREFIX_PATH=/home/hdm/ttttt/tracker_plus/install/buff_tracker:/home/hdm/ttttt/tracker_plus/install/rm_serial_driver:/home/hdm/ttttt/tracker_plus/install/buff_executor:/home/hdm/ttttt/tracker_plus/install/buff_detector:/home/hdm/ttttt/tracker_plus/install/rm_gimbal_description:/home/hdm/ttttt/tracker_plus/install/buff_interfaces:/home/hdm/ttttt/tracker_plus/install/auto_aim_interfaces:${AMENT_PREFIX_PATH} CMAKE_PREFIX_PATH=/home/hdm/ttttt/tracker_plus/install/buff_tracker:/home/hdm/ttttt/tracker_plus/install/rm_serial_driver:/home/hdm/ttttt/tracker_plus/install/buff_executor:/home/hdm/ttttt/tracker_plus/install/buff_detector:/home/hdm/ttttt/tracker_plus/install/rm_gimbal_description:/home/hdm/ttttt/tracker_plus/install/buff_interfaces:/home/hdm/ttttt/tracker_plus/install/auto_aim_interfaces:/opt/ros/humble LD_LIBRARY_PATH=/home/hdm/ttttt/tracker_plus/install/buff_tracker/lib:/home/hdm/ttttt/tracker_plus/install/rm_serial_driver/lib:/home/hdm/ttttt/tracker_plus/install/buff_executor/lib:/home/hdm/ttttt/tracker_plus/install/buff_detector/lib:/home/hdm/ttttt/tracker_plus/install/buff_interfaces/lib:/home/hdm/ttttt/tracker_plus/install/auto_aim_interfaces/lib:${LD_LIBRARY_PATH} PYTHONPATH=/home/hdm/ttttt/tracker_plus/install/buff_interfaces/local/lib/python3.10/dist-packages:/home/hdm/ttttt/tracker_plus/install/auto_aim_interfaces/local/lib/python3.10/dist-packages:${PYTHONPATH} /usr/bin/cmake --build /home/hdm/ttttt/tracker_plus/build/rm_buff_bringup -- -j24 -l24
[0.556s] Invoked command in '/home/hdm/ttttt/tracker_plus/build/rm_buff_bringup' returned '0': AMENT_PREFIX_PATH=/home/hdm/ttttt/tracker_plus/install/buff_tracker:/home/hdm/ttttt/tracker_plus/install/rm_serial_driver:/home/hdm/ttttt/tracker_plus/install/buff_executor:/home/hdm/ttttt/tracker_plus/install/buff_detector:/home/hdm/ttttt/tracker_plus/install/rm_gimbal_description:/home/hdm/ttttt/tracker_plus/install/buff_interfaces:/home/hdm/ttttt/tracker_plus/install/auto_aim_interfaces:${AMENT_PREFIX_PATH} CMAKE_PREFIX_PATH=/home/hdm/ttttt/tracker_plus/install/buff_tracker:/home/hdm/ttttt/tracker_plus/install/rm_serial_driver:/home/hdm/ttttt/tracker_plus/install/buff_executor:/home/hdm/ttttt/tracker_plus/install/buff_detector:/home/hdm/ttttt/tracker_plus/install/rm_gimbal_description:/home/hdm/ttttt/tracker_plus/install/buff_interfaces:/home/hdm/ttttt/tracker_plus/install/auto_aim_interfaces:/opt/ros/humble LD_LIBRARY_PATH=/home/hdm/ttttt/tracker_plus/install/buff_tracker/lib:/home/hdm/ttttt/tracker_plus/install/rm_serial_driver/lib:/home/hdm/ttttt/tracker_plus/install/buff_executor/lib:/home/hdm/ttttt/tracker_plus/install/buff_detector/lib:/home/hdm/ttttt/tracker_plus/install/buff_interfaces/lib:/home/hdm/ttttt/tracker_plus/install/auto_aim_interfaces/lib:${LD_LIBRARY_PATH} PYTHONPATH=/home/hdm/ttttt/tracker_plus/install/buff_interfaces/local/lib/python3.10/dist-packages:/home/hdm/ttttt/tracker_plus/install/auto_aim_interfaces/local/lib/python3.10/dist-packages:${PYTHONPATH} /usr/bin/cmake --build /home/hdm/ttttt/tracker_plus/build/rm_buff_bringup -- -j24 -l24
[0.557s] Invoking command in '/home/hdm/ttttt/tracker_plus/build/rm_buff_bringup': AMENT_PREFIX_PATH=/home/hdm/ttttt/tracker_plus/install/buff_tracker:/home/hdm/ttttt/tracker_plus/install/rm_serial_driver:/home/hdm/ttttt/tracker_plus/install/buff_executor:/home/hdm/ttttt/tracker_plus/install/buff_detector:/home/hdm/ttttt/tracker_plus/install/rm_gimbal_description:/home/hdm/ttttt/tracker_plus/install/buff_interfaces:/home/hdm/ttttt/tracker_plus/install/auto_aim_interfaces:${AMENT_PREFIX_PATH} CMAKE_PREFIX_PATH=/home/hdm/ttttt/tracker_plus/install/buff_tracker:/home/hdm/ttttt/tracker_plus/install/rm_serial_driver:/home/hdm/ttttt/tracker_plus/install/buff_executor:/home/hdm/ttttt/tracker_plus/install/buff_detector:/home/hdm/ttttt/tracker_plus/install/rm_gimbal_description:/home/hdm/ttttt/tracker_plus/install/buff_interfaces:/home/hdm/ttttt/tracker_plus/install/auto_aim_interfaces:/opt/ros/humble LD_LIBRARY_PATH=/home/hdm/ttttt/tracker_plus/install/buff_tracker/lib:/home/hdm/ttttt/tracker_plus/install/rm_serial_driver/lib:/home/hdm/ttttt/tracker_plus/install/buff_executor/lib:/home/hdm/ttttt/tracker_plus/install/buff_detector/lib:/home/hdm/ttttt/tracker_plus/install/buff_interfaces/lib:/home/hdm/ttttt/tracker_plus/install/auto_aim_interfaces/lib:${LD_LIBRARY_PATH} PYTHONPATH=/home/hdm/ttttt/tracker_plus/install/buff_interfaces/local/lib/python3.10/dist-packages:/home/hdm/ttttt/tracker_plus/install/auto_aim_interfaces/local/lib/python3.10/dist-packages:${PYTHONPATH} /usr/bin/cmake --install /home/hdm/ttttt/tracker_plus/build/rm_buff_bringup
[0.564s] -- Install configuration: ""
[0.564s] -- Execute custom install script
[0.565s] -- Symlinking: /home/hdm/ttttt/tracker_plus/install/rm_buff_bringup/share/rm_buff_bringup/launch/rm_buff_bringup.launch.py
[0.575s] -- Symlinking: /home/hdm/ttttt/tracker_plus/install/rm_buff_bringup/share/rm_buff_bringup/config/launch_params.yaml
[0.584s] -- Symlinking: /home/hdm/ttttt/tracker_plus/install/rm_buff_bringup/share/ament_index/resource_index/package_run_dependencies/rm_buff_bringup
[0.590s] -- Symlinking: /home/hdm/ttttt/tracker_plus/install/rm_buff_bringup/share/ament_index/resource_index/parent_prefix_path/rm_buff_bringup
[0.598s] -- Symlinking: /home/hdm/ttttt/tracker_plus/install/rm_buff_bringup/share/rm_buff_bringup/environment/ament_prefix_path.sh
[0.604s] -- Symlinking: /home/hdm/ttttt/tracker_plus/install/rm_buff_bringup/share/rm_buff_bringup/environment/ament_prefix_path.dsv
[0.611s] -- Symlinking: /home/hdm/ttttt/tracker_plus/install/rm_buff_bringup/share/rm_buff_bringup/environment/path.sh
[0.617s] -- Symlinking: /home/hdm/ttttt/tracker_plus/install/rm_buff_bringup/share/rm_buff_bringup/environment/path.dsv
[0.623s] -- Symlinking: /home/hdm/ttttt/tracker_plus/install/rm_buff_bringup/share/rm_buff_bringup/local_setup.bash
[0.630s] -- Symlinking: /home/hdm/ttttt/tracker_plus/install/rm_buff_bringup/share/rm_buff_bringup/local_setup.sh
[0.638s] -- Symlinking: /home/hdm/ttttt/tracker_plus/install/rm_buff_bringup/share/rm_buff_bringup/local_setup.zsh
[0.646s] -- Symlinking: /home/hdm/ttttt/tracker_plus/install/rm_buff_bringup/share/rm_buff_bringup/local_setup.dsv
[0.654s] -- Symlinking: /home/hdm/ttttt/tracker_plus/install/rm_buff_bringup/share/rm_buff_bringup/package.dsv
[0.660s] -- Symlinking: /home/hdm/ttttt/tracker_plus/install/rm_buff_bringup/share/ament_index/resource_index/packages/rm_buff_bringup
[0.666s] -- Symlinking: /home/hdm/ttttt/tracker_plus/install/rm_buff_bringup/share/rm_buff_bringup/cmake/rm_buff_bringupConfig.cmake
[0.671s] -- Symlinking: /home/hdm/ttttt/tracker_plus/install/rm_buff_bringup/share/rm_buff_bringup/cmake/rm_buff_bringupConfig-version.cmake
[0.678s] -- Symlinking: /home/hdm/ttttt/tracker_plus/install/rm_buff_bringup/share/rm_buff_bringup/package.xml
[0.686s] Invoked command in '/home/hdm/ttttt/tracker_plus/build/rm_buff_bringup' returned '0': AMENT_PREFIX_PATH=/home/hdm/ttttt/tracker_plus/install/buff_tracker:/home/hdm/ttttt/tracker_plus/install/rm_serial_driver:/home/hdm/ttttt/tracker_plus/install/buff_executor:/home/hdm/ttttt/tracker_plus/install/buff_detector:/home/hdm/ttttt/tracker_plus/install/rm_gimbal_description:/home/hdm/ttttt/tracker_plus/install/buff_interfaces:/home/hdm/ttttt/tracker_plus/install/auto_aim_interfaces:${AMENT_PREFIX_PATH} CMAKE_PREFIX_PATH=/home/hdm/ttttt/tracker_plus/install/buff_tracker:/home/hdm/ttttt/tracker_plus/install/rm_serial_driver:/home/hdm/ttttt/tracker_plus/install/buff_executor:/home/hdm/ttttt/tracker_plus/install/buff_detector:/home/hdm/ttttt/tracker_plus/install/rm_gimbal_description:/home/hdm/ttttt/tracker_plus/install/buff_interfaces:/home/hdm/ttttt/tracker_plus/install/auto_aim_interfaces:/opt/ros/humble LD_LIBRARY_PATH=/home/hdm/ttttt/tracker_plus/install/buff_tracker/lib:/home/hdm/ttttt/tracker_plus/install/rm_serial_driver/lib:/home/hdm/ttttt/tracker_plus/install/buff_executor/lib:/home/hdm/ttttt/tracker_plus/install/buff_detector/lib:/home/hdm/ttttt/tracker_plus/install/buff_interfaces/lib:/home/hdm/ttttt/tracker_plus/install/auto_aim_interfaces/lib:${LD_LIBRARY_PATH} PYTHONPATH=/home/hdm/ttttt/tracker_plus/install/buff_interfaces/local/lib/python3.10/dist-packages:/home/hdm/ttttt/tracker_plus/install/auto_aim_interfaces/local/lib/python3.10/dist-packages:${PYTHONPATH} /usr/bin/cmake --install /home/hdm/ttttt/tracker_plus/build/rm_buff_bringup
