[0.008s] Invoking command in '/home/hdm/ttttt/tracker_plus/build/buff_detector': AMENT_PREFIX_PATH=/home/hdm/ttttt/tracker_plus/install/buff_interfaces:${AMENT_PREFIX_PATH} CMAKE_PREFIX_PATH=/home/hdm/ttttt/tracker_plus/install/buff_interfaces:/opt/ros/humble LD_LIBRARY_PATH=/home/hdm/ttttt/tracker_plus/install/buff_interfaces/lib:${LD_LIBRARY_PATH} PYTHONPATH=/home/hdm/ttttt/tracker_plus/install/buff_interfaces/local/lib/python3.10/dist-packages:${PYTHONPATH} /usr/bin/cmake /home/hdm/ttttt/tracker_plus/src/rm_buff/buff_detector -DAMENT_CMAKE_SYMLINK_INSTALL=1 -DCMAKE_INSTALL_PREFIX=/home/hdm/ttttt/tracker_plus/install/buff_detector
[0.055s] -- The C compiler identification is GNU 11.4.0
[0.104s] -- The CXX compiler identification is GNU 11.4.0
[0.110s] -- Detecting C compiler ABI info
[0.173s] -- Detecting C compiler ABI info - done
[0.179s] -- Check for working C compiler: /usr/bin/cc - skipped
[0.179s] -- Detecting C compile features
[0.179s] -- Detecting C compile features - done
[0.182s] -- Detecting CXX compiler ABI info
[0.245s] -- Detecting CXX compiler ABI info - done
[0.251s] -- Check for working CXX compiler: /usr/bin/c++ - skipped
[0.251s] -- Detecting CXX compile features
[0.252s] -- Detecting CXX compile features - done
[0.253s] -- Found ament_cmake_auto: 1.3.11 (/opt/ros/humble/share/ament_cmake_auto/cmake)
[0.376s] -- Found Python3: /usr/bin/python3 (found version "3.10.12") found components: Interpreter 
[0.424s] -- Override CMake install command with custom implementation using symlinks instead of copying resources
[0.455s] -- Found OpenCV: /home/hdm/environment (found version "4.5.4") 
[0.458s] -- Looking for pthread.h
[0.522s] -- Looking for pthread.h - found
[0.523s] -- Performing Test CMAKE_HAVE_LIBC_PTHREAD
[0.598s] -- Performing Test CMAKE_HAVE_LIBC_PTHREAD - Success
[0.598s] -- Found Threads: TRUE  
[0.689s] -- Found rosidl_generator_c: 3.1.6 (/opt/ros/humble/share/rosidl_generator_c/cmake)
[0.693s] -- Found rosidl_adapter: 3.1.6 (/opt/ros/humble/share/rosidl_adapter/cmake)
[0.700s] -- Found rosidl_generator_cpp: 3.1.6 (/opt/ros/humble/share/rosidl_generator_cpp/cmake)
[0.709s] -- Using all available rosidl_typesupport_c: rosidl_typesupport_fastrtps_c;rosidl_typesupport_introspection_c
[0.722s] -- Using all available rosidl_typesupport_cpp: rosidl_typesupport_fastrtps_cpp;rosidl_typesupport_introspection_cpp
[0.754s] -- Found rmw_implementation_cmake: 6.1.2 (/opt/ros/humble/share/rmw_implementation_cmake/cmake)
[0.756s] -- Found rmw_fastrtps_cpp: 6.2.7 (/opt/ros/humble/share/rmw_fastrtps_cpp/cmake)
[0.827s] -- Found OpenSSL: /usr/lib/x86_64-linux-gnu/libcrypto.so (found version "3.0.2")  
[0.850s] -- Found FastRTPS: /opt/ros/humble/include  
[0.883s] -- Using RMW implementation 'rmw_fastrtps_cpp' as default
[1.006s] -- Found eigen3_cmake_module: 0.1.1 (/opt/ros/humble/share/eigen3_cmake_module/cmake)
[1.007s] -- Found Eigen3: TRUE (found version "3.3.7") 
[1.007s] -- Ensuring Eigen3 include directory is part of orocos-kdl CMake target
[1.061s] -- Found ament_lint_auto: 0.12.11 (/opt/ros/humble/share/ament_lint_auto/cmake)
[1.077s] -- Added test 'cppcheck' to perform static code analysis on C / C++ code
[1.077s] -- Configured cppcheck include dirs: /home/hdm/ttttt/tracker_plus/src/rm_buff/buff_detector/include
[1.077s] -- Configured cppcheck exclude dirs and/or files: 
[1.077s] -- Added test 'flake8' to check Python code syntax and style conventions
[1.078s] -- Added test 'lint_cmake' to check CMake code style
[1.078s] -- Added test 'pep257' to check Python code against some of the docstring style conventions in PEP 257
[1.079s] -- Added test 'xmllint' to check XML markup files
[1.081s] -- Configuring done
[1.096s] -- Generating done
[1.100s] -- Build files have been written to: /home/hdm/ttttt/tracker_plus/build/buff_detector
[1.109s] Invoked command in '/home/hdm/ttttt/tracker_plus/build/buff_detector' returned '0': AMENT_PREFIX_PATH=/home/hdm/ttttt/tracker_plus/install/buff_interfaces:${AMENT_PREFIX_PATH} CMAKE_PREFIX_PATH=/home/hdm/ttttt/tracker_plus/install/buff_interfaces:/opt/ros/humble LD_LIBRARY_PATH=/home/hdm/ttttt/tracker_plus/install/buff_interfaces/lib:${LD_LIBRARY_PATH} PYTHONPATH=/home/hdm/ttttt/tracker_plus/install/buff_interfaces/local/lib/python3.10/dist-packages:${PYTHONPATH} /usr/bin/cmake /home/hdm/ttttt/tracker_plus/src/rm_buff/buff_detector -DAMENT_CMAKE_SYMLINK_INSTALL=1 -DCMAKE_INSTALL_PREFIX=/home/hdm/ttttt/tracker_plus/install/buff_detector
[1.112s] Invoking command in '/home/hdm/ttttt/tracker_plus/build/buff_detector': AMENT_PREFIX_PATH=/home/hdm/ttttt/tracker_plus/install/buff_interfaces:${AMENT_PREFIX_PATH} CMAKE_PREFIX_PATH=/home/hdm/ttttt/tracker_plus/install/buff_interfaces:/opt/ros/humble LD_LIBRARY_PATH=/home/hdm/ttttt/tracker_plus/install/buff_interfaces/lib:${LD_LIBRARY_PATH} PYTHONPATH=/home/hdm/ttttt/tracker_plus/install/buff_interfaces/local/lib/python3.10/dist-packages:${PYTHONPATH} /usr/bin/cmake --build /home/hdm/ttttt/tracker_plus/build/buff_detector -- -j24 -l24
[1.159s] [ 16%] [32mBuilding CXX object CMakeFiles/buff_detector_node.dir/rclcpp_components/node_main_buff_detector_node.cpp.o[0m
[1.160s] [ 33%] [32mBuilding CXX object CMakeFiles/buff_detector.dir/src/detector_node.cpp.o[0m
[1.160s] [ 50%] [32mBuilding CXX object CMakeFiles/buff_detector.dir/src/pnp_solver.cpp.o[0m
[1.161s] [ 66%] [32mBuilding CXX object CMakeFiles/buff_detector.dir/src/detector.cpp.o[0m
[3.881s] [ 83%] [32m[1mLinking CXX executable buff_detector_node[0m
[4.073s] [ 83%] Built target buff_detector_node
[18.655s] [100%] [32m[1mLinking CXX shared library libbuff_detector.so[0m
[19.508s] [100%] Built target buff_detector
[19.518s] Invoked command in '/home/hdm/ttttt/tracker_plus/build/buff_detector' returned '0': AMENT_PREFIX_PATH=/home/hdm/ttttt/tracker_plus/install/buff_interfaces:${AMENT_PREFIX_PATH} CMAKE_PREFIX_PATH=/home/hdm/ttttt/tracker_plus/install/buff_interfaces:/opt/ros/humble LD_LIBRARY_PATH=/home/hdm/ttttt/tracker_plus/install/buff_interfaces/lib:${LD_LIBRARY_PATH} PYTHONPATH=/home/hdm/ttttt/tracker_plus/install/buff_interfaces/local/lib/python3.10/dist-packages:${PYTHONPATH} /usr/bin/cmake --build /home/hdm/ttttt/tracker_plus/build/buff_detector -- -j24 -l24
[19.519s] Invoking command in '/home/hdm/ttttt/tracker_plus/build/buff_detector': AMENT_PREFIX_PATH=/home/hdm/ttttt/tracker_plus/install/buff_interfaces:${AMENT_PREFIX_PATH} CMAKE_PREFIX_PATH=/home/hdm/ttttt/tracker_plus/install/buff_interfaces:/opt/ros/humble LD_LIBRARY_PATH=/home/hdm/ttttt/tracker_plus/install/buff_interfaces/lib:${LD_LIBRARY_PATH} PYTHONPATH=/home/hdm/ttttt/tracker_plus/install/buff_interfaces/local/lib/python3.10/dist-packages:${PYTHONPATH} /usr/bin/cmake --install /home/hdm/ttttt/tracker_plus/build/buff_detector
[19.529s] -- Install configuration: ""
[19.529s] -- Execute custom install script
[19.530s] -- Symlinking: /home/hdm/ttttt/tracker_plus/install/buff_detector/lib/buff_detector/buff_detector_node
[19.539s] -- Symlinking: /home/hdm/ttttt/tracker_plus/install/buff_detector/include/buff_detector/blade.hpp
[19.545s] -- Symlinking: /home/hdm/ttttt/tracker_plus/install/buff_detector/include/buff_detector/detector.hpp
[19.553s] -- Symlinking: /home/hdm/ttttt/tracker_plus/install/buff_detector/include/buff_detector/detector_node.hpp
[19.562s] -- Symlinking: /home/hdm/ttttt/tracker_plus/install/buff_detector/include/buff_detector/pnp_solver.hpp
[19.569s] -- Symlinking: /home/hdm/ttttt/tracker_plus/install/buff_detector/share/buff_detector/environment/library_path.sh
[19.575s] -- Symlinking: /home/hdm/ttttt/tracker_plus/install/buff_detector/share/buff_detector/environment/library_path.dsv
[19.582s] -- Symlinking: /home/hdm/ttttt/tracker_plus/install/buff_detector/lib/libbuff_detector.so
[19.589s] -- Symlinking: /home/hdm/ttttt/tracker_plus/install/buff_detector/share/buff_detector/models/buff_quantized.bin
[19.597s] -- Symlinking: /home/hdm/ttttt/tracker_plus/install/buff_detector/share/buff_detector/models/buff_quantized.xml
[19.605s] -- Symlinking: /home/hdm/ttttt/tracker_plus/install/buff_detector/share/buff_detector/models/metadata.yaml
[19.614s] -- Symlinking: /home/hdm/ttttt/tracker_plus/install/buff_detector/share/buff_detector/launch/buff_detector.launch.py
[19.621s] -- Symlinking: /home/hdm/ttttt/tracker_plus/install/buff_detector/share/ament_index/resource_index/package_run_dependencies/buff_detector
[19.631s] -- Symlinking: /home/hdm/ttttt/tracker_plus/install/buff_detector/share/ament_index/resource_index/parent_prefix_path/buff_detector
[19.638s] -- Symlinking: /home/hdm/ttttt/tracker_plus/install/buff_detector/share/buff_detector/environment/ament_prefix_path.sh
[19.645s] -- Symlinking: /home/hdm/ttttt/tracker_plus/install/buff_detector/share/buff_detector/environment/ament_prefix_path.dsv
[19.652s] -- Symlinking: /home/hdm/ttttt/tracker_plus/install/buff_detector/share/buff_detector/environment/path.sh
[19.660s] -- Symlinking: /home/hdm/ttttt/tracker_plus/install/buff_detector/share/buff_detector/environment/path.dsv
[19.669s] -- Symlinking: /home/hdm/ttttt/tracker_plus/install/buff_detector/share/buff_detector/local_setup.bash
[19.676s] -- Symlinking: /home/hdm/ttttt/tracker_plus/install/buff_detector/share/buff_detector/local_setup.sh
[19.684s] -- Symlinking: /home/hdm/ttttt/tracker_plus/install/buff_detector/share/buff_detector/local_setup.zsh
[19.690s] -- Symlinking: /home/hdm/ttttt/tracker_plus/install/buff_detector/share/buff_detector/local_setup.dsv
[19.698s] -- Symlinking: /home/hdm/ttttt/tracker_plus/install/buff_detector/share/buff_detector/package.dsv
[19.705s] -- Symlinking: /home/hdm/ttttt/tracker_plus/install/buff_detector/share/ament_index/resource_index/packages/buff_detector
[19.712s] -- Symlinking: /home/hdm/ttttt/tracker_plus/install/buff_detector/share/ament_index/resource_index/rclcpp_components/buff_detector
[19.721s] -- Symlinking: /home/hdm/ttttt/tracker_plus/install/buff_detector/share/buff_detector/cmake/ament_cmake_export_dependencies-extras.cmake
[19.728s] -- Symlinking: /home/hdm/ttttt/tracker_plus/install/buff_detector/share/buff_detector/cmake/ament_cmake_export_include_directories-extras.cmake
[19.742s] -- Symlinking: /home/hdm/ttttt/tracker_plus/install/buff_detector/share/buff_detector/cmake/ament_cmake_export_libraries-extras.cmake
[19.748s] -- Symlinking: /home/hdm/ttttt/tracker_plus/install/buff_detector/share/buff_detector/cmake/buff_detectorConfig.cmake
[19.755s] -- Symlinking: /home/hdm/ttttt/tracker_plus/install/buff_detector/share/buff_detector/cmake/buff_detectorConfig-version.cmake
[19.762s] -- Symlinking: /home/hdm/ttttt/tracker_plus/install/buff_detector/share/buff_detector/package.xml
[19.772s] Invoked command in '/home/hdm/ttttt/tracker_plus/build/buff_detector' returned '0': AMENT_PREFIX_PATH=/home/hdm/ttttt/tracker_plus/install/buff_interfaces:${AMENT_PREFIX_PATH} CMAKE_PREFIX_PATH=/home/hdm/ttttt/tracker_plus/install/buff_interfaces:/opt/ros/humble LD_LIBRARY_PATH=/home/hdm/ttttt/tracker_plus/install/buff_interfaces/lib:${LD_LIBRARY_PATH} PYTHONPATH=/home/hdm/ttttt/tracker_plus/install/buff_interfaces/local/lib/python3.10/dist-packages:${PYTHONPATH} /usr/bin/cmake --install /home/hdm/ttttt/tracker_plus/build/buff_detector
