[0.014s] Invoking command in '/home/hdm/ttttt/tracker_plus/build/buff_interfaces': CMAKE_PREFIX_PATH=/opt/ros/humble /usr/bin/cmake /home/hdm/ttttt/tracker_plus/src/rm_buff/buff_interfaces -DAMENT_CMAKE_SYMLINK_INSTALL=1 -DCMAKE_INSTALL_PREFIX=/home/hdm/ttttt/tracker_plus/install/buff_interfaces
[0.092s] -- The C compiler identification is GNU 11.4.0
[0.140s] -- The CXX compiler identification is GNU 11.4.0
[0.147s] -- Detecting C compiler ABI info
[0.206s] -- Detecting C compiler ABI info - done
[0.213s] -- Check for working C compiler: /usr/bin/cc - skipped
[0.213s] -- Detecting C compile features
[0.214s] -- Detecting C compile features - done
[0.216s] -- Detecting CXX compiler ABI info
[0.290s] -- Detecting CXX compiler ABI info - done
[0.297s] -- Check for working CXX compiler: /usr/bin/c++ - skipped
[0.297s] -- Detecting CXX compile features
[0.298s] -- Detecting CXX compile features - done
[0.302s] -- Found ament_cmake: 1.3.11 (/opt/ros/humble/share/ament_cmake/cmake)
[0.440s] -- Found Python3: /usr/bin/python3 (found version "3.10.12") found components: Interpreter 
[0.503s] -- Override CMake install command with custom implementation using symlinks instead of copying resources
[0.526s] -- Found rosidl_default_generators: 1.2.0 (/opt/ros/humble/share/rosidl_default_generators/cmake)
[0.529s] -- Using all available rosidl_typesupport_c: rosidl_typesupport_fastrtps_c;rosidl_typesupport_introspection_c
[0.535s] -- Found rosidl_adapter: 3.1.6 (/opt/ros/humble/share/rosidl_adapter/cmake)
[0.576s] -- Using all available rosidl_typesupport_cpp: rosidl_typesupport_fastrtps_cpp;rosidl_typesupport_introspection_cpp
[0.606s] -- Found std_msgs: 4.2.4 (/opt/ros/humble/share/std_msgs/cmake)
[0.628s] -- Found geometry_msgs: 4.2.4 (/opt/ros/humble/share/geometry_msgs/cmake)
[0.941s] -- Found ament_cmake_ros: 0.10.0 (/opt/ros/humble/share/ament_cmake_ros/cmake)
[1.178s] -- Using all available rosidl_typesupport_c: rosidl_typesupport_fastrtps_c;rosidl_typesupport_introspection_c
[1.527s] -- Using all available rosidl_typesupport_cpp: rosidl_typesupport_fastrtps_cpp;rosidl_typesupport_introspection_cpp
[1.550s] -- Found PythonInterp: /usr/bin/python3 (found suitable version "3.10.12", minimum required is "3.6") 
[1.552s] -- Found python_cmake_module: 0.10.0 (/opt/ros/humble/share/python_cmake_module/cmake)
[1.580s] -- Found PythonLibs: /usr/lib/x86_64-linux-gnu/libpython3.10.so (found suitable version "3.10.12", minimum required is "3.5") 
[1.580s] -- Using PYTHON_EXECUTABLE: /usr/bin/python3
[1.581s] -- Using PYTHON_INCLUDE_DIRS: /usr/include/python3.10
[1.581s] -- Using PYTHON_LIBRARIES: /usr/lib/x86_64-linux-gnu/libpython3.10.so
[1.603s] -- Found PythonExtra: .so  
[1.672s] -- Configuring done
[1.719s] -- Generating done
[1.733s] -- Build files have been written to: /home/hdm/ttttt/tracker_plus/build/buff_interfaces
[1.741s] Invoked command in '/home/hdm/ttttt/tracker_plus/build/buff_interfaces' returned '0': CMAKE_PREFIX_PATH=/opt/ros/humble /usr/bin/cmake /home/hdm/ttttt/tracker_plus/src/rm_buff/buff_interfaces -DAMENT_CMAKE_SYMLINK_INSTALL=1 -DCMAKE_INSTALL_PREFIX=/home/hdm/ttttt/tracker_plus/install/buff_interfaces
[1.743s] Invoking command in '/home/hdm/ttttt/tracker_plus/build/buff_interfaces': CMAKE_PREFIX_PATH=/opt/ros/humble /usr/bin/cmake --build /home/hdm/ttttt/tracker_plus/build/buff_interfaces -- -j24 -l24
[1.796s] [  1%] [34m[1mGenerating C code for ROS interfaces[0m
[1.809s] [  2%] [34m[1mGenerating C++ code for ROS interfaces[0m
[1.820s] [  2%] Built target ament_cmake_python_symlink_buff_interfaces
[2.184s] running egg_info
[2.185s] creating buff_interfaces.egg-info
[2.185s] writing buff_interfaces.egg-info/PKG-INFO
[2.186s] writing dependency_links to buff_interfaces.egg-info/dependency_links.txt
[2.186s] writing top-level names to buff_interfaces.egg-info/top_level.txt
[2.186s] writing manifest file 'buff_interfaces.egg-info/SOURCES.txt'
[2.188s] reading manifest file 'buff_interfaces.egg-info/SOURCES.txt'
[2.188s] writing manifest file 'buff_interfaces.egg-info/SOURCES.txt'
[2.219s] [  2%] Built target ament_cmake_python_build_buff_interfaces_egg
[2.562s] [  3%] [32mBuilding C object CMakeFiles/buff_interfaces__rosidl_generator_c.dir/rosidl_generator_c/buff_interfaces/msg/detail/rune_info__functions.c.o[0m
[2.563s] [  4%] [32mBuilding C object CMakeFiles/buff_interfaces__rosidl_generator_c.dir/rosidl_generator_c/buff_interfaces/msg/detail/debug_blade__functions.c.o[0m
[2.563s] [  5%] [32mBuilding C object CMakeFiles/buff_interfaces__rosidl_generator_c.dir/rosidl_generator_c/buff_interfaces/msg/detail/time_info__functions.c.o[0m
[2.564s] [  6%] [32mBuilding C object CMakeFiles/buff_interfaces__rosidl_generator_c.dir/rosidl_generator_c/buff_interfaces/msg/detail/debug_blade_array__functions.c.o[0m
[2.564s] [  7%] [32mBuilding C object CMakeFiles/buff_interfaces__rosidl_generator_c.dir/rosidl_generator_c/buff_interfaces/msg/detail/blade__functions.c.o[0m
[2.564s] [  9%] [32mBuilding C object CMakeFiles/buff_interfaces__rosidl_generator_c.dir/rosidl_generator_c/buff_interfaces/msg/detail/blade_array__functions.c.o[0m
[2.564s] [  9%] [32mBuilding C object CMakeFiles/buff_interfaces__rosidl_generator_c.dir/rosidl_generator_c/buff_interfaces/msg/detail/buff_send__functions.c.o[0m
[2.565s] [ 10%] [32mBuilding C object CMakeFiles/buff_interfaces__rosidl_generator_c.dir/rosidl_generator_c/buff_interfaces/msg/detail/rune__functions.c.o[0m
[2.566s] [ 11%] [32mBuilding C object CMakeFiles/buff_interfaces__rosidl_generator_c.dir/rosidl_generator_c/buff_interfaces/msg/detail/velocity__functions.c.o[0m
[2.635s] [ 12%] [32m[1mLinking C shared library libbuff_interfaces__rosidl_generator_c.so[0m
[2.685s] [ 12%] Built target buff_interfaces__rosidl_generator_c
[2.697s] [ 13%] [34m[1mGenerating C type support for eProsima Fast-RTPS[0m
[2.701s] [ 15%] [34m[1mGenerating C introspection for ROS interfaces[0m
[2.701s] [ 15%] [34m[1mGenerating C type support dispatch for ROS interfaces[0m
[2.896s] [ 15%] Built target buff_interfaces__cpp
[2.909s] [ 16%] [34m[1mGenerating C++ type support dispatch for ROS interfaces[0m
[2.912s] [ 17%] [34m[1mGenerating C++ type support for eProsima Fast-RTPS[0m
[2.918s] [ 18%] [34m[1mGenerating C++ introspection for ROS interfaces[0m
[3.309s] [ 20%] [32mBuilding CXX object CMakeFiles/buff_interfaces__rosidl_typesupport_c.dir/rosidl_typesupport_c/buff_interfaces/msg/blade_array__type_support.cpp.o[0m
[3.309s] [ 22%] [32mBuilding CXX object CMakeFiles/buff_interfaces__rosidl_typesupport_c.dir/rosidl_typesupport_c/buff_interfaces/msg/blade__type_support.cpp.o[0m
[3.309s] [ 21%] [32mBuilding CXX object CMakeFiles/buff_interfaces__rosidl_typesupport_c.dir/rosidl_typesupport_c/buff_interfaces/msg/debug_blade_array__type_support.cpp.o[0m
[3.311s] [ 23%] [32mBuilding CXX object CMakeFiles/buff_interfaces__rosidl_typesupport_c.dir/rosidl_typesupport_c/buff_interfaces/msg/debug_blade__type_support.cpp.o[0m
[3.311s] [ 25%] [32mBuilding CXX object CMakeFiles/buff_interfaces__rosidl_typesupport_c.dir/rosidl_typesupport_c/buff_interfaces/msg/time_info__type_support.cpp.o[0m
[3.311s] [ 25%] [32mBuilding CXX object CMakeFiles/buff_interfaces__rosidl_typesupport_c.dir/rosidl_typesupport_c/buff_interfaces/msg/rune__type_support.cpp.o[0m
[3.312s] [ 26%] [32mBuilding CXX object CMakeFiles/buff_interfaces__rosidl_typesupport_c.dir/rosidl_typesupport_c/buff_interfaces/msg/rune_info__type_support.cpp.o[0m
[3.313s] [ 27%] [32mBuilding CXX object CMakeFiles/buff_interfaces__rosidl_typesupport_c.dir/rosidl_typesupport_c/buff_interfaces/msg/velocity__type_support.cpp.o[0m
[3.319s] [ 28%] [32mBuilding CXX object CMakeFiles/buff_interfaces__rosidl_typesupport_c.dir/rosidl_typesupport_c/buff_interfaces/msg/buff_send__type_support.cpp.o[0m
[3.374s] [ 29%] [32m[1mLinking CXX shared library libbuff_interfaces__rosidl_typesupport_c.so[0m
[3.407s] [ 31%] [32mBuilding C object CMakeFiles/buff_interfaces__rosidl_typesupport_introspection_c.dir/rosidl_typesupport_introspection_c/buff_interfaces/msg/detail/blade__type_support.c.o[0m
[3.408s] [ 31%] [32mBuilding C object CMakeFiles/buff_interfaces__rosidl_typesupport_introspection_c.dir/rosidl_typesupport_introspection_c/buff_interfaces/msg/detail/debug_blade__type_support.c.o[0m
[3.408s] [ 32%] [32mBuilding C object CMakeFiles/buff_interfaces__rosidl_typesupport_introspection_c.dir/rosidl_typesupport_introspection_c/buff_interfaces/msg/detail/rune__type_support.c.o[0m
[3.408s] [ 33%] [32mBuilding C object CMakeFiles/buff_interfaces__rosidl_typesupport_introspection_c.dir/rosidl_typesupport_introspection_c/buff_interfaces/msg/detail/rune_info__type_support.c.o[0m
[3.408s] [ 34%] [32mBuilding C object CMakeFiles/buff_interfaces__rosidl_typesupport_introspection_c.dir/rosidl_typesupport_introspection_c/buff_interfaces/msg/detail/debug_blade_array__type_support.c.o[0m
[3.408s] [ 35%] [32mBuilding C object CMakeFiles/buff_interfaces__rosidl_typesupport_introspection_c.dir/rosidl_typesupport_introspection_c/buff_interfaces/msg/detail/time_info__type_support.c.o[0m
[3.408s] [ 36%] [32mBuilding C object CMakeFiles/buff_interfaces__rosidl_typesupport_introspection_c.dir/rosidl_typesupport_introspection_c/buff_interfaces/msg/detail/velocity__type_support.c.o[0m
[3.408s] [ 37%] [32mBuilding C object CMakeFiles/buff_interfaces__rosidl_typesupport_introspection_c.dir/rosidl_typesupport_introspection_c/buff_interfaces/msg/detail/blade_array__type_support.c.o[0m
[3.416s] [ 38%] [32mBuilding C object CMakeFiles/buff_interfaces__rosidl_typesupport_introspection_c.dir/rosidl_typesupport_introspection_c/buff_interfaces/msg/detail/buff_send__type_support.c.o[0m
[3.455s] [ 38%] Built target buff_interfaces__rosidl_typesupport_c
[3.489s] [ 40%] [32m[1mLinking C shared library libbuff_interfaces__rosidl_typesupport_introspection_c.so[0m
[3.493s] [ 44%] [32mBuilding CXX object CMakeFiles/buff_interfaces__rosidl_typesupport_fastrtps_c.dir/rosidl_typesupport_fastrtps_c/buff_interfaces/msg/detail/blade__type_support_c.cpp.o[0m
[3.494s] [ 44%] [32mBuilding CXX object CMakeFiles/buff_interfaces__rosidl_typesupport_fastrtps_c.dir/rosidl_typesupport_fastrtps_c/buff_interfaces/msg/detail/debug_blade_array__type_support_c.cpp.o[0m
[3.494s] [ 44%] [32mBuilding CXX object CMakeFiles/buff_interfaces__rosidl_typesupport_fastrtps_c.dir/rosidl_typesupport_fastrtps_c/buff_interfaces/msg/detail/debug_blade__type_support_c.cpp.o[0m
[3.494s] [ 44%] [32mBuilding CXX object CMakeFiles/buff_interfaces__rosidl_typesupport_fastrtps_c.dir/rosidl_typesupport_fastrtps_c/buff_interfaces/msg/detail/blade_array__type_support_c.cpp.o[0m
[3.494s] [ 45%] [32mBuilding CXX object CMakeFiles/buff_interfaces__rosidl_typesupport_fastrtps_c.dir/rosidl_typesupport_fastrtps_c/buff_interfaces/msg/detail/time_info__type_support_c.cpp.o[0m
[3.494s] [ 46%] [32mBuilding CXX object CMakeFiles/buff_interfaces__rosidl_typesupport_fastrtps_c.dir/rosidl_typesupport_fastrtps_c/buff_interfaces/msg/detail/rune_info__type_support_c.cpp.o[0m
[3.494s] [ 47%] [32mBuilding CXX object CMakeFiles/buff_interfaces__rosidl_typesupport_fastrtps_c.dir/rosidl_typesupport_fastrtps_c/buff_interfaces/msg/detail/velocity__type_support_c.cpp.o[0m
[3.494s] [ 48%] [32mBuilding CXX object CMakeFiles/buff_interfaces__rosidl_typesupport_fastrtps_c.dir/rosidl_typesupport_fastrtps_c/buff_interfaces/msg/detail/buff_send__type_support_c.cpp.o[0m
[3.495s] [ 49%] [32mBuilding CXX object CMakeFiles/buff_interfaces__rosidl_typesupport_fastrtps_c.dir/rosidl_typesupport_fastrtps_c/buff_interfaces/msg/detail/rune__type_support_c.cpp.o[0m
[3.520s] [ 50%] [32mBuilding CXX object CMakeFiles/buff_interfaces__rosidl_typesupport_cpp.dir/rosidl_typesupport_cpp/buff_interfaces/msg/blade_array__type_support.cpp.o[0m
[3.522s] [ 51%] [32mBuilding CXX object CMakeFiles/buff_interfaces__rosidl_typesupport_cpp.dir/rosidl_typesupport_cpp/buff_interfaces/msg/blade__type_support.cpp.o[0m
[3.530s] [ 52%] [32mBuilding CXX object CMakeFiles/buff_interfaces__rosidl_typesupport_cpp.dir/rosidl_typesupport_cpp/buff_interfaces/msg/debug_blade__type_support.cpp.o[0m
[3.533s] [ 53%] [32mBuilding CXX object CMakeFiles/buff_interfaces__rosidl_typesupport_cpp.dir/rosidl_typesupport_cpp/buff_interfaces/msg/debug_blade_array__type_support.cpp.o[0m
[3.534s] [ 54%] [32mBuilding CXX object CMakeFiles/buff_interfaces__rosidl_typesupport_cpp.dir/rosidl_typesupport_cpp/buff_interfaces/msg/rune__type_support.cpp.o[0m
[3.545s] [ 55%] [32mBuilding CXX object CMakeFiles/buff_interfaces__rosidl_typesupport_cpp.dir/rosidl_typesupport_cpp/buff_interfaces/msg/rune_info__type_support.cpp.o[0m
[3.549s] [ 56%] [32mBuilding CXX object CMakeFiles/buff_interfaces__rosidl_typesupport_cpp.dir/rosidl_typesupport_cpp/buff_interfaces/msg/time_info__type_support.cpp.o[0m
[3.555s] [ 57%] [32mBuilding CXX object CMakeFiles/buff_interfaces__rosidl_typesupport_cpp.dir/rosidl_typesupport_cpp/buff_interfaces/msg/velocity__type_support.cpp.o[0m
[3.556s] [ 58%] [32mBuilding CXX object CMakeFiles/buff_interfaces__rosidl_typesupport_cpp.dir/rosidl_typesupport_cpp/buff_interfaces/msg/buff_send__type_support.cpp.o[0m
[3.571s] [ 58%] Built target buff_interfaces__rosidl_typesupport_introspection_c
[3.882s] [ 60%] [32mBuilding CXX object CMakeFiles/buff_interfaces__rosidl_typesupport_fastrtps_cpp.dir/rosidl_typesupport_fastrtps_cpp/buff_interfaces/msg/detail/dds_fastrtps/blade__type_support.cpp.o[0m
[3.883s] [ 61%] [32mBuilding CXX object CMakeFiles/buff_interfaces__rosidl_typesupport_fastrtps_cpp.dir/rosidl_typesupport_fastrtps_cpp/buff_interfaces/msg/detail/dds_fastrtps/blade_array__type_support.cpp.o[0m
[3.884s] [ 62%] [32mBuilding CXX object CMakeFiles/buff_interfaces__rosidl_typesupport_fastrtps_cpp.dir/rosidl_typesupport_fastrtps_cpp/buff_interfaces/msg/detail/dds_fastrtps/debug_blade__type_support.cpp.o[0m
[3.887s] [ 63%] [32mBuilding CXX object CMakeFiles/buff_interfaces__rosidl_typesupport_fastrtps_cpp.dir/rosidl_typesupport_fastrtps_cpp/buff_interfaces/msg/detail/dds_fastrtps/rune__type_support.cpp.o[0m
[3.890s] [ 64%] [32mBuilding CXX object CMakeFiles/buff_interfaces__rosidl_typesupport_fastrtps_cpp.dir/rosidl_typesupport_fastrtps_cpp/buff_interfaces/msg/detail/dds_fastrtps/debug_blade_array__type_support.cpp.o[0m
[3.938s] [ 65%] [32mBuilding CXX object CMakeFiles/buff_interfaces__rosidl_typesupport_introspection_cpp.dir/rosidl_typesupport_introspection_cpp/buff_interfaces/msg/detail/blade__type_support.cpp.o[0m
[4.018s] [ 66%] [32mBuilding CXX object CMakeFiles/buff_interfaces__rosidl_typesupport_fastrtps_cpp.dir/rosidl_typesupport_fastrtps_cpp/buff_interfaces/msg/detail/dds_fastrtps/rune_info__type_support.cpp.o[0m
[4.050s] [ 67%] [32mBuilding CXX object CMakeFiles/buff_interfaces__rosidl_typesupport_introspection_cpp.dir/rosidl_typesupport_introspection_cpp/buff_interfaces/msg/detail/blade_array__type_support.cpp.o[0m
[4.082s] [ 68%] [32mBuilding CXX object CMakeFiles/buff_interfaces__rosidl_typesupport_introspection_cpp.dir/rosidl_typesupport_introspection_cpp/buff_interfaces/msg/detail/debug_blade__type_support.cpp.o[0m
[4.096s] [ 69%] [32mBuilding CXX object CMakeFiles/buff_interfaces__rosidl_typesupport_introspection_cpp.dir/rosidl_typesupport_introspection_cpp/buff_interfaces/msg/detail/debug_blade_array__type_support.cpp.o[0m
[4.096s] [ 70%] [32mBuilding CXX object CMakeFiles/buff_interfaces__rosidl_typesupport_introspection_cpp.dir/rosidl_typesupport_introspection_cpp/buff_interfaces/msg/detail/rune__type_support.cpp.o[0m
[4.110s] [ 71%] [32mBuilding CXX object CMakeFiles/buff_interfaces__rosidl_typesupport_fastrtps_cpp.dir/rosidl_typesupport_fastrtps_cpp/buff_interfaces/msg/detail/dds_fastrtps/time_info__type_support.cpp.o[0m
[4.153s] [ 72%] [32mBuilding CXX object CMakeFiles/buff_interfaces__rosidl_typesupport_introspection_cpp.dir/rosidl_typesupport_introspection_cpp/buff_interfaces/msg/detail/rune_info__type_support.cpp.o[0m
[4.157s] [ 73%] [32mBuilding CXX object CMakeFiles/buff_interfaces__rosidl_typesupport_introspection_cpp.dir/rosidl_typesupport_introspection_cpp/buff_interfaces/msg/detail/time_info__type_support.cpp.o[0m
[4.176s] [ 74%] [32mBuilding CXX object CMakeFiles/buff_interfaces__rosidl_typesupport_fastrtps_cpp.dir/rosidl_typesupport_fastrtps_cpp/buff_interfaces/msg/detail/dds_fastrtps/velocity__type_support.cpp.o[0m
[4.190s] [ 75%] [32mBuilding CXX object CMakeFiles/buff_interfaces__rosidl_typesupport_introspection_cpp.dir/rosidl_typesupport_introspection_cpp/buff_interfaces/msg/detail/buff_send__type_support.cpp.o[0m
[4.190s] [ 76%] [32mBuilding CXX object CMakeFiles/buff_interfaces__rosidl_typesupport_introspection_cpp.dir/rosidl_typesupport_introspection_cpp/buff_interfaces/msg/detail/velocity__type_support.cpp.o[0m
[4.230s] [ 77%] [32mBuilding CXX object CMakeFiles/buff_interfaces__rosidl_typesupport_fastrtps_cpp.dir/rosidl_typesupport_fastrtps_cpp/buff_interfaces/msg/detail/dds_fastrtps/buff_send__type_support.cpp.o[0m
[4.405s] [ 78%] [32m[1mLinking CXX shared library libbuff_interfaces__rosidl_typesupport_fastrtps_c.so[0m
[4.642s] [ 78%] Built target buff_interfaces__rosidl_typesupport_fastrtps_c
[4.667s] [ 80%] [32m[1mLinking CXX shared library libbuff_interfaces__rosidl_typesupport_cpp.so[0m
[4.815s] [ 80%] Built target buff_interfaces__rosidl_typesupport_cpp
[5.569s] [ 81%] [32m[1mLinking CXX shared library libbuff_interfaces__rosidl_typesupport_fastrtps_cpp.so[0m
[5.802s] [ 82%] [32m[1mLinking CXX shared library libbuff_interfaces__rosidl_typesupport_introspection_cpp.so[0m
[5.820s] [ 82%] Built target buff_interfaces__rosidl_typesupport_fastrtps_cpp
[5.971s] [ 82%] Built target buff_interfaces__rosidl_typesupport_introspection_cpp
[6.030s] [ 82%] Built target buff_interfaces
[6.066s] [ 83%] [34m[1mGenerating Python code for ROS interfaces[0m
[7.238s] [ 83%] Built target buff_interfaces__py
[7.258s] [ 85%] [32mBuilding C object CMakeFiles/buff_interfaces__rosidl_generator_py.dir/rosidl_generator_py/buff_interfaces/msg/_rune_info_s.c.o[0m
[7.258s] [ 85%] [32mBuilding C object CMakeFiles/buff_interfaces__rosidl_generator_py.dir/rosidl_generator_py/buff_interfaces/msg/_rune_s.c.o[0m
[7.258s] [ 86%] [32mBuilding C object CMakeFiles/buff_interfaces__rosidl_generator_py.dir/rosidl_generator_py/buff_interfaces/msg/_time_info_s.c.o[0m
[7.259s] [ 87%] [32mBuilding C object CMakeFiles/buff_interfaces__rosidl_generator_py.dir/rosidl_generator_py/buff_interfaces/msg/_velocity_s.c.o[0m
[7.259s] [ 88%] [32mBuilding C object CMakeFiles/buff_interfaces__rosidl_generator_py.dir/rosidl_generator_py/buff_interfaces/msg/_buff_send_s.c.o[0m
[7.259s] [ 89%] [32mBuilding C object CMakeFiles/buff_interfaces__rosidl_generator_py.dir/rosidl_generator_py/buff_interfaces/msg/_blade_s.c.o[0m
[7.259s] [ 90%] [32mBuilding C object CMakeFiles/buff_interfaces__rosidl_generator_py.dir/rosidl_generator_py/buff_interfaces/msg/_blade_array_s.c.o[0m
[7.260s] [ 92%] [32mBuilding C object CMakeFiles/buff_interfaces__rosidl_generator_py.dir/rosidl_generator_py/buff_interfaces/msg/_debug_blade_array_s.c.o[0m
[7.260s] [ 92%] [32mBuilding C object CMakeFiles/buff_interfaces__rosidl_generator_py.dir/rosidl_generator_py/buff_interfaces/msg/_debug_blade_s.c.o[0m
[7.389s] [ 93%] [32m[1mLinking C shared library rosidl_generator_py/buff_interfaces/libbuff_interfaces__rosidl_generator_py.so[0m
[7.426s] [ 93%] Built target buff_interfaces__rosidl_generator_py
[7.443s] [ 94%] [32mBuilding C object CMakeFiles/buff_interfaces__rosidl_typesupport_introspection_c__pyext.dir/rosidl_generator_py/buff_interfaces/_buff_interfaces_s.ep.rosidl_typesupport_introspection_c.c.o[0m
[7.445s] [ 95%] [32mBuilding C object CMakeFiles/buff_interfaces__rosidl_typesupport_c__pyext.dir/rosidl_generator_py/buff_interfaces/_buff_interfaces_s.ep.rosidl_typesupport_c.c.o[0m
[7.445s] [ 96%] [32mBuilding C object CMakeFiles/buff_interfaces__rosidl_typesupport_fastrtps_c__pyext.dir/rosidl_generator_py/buff_interfaces/_buff_interfaces_s.ep.rosidl_typesupport_fastrtps_c.c.o[0m
[7.533s] [ 98%] [32m[1mLinking C shared library rosidl_generator_py/buff_interfaces/buff_interfaces_s__rosidl_typesupport_introspection_c.cpython-310-x86_64-linux-gnu.so[0m
[7.533s] [ 98%] [32m[1mLinking C shared library rosidl_generator_py/buff_interfaces/buff_interfaces_s__rosidl_typesupport_fastrtps_c.cpython-310-x86_64-linux-gnu.so[0m
[7.533s] [100%] [32m[1mLinking C shared library rosidl_generator_py/buff_interfaces/buff_interfaces_s__rosidl_typesupport_c.cpython-310-x86_64-linux-gnu.so[0m
[7.567s] [100%] Built target buff_interfaces__rosidl_typesupport_introspection_c__pyext
[7.577s] [100%] Built target buff_interfaces__rosidl_typesupport_c__pyext
[7.579s] [100%] Built target buff_interfaces__rosidl_typesupport_fastrtps_c__pyext
[7.588s] Invoked command in '/home/hdm/ttttt/tracker_plus/build/buff_interfaces' returned '0': CMAKE_PREFIX_PATH=/opt/ros/humble /usr/bin/cmake --build /home/hdm/ttttt/tracker_plus/build/buff_interfaces -- -j24 -l24
[7.590s] Invoking command in '/home/hdm/ttttt/tracker_plus/build/buff_interfaces': CMAKE_PREFIX_PATH=/opt/ros/humble /usr/bin/cmake --install /home/hdm/ttttt/tracker_plus/build/buff_interfaces
[7.596s] -- Install configuration: ""
[7.597s] -- Execute custom install script
[7.597s] -- Symlinking: /home/hdm/ttttt/tracker_plus/install/buff_interfaces/share/ament_index/resource_index/rosidl_interfaces/buff_interfaces
[7.603s] -- Symlinking: /home/hdm/ttttt/tracker_plus/install/buff_interfaces/include/buff_interfaces/buff_interfaces/msg/blade.h
[7.610s] -- Symlinking: /home/hdm/ttttt/tracker_plus/install/buff_interfaces/include/buff_interfaces/buff_interfaces/msg/blade_array.h
[7.617s] -- Symlinking: /home/hdm/ttttt/tracker_plus/install/buff_interfaces/include/buff_interfaces/buff_interfaces/msg/buff_send.h
[7.623s] -- Symlinking: /home/hdm/ttttt/tracker_plus/install/buff_interfaces/include/buff_interfaces/buff_interfaces/msg/debug_blade.h
[7.629s] -- Symlinking: /home/hdm/ttttt/tracker_plus/install/buff_interfaces/include/buff_interfaces/buff_interfaces/msg/debug_blade_array.h
[7.635s] -- Symlinking: /home/hdm/ttttt/tracker_plus/install/buff_interfaces/include/buff_interfaces/buff_interfaces/msg/detail/blade__functions.h
[7.641s] -- Symlinking: /home/hdm/ttttt/tracker_plus/install/buff_interfaces/include/buff_interfaces/buff_interfaces/msg/detail/blade__struct.h
[7.647s] -- Symlinking: /home/hdm/ttttt/tracker_plus/install/buff_interfaces/include/buff_interfaces/buff_interfaces/msg/detail/blade__type_support.h
[7.653s] -- Symlinking: /home/hdm/ttttt/tracker_plus/install/buff_interfaces/include/buff_interfaces/buff_interfaces/msg/detail/blade_array__functions.h
[7.659s] -- Symlinking: /home/hdm/ttttt/tracker_plus/install/buff_interfaces/include/buff_interfaces/buff_interfaces/msg/detail/blade_array__struct.h
[7.665s] -- Symlinking: /home/hdm/ttttt/tracker_plus/install/buff_interfaces/include/buff_interfaces/buff_interfaces/msg/detail/blade_array__type_support.h
[7.670s] -- Symlinking: /home/hdm/ttttt/tracker_plus/install/buff_interfaces/include/buff_interfaces/buff_interfaces/msg/detail/buff_send__functions.h
[7.677s] -- Symlinking: /home/hdm/ttttt/tracker_plus/install/buff_interfaces/include/buff_interfaces/buff_interfaces/msg/detail/buff_send__struct.h
[7.683s] -- Symlinking: /home/hdm/ttttt/tracker_plus/install/buff_interfaces/include/buff_interfaces/buff_interfaces/msg/detail/buff_send__type_support.h
[7.688s] -- Symlinking: /home/hdm/ttttt/tracker_plus/install/buff_interfaces/include/buff_interfaces/buff_interfaces/msg/detail/debug_blade__functions.h
[7.695s] -- Symlinking: /home/hdm/ttttt/tracker_plus/install/buff_interfaces/include/buff_interfaces/buff_interfaces/msg/detail/debug_blade__struct.h
[7.701s] -- Symlinking: /home/hdm/ttttt/tracker_plus/install/buff_interfaces/include/buff_interfaces/buff_interfaces/msg/detail/debug_blade__type_support.h
[7.707s] -- Symlinking: /home/hdm/ttttt/tracker_plus/install/buff_interfaces/include/buff_interfaces/buff_interfaces/msg/detail/debug_blade_array__functions.h
[7.714s] -- Symlinking: /home/hdm/ttttt/tracker_plus/install/buff_interfaces/include/buff_interfaces/buff_interfaces/msg/detail/debug_blade_array__struct.h
[7.720s] -- Symlinking: /home/hdm/ttttt/tracker_plus/install/buff_interfaces/include/buff_interfaces/buff_interfaces/msg/detail/debug_blade_array__type_support.h
[7.726s] -- Symlinking: /home/hdm/ttttt/tracker_plus/install/buff_interfaces/include/buff_interfaces/buff_interfaces/msg/detail/rune__functions.h
[7.732s] -- Symlinking: /home/hdm/ttttt/tracker_plus/install/buff_interfaces/include/buff_interfaces/buff_interfaces/msg/detail/rune__struct.h
[7.739s] -- Symlinking: /home/hdm/ttttt/tracker_plus/install/buff_interfaces/include/buff_interfaces/buff_interfaces/msg/detail/rune__type_support.h
[7.745s] -- Symlinking: /home/hdm/ttttt/tracker_plus/install/buff_interfaces/include/buff_interfaces/buff_interfaces/msg/detail/rune_info__functions.h
[7.750s] -- Symlinking: /home/hdm/ttttt/tracker_plus/install/buff_interfaces/include/buff_interfaces/buff_interfaces/msg/detail/rune_info__struct.h
[7.756s] -- Symlinking: /home/hdm/ttttt/tracker_plus/install/buff_interfaces/include/buff_interfaces/buff_interfaces/msg/detail/rune_info__type_support.h
[7.763s] -- Symlinking: /home/hdm/ttttt/tracker_plus/install/buff_interfaces/include/buff_interfaces/buff_interfaces/msg/detail/time_info__functions.h
[7.769s] -- Symlinking: /home/hdm/ttttt/tracker_plus/install/buff_interfaces/include/buff_interfaces/buff_interfaces/msg/detail/time_info__struct.h
[7.775s] -- Symlinking: /home/hdm/ttttt/tracker_plus/install/buff_interfaces/include/buff_interfaces/buff_interfaces/msg/detail/time_info__type_support.h
[7.781s] -- Symlinking: /home/hdm/ttttt/tracker_plus/install/buff_interfaces/include/buff_interfaces/buff_interfaces/msg/detail/velocity__functions.h
[7.787s] -- Symlinking: /home/hdm/ttttt/tracker_plus/install/buff_interfaces/include/buff_interfaces/buff_interfaces/msg/detail/velocity__struct.h
[7.794s] -- Symlinking: /home/hdm/ttttt/tracker_plus/install/buff_interfaces/include/buff_interfaces/buff_interfaces/msg/detail/velocity__type_support.h
[7.801s] -- Symlinking: /home/hdm/ttttt/tracker_plus/install/buff_interfaces/include/buff_interfaces/buff_interfaces/msg/rosidl_generator_c__visibility_control.h
[7.808s] -- Symlinking: /home/hdm/ttttt/tracker_plus/install/buff_interfaces/include/buff_interfaces/buff_interfaces/msg/rune.h
[7.814s] -- Symlinking: /home/hdm/ttttt/tracker_plus/install/buff_interfaces/include/buff_interfaces/buff_interfaces/msg/rune_info.h
[7.823s] -- Symlinking: /home/hdm/ttttt/tracker_plus/install/buff_interfaces/include/buff_interfaces/buff_interfaces/msg/time_info.h
[7.831s] -- Symlinking: /home/hdm/ttttt/tracker_plus/install/buff_interfaces/include/buff_interfaces/buff_interfaces/msg/velocity.h
[7.838s] -- Symlinking: /home/hdm/ttttt/tracker_plus/install/buff_interfaces/share/buff_interfaces/environment/library_path.sh
[7.846s] -- Symlinking: /home/hdm/ttttt/tracker_plus/install/buff_interfaces/share/buff_interfaces/environment/library_path.dsv
[7.853s] -- Symlinking: /home/hdm/ttttt/tracker_plus/install/buff_interfaces/include/buff_interfaces/buff_interfaces/msg/detail/blade__rosidl_typesupport_fastrtps_c.h
[7.859s] -- Symlinking: /home/hdm/ttttt/tracker_plus/install/buff_interfaces/include/buff_interfaces/buff_interfaces/msg/detail/blade_array__rosidl_typesupport_fastrtps_c.h
[7.867s] -- Symlinking: /home/hdm/ttttt/tracker_plus/install/buff_interfaces/include/buff_interfaces/buff_interfaces/msg/detail/buff_send__rosidl_typesupport_fastrtps_c.h
[7.874s] -- Symlinking: /home/hdm/ttttt/tracker_plus/install/buff_interfaces/include/buff_interfaces/buff_interfaces/msg/detail/debug_blade__rosidl_typesupport_fastrtps_c.h
[7.882s] -- Symlinking: /home/hdm/ttttt/tracker_plus/install/buff_interfaces/include/buff_interfaces/buff_interfaces/msg/detail/debug_blade_array__rosidl_typesupport_fastrtps_c.h
[7.888s] -- Symlinking: /home/hdm/ttttt/tracker_plus/install/buff_interfaces/include/buff_interfaces/buff_interfaces/msg/detail/rune__rosidl_typesupport_fastrtps_c.h
[7.894s] -- Symlinking: /home/hdm/ttttt/tracker_plus/install/buff_interfaces/include/buff_interfaces/buff_interfaces/msg/detail/rune_info__rosidl_typesupport_fastrtps_c.h
[7.902s] -- Symlinking: /home/hdm/ttttt/tracker_plus/install/buff_interfaces/include/buff_interfaces/buff_interfaces/msg/detail/time_info__rosidl_typesupport_fastrtps_c.h
[7.911s] -- Symlinking: /home/hdm/ttttt/tracker_plus/install/buff_interfaces/include/buff_interfaces/buff_interfaces/msg/detail/velocity__rosidl_typesupport_fastrtps_c.h
[7.917s] -- Symlinking: /home/hdm/ttttt/tracker_plus/install/buff_interfaces/include/buff_interfaces/buff_interfaces/msg/rosidl_typesupport_fastrtps_c__visibility_control.h
[7.924s] -- Symlinking: /home/hdm/ttttt/tracker_plus/install/buff_interfaces/include/buff_interfaces/buff_interfaces/msg/detail/blade__rosidl_typesupport_introspection_c.h
[7.931s] -- Symlinking: /home/hdm/ttttt/tracker_plus/install/buff_interfaces/include/buff_interfaces/buff_interfaces/msg/detail/blade_array__rosidl_typesupport_introspection_c.h
[7.938s] -- Symlinking: /home/hdm/ttttt/tracker_plus/install/buff_interfaces/include/buff_interfaces/buff_interfaces/msg/detail/buff_send__rosidl_typesupport_introspection_c.h
[7.945s] -- Symlinking: /home/hdm/ttttt/tracker_plus/install/buff_interfaces/include/buff_interfaces/buff_interfaces/msg/detail/debug_blade__rosidl_typesupport_introspection_c.h
[7.952s] -- Symlinking: /home/hdm/ttttt/tracker_plus/install/buff_interfaces/include/buff_interfaces/buff_interfaces/msg/detail/debug_blade_array__rosidl_typesupport_introspection_c.h
[7.958s] -- Symlinking: /home/hdm/ttttt/tracker_plus/install/buff_interfaces/include/buff_interfaces/buff_interfaces/msg/detail/rune__rosidl_typesupport_introspection_c.h
[7.965s] -- Symlinking: /home/hdm/ttttt/tracker_plus/install/buff_interfaces/include/buff_interfaces/buff_interfaces/msg/detail/rune_info__rosidl_typesupport_introspection_c.h
[7.972s] -- Symlinking: /home/hdm/ttttt/tracker_plus/install/buff_interfaces/include/buff_interfaces/buff_interfaces/msg/detail/time_info__rosidl_typesupport_introspection_c.h
[7.979s] -- Symlinking: /home/hdm/ttttt/tracker_plus/install/buff_interfaces/include/buff_interfaces/buff_interfaces/msg/detail/velocity__rosidl_typesupport_introspection_c.h
[7.984s] -- Symlinking: /home/hdm/ttttt/tracker_plus/install/buff_interfaces/include/buff_interfaces/buff_interfaces/msg/rosidl_typesupport_introspection_c__visibility_control.h
[7.991s] -- Symlinking: /home/hdm/ttttt/tracker_plus/install/buff_interfaces/include/buff_interfaces/buff_interfaces/msg/blade.hpp
[7.998s] -- Symlinking: /home/hdm/ttttt/tracker_plus/install/buff_interfaces/include/buff_interfaces/buff_interfaces/msg/blade_array.hpp
[8.003s] -- Symlinking: /home/hdm/ttttt/tracker_plus/install/buff_interfaces/include/buff_interfaces/buff_interfaces/msg/buff_send.hpp
[8.011s] -- Symlinking: /home/hdm/ttttt/tracker_plus/install/buff_interfaces/include/buff_interfaces/buff_interfaces/msg/debug_blade.hpp
[8.016s] -- Symlinking: /home/hdm/ttttt/tracker_plus/install/buff_interfaces/include/buff_interfaces/buff_interfaces/msg/debug_blade_array.hpp
[8.023s] -- Symlinking: /home/hdm/ttttt/tracker_plus/install/buff_interfaces/include/buff_interfaces/buff_interfaces/msg/detail/blade__builder.hpp
[8.030s] -- Symlinking: /home/hdm/ttttt/tracker_plus/install/buff_interfaces/include/buff_interfaces/buff_interfaces/msg/detail/blade__struct.hpp
[8.038s] -- Symlinking: /home/hdm/ttttt/tracker_plus/install/buff_interfaces/include/buff_interfaces/buff_interfaces/msg/detail/blade__traits.hpp
[8.044s] -- Symlinking: /home/hdm/ttttt/tracker_plus/install/buff_interfaces/include/buff_interfaces/buff_interfaces/msg/detail/blade__type_support.hpp
[8.051s] -- Symlinking: /home/hdm/ttttt/tracker_plus/install/buff_interfaces/include/buff_interfaces/buff_interfaces/msg/detail/blade_array__builder.hpp
[8.056s] -- Symlinking: /home/hdm/ttttt/tracker_plus/install/buff_interfaces/include/buff_interfaces/buff_interfaces/msg/detail/blade_array__struct.hpp
[8.062s] -- Symlinking: /home/hdm/ttttt/tracker_plus/install/buff_interfaces/include/buff_interfaces/buff_interfaces/msg/detail/blade_array__traits.hpp
[8.068s] -- Symlinking: /home/hdm/ttttt/tracker_plus/install/buff_interfaces/include/buff_interfaces/buff_interfaces/msg/detail/blade_array__type_support.hpp
[8.075s] -- Symlinking: /home/hdm/ttttt/tracker_plus/install/buff_interfaces/include/buff_interfaces/buff_interfaces/msg/detail/buff_send__builder.hpp
[8.082s] -- Symlinking: /home/hdm/ttttt/tracker_plus/install/buff_interfaces/include/buff_interfaces/buff_interfaces/msg/detail/buff_send__struct.hpp
[8.088s] -- Symlinking: /home/hdm/ttttt/tracker_plus/install/buff_interfaces/include/buff_interfaces/buff_interfaces/msg/detail/buff_send__traits.hpp
[8.094s] -- Symlinking: /home/hdm/ttttt/tracker_plus/install/buff_interfaces/include/buff_interfaces/buff_interfaces/msg/detail/buff_send__type_support.hpp
[8.100s] -- Symlinking: /home/hdm/ttttt/tracker_plus/install/buff_interfaces/include/buff_interfaces/buff_interfaces/msg/detail/debug_blade__builder.hpp
[8.106s] -- Symlinking: /home/hdm/ttttt/tracker_plus/install/buff_interfaces/include/buff_interfaces/buff_interfaces/msg/detail/debug_blade__struct.hpp
[8.113s] -- Symlinking: /home/hdm/ttttt/tracker_plus/install/buff_interfaces/include/buff_interfaces/buff_interfaces/msg/detail/debug_blade__traits.hpp
[8.125s] -- Symlinking: /home/hdm/ttttt/tracker_plus/install/buff_interfaces/include/buff_interfaces/buff_interfaces/msg/detail/debug_blade__type_support.hpp
[8.132s] -- Symlinking: /home/hdm/ttttt/tracker_plus/install/buff_interfaces/include/buff_interfaces/buff_interfaces/msg/detail/debug_blade_array__builder.hpp
[8.140s] -- Symlinking: /home/hdm/ttttt/tracker_plus/install/buff_interfaces/include/buff_interfaces/buff_interfaces/msg/detail/debug_blade_array__struct.hpp
[8.147s] -- Symlinking: /home/hdm/ttttt/tracker_plus/install/buff_interfaces/include/buff_interfaces/buff_interfaces/msg/detail/debug_blade_array__traits.hpp
[8.154s] -- Symlinking: /home/hdm/ttttt/tracker_plus/install/buff_interfaces/include/buff_interfaces/buff_interfaces/msg/detail/debug_blade_array__type_support.hpp
[8.163s] -- Symlinking: /home/hdm/ttttt/tracker_plus/install/buff_interfaces/include/buff_interfaces/buff_interfaces/msg/detail/rune__builder.hpp
[8.173s] -- Symlinking: /home/hdm/ttttt/tracker_plus/install/buff_interfaces/include/buff_interfaces/buff_interfaces/msg/detail/rune__struct.hpp
[8.186s] -- Symlinking: /home/hdm/ttttt/tracker_plus/install/buff_interfaces/include/buff_interfaces/buff_interfaces/msg/detail/rune__traits.hpp
[8.194s] -- Symlinking: /home/hdm/ttttt/tracker_plus/install/buff_interfaces/include/buff_interfaces/buff_interfaces/msg/detail/rune__type_support.hpp
[8.202s] -- Symlinking: /home/hdm/ttttt/tracker_plus/install/buff_interfaces/include/buff_interfaces/buff_interfaces/msg/detail/rune_info__builder.hpp
[8.211s] -- Symlinking: /home/hdm/ttttt/tracker_plus/install/buff_interfaces/include/buff_interfaces/buff_interfaces/msg/detail/rune_info__struct.hpp
[8.222s] -- Symlinking: /home/hdm/ttttt/tracker_plus/install/buff_interfaces/include/buff_interfaces/buff_interfaces/msg/detail/rune_info__traits.hpp
[8.230s] -- Symlinking: /home/hdm/ttttt/tracker_plus/install/buff_interfaces/include/buff_interfaces/buff_interfaces/msg/detail/rune_info__type_support.hpp
[8.239s] -- Symlinking: /home/hdm/ttttt/tracker_plus/install/buff_interfaces/include/buff_interfaces/buff_interfaces/msg/detail/time_info__builder.hpp
[8.248s] -- Symlinking: /home/hdm/ttttt/tracker_plus/install/buff_interfaces/include/buff_interfaces/buff_interfaces/msg/detail/time_info__struct.hpp
[8.258s] -- Symlinking: /home/hdm/ttttt/tracker_plus/install/buff_interfaces/include/buff_interfaces/buff_interfaces/msg/detail/time_info__traits.hpp
[8.265s] -- Symlinking: /home/hdm/ttttt/tracker_plus/install/buff_interfaces/include/buff_interfaces/buff_interfaces/msg/detail/time_info__type_support.hpp
[8.275s] -- Symlinking: /home/hdm/ttttt/tracker_plus/install/buff_interfaces/include/buff_interfaces/buff_interfaces/msg/detail/velocity__builder.hpp
[8.283s] -- Symlinking: /home/hdm/ttttt/tracker_plus/install/buff_interfaces/include/buff_interfaces/buff_interfaces/msg/detail/velocity__struct.hpp
[8.291s] -- Symlinking: /home/hdm/ttttt/tracker_plus/install/buff_interfaces/include/buff_interfaces/buff_interfaces/msg/detail/velocity__traits.hpp
[8.300s] -- Symlinking: /home/hdm/ttttt/tracker_plus/install/buff_interfaces/include/buff_interfaces/buff_interfaces/msg/detail/velocity__type_support.hpp
[8.307s] -- Symlinking: /home/hdm/ttttt/tracker_plus/install/buff_interfaces/include/buff_interfaces/buff_interfaces/msg/rosidl_generator_cpp__visibility_control.hpp
[8.315s] -- Symlinking: /home/hdm/ttttt/tracker_plus/install/buff_interfaces/include/buff_interfaces/buff_interfaces/msg/rune.hpp
[8.322s] -- Symlinking: /home/hdm/ttttt/tracker_plus/install/buff_interfaces/include/buff_interfaces/buff_interfaces/msg/rune_info.hpp
[8.330s] -- Symlinking: /home/hdm/ttttt/tracker_plus/install/buff_interfaces/include/buff_interfaces/buff_interfaces/msg/time_info.hpp
[8.339s] -- Symlinking: /home/hdm/ttttt/tracker_plus/install/buff_interfaces/include/buff_interfaces/buff_interfaces/msg/velocity.hpp
[8.345s] -- Symlinking: /home/hdm/ttttt/tracker_plus/install/buff_interfaces/include/buff_interfaces/buff_interfaces/msg/detail/blade__rosidl_typesupport_fastrtps_cpp.hpp
[8.351s] -- Symlinking: /home/hdm/ttttt/tracker_plus/install/buff_interfaces/include/buff_interfaces/buff_interfaces/msg/detail/blade_array__rosidl_typesupport_fastrtps_cpp.hpp
[8.357s] -- Symlinking: /home/hdm/ttttt/tracker_plus/install/buff_interfaces/include/buff_interfaces/buff_interfaces/msg/detail/buff_send__rosidl_typesupport_fastrtps_cpp.hpp
[8.365s] -- Symlinking: /home/hdm/ttttt/tracker_plus/install/buff_interfaces/include/buff_interfaces/buff_interfaces/msg/detail/debug_blade__rosidl_typesupport_fastrtps_cpp.hpp
[8.372s] -- Symlinking: /home/hdm/ttttt/tracker_plus/install/buff_interfaces/include/buff_interfaces/buff_interfaces/msg/detail/debug_blade_array__rosidl_typesupport_fastrtps_cpp.hpp
[8.381s] -- Symlinking: /home/hdm/ttttt/tracker_plus/install/buff_interfaces/include/buff_interfaces/buff_interfaces/msg/detail/rune__rosidl_typesupport_fastrtps_cpp.hpp
[8.387s] -- Symlinking: /home/hdm/ttttt/tracker_plus/install/buff_interfaces/include/buff_interfaces/buff_interfaces/msg/detail/rune_info__rosidl_typesupport_fastrtps_cpp.hpp
[8.395s] -- Symlinking: /home/hdm/ttttt/tracker_plus/install/buff_interfaces/include/buff_interfaces/buff_interfaces/msg/detail/time_info__rosidl_typesupport_fastrtps_cpp.hpp
[8.401s] -- Symlinking: /home/hdm/ttttt/tracker_plus/install/buff_interfaces/include/buff_interfaces/buff_interfaces/msg/detail/velocity__rosidl_typesupport_fastrtps_cpp.hpp
[8.408s] -- Symlinking: /home/hdm/ttttt/tracker_plus/install/buff_interfaces/include/buff_interfaces/buff_interfaces/msg/rosidl_typesupport_fastrtps_cpp__visibility_control.h
[8.417s] -- Symlinking: /home/hdm/ttttt/tracker_plus/install/buff_interfaces/include/buff_interfaces/buff_interfaces/msg/detail/blade__rosidl_typesupport_introspection_cpp.hpp
[8.423s] -- Symlinking: /home/hdm/ttttt/tracker_plus/install/buff_interfaces/include/buff_interfaces/buff_interfaces/msg/detail/blade_array__rosidl_typesupport_introspection_cpp.hpp
[8.429s] -- Symlinking: /home/hdm/ttttt/tracker_plus/install/buff_interfaces/include/buff_interfaces/buff_interfaces/msg/detail/buff_send__rosidl_typesupport_introspection_cpp.hpp
[8.436s] -- Symlinking: /home/hdm/ttttt/tracker_plus/install/buff_interfaces/include/buff_interfaces/buff_interfaces/msg/detail/debug_blade__rosidl_typesupport_introspection_cpp.hpp
[8.445s] -- Symlinking: /home/hdm/ttttt/tracker_plus/install/buff_interfaces/include/buff_interfaces/buff_interfaces/msg/detail/debug_blade_array__rosidl_typesupport_introspection_cpp.hpp
[8.453s] -- Symlinking: /home/hdm/ttttt/tracker_plus/install/buff_interfaces/include/buff_interfaces/buff_interfaces/msg/detail/rune__rosidl_typesupport_introspection_cpp.hpp
[8.459s] -- Symlinking: /home/hdm/ttttt/tracker_plus/install/buff_interfaces/include/buff_interfaces/buff_interfaces/msg/detail/rune_info__rosidl_typesupport_introspection_cpp.hpp
[8.468s] -- Symlinking: /home/hdm/ttttt/tracker_plus/install/buff_interfaces/include/buff_interfaces/buff_interfaces/msg/detail/time_info__rosidl_typesupport_introspection_cpp.hpp
[8.476s] -- Symlinking: /home/hdm/ttttt/tracker_plus/install/buff_interfaces/include/buff_interfaces/buff_interfaces/msg/detail/velocity__rosidl_typesupport_introspection_cpp.hpp
[8.485s] -- Symlinking: /home/hdm/ttttt/tracker_plus/install/buff_interfaces/share/buff_interfaces/environment/pythonpath.sh
[8.492s] -- Symlinking: /home/hdm/ttttt/tracker_plus/install/buff_interfaces/share/buff_interfaces/environment/pythonpath.dsv
[8.497s] -- Symlinking: /home/hdm/ttttt/tracker_plus/install/buff_interfaces/local/lib/python3.10/dist-packages/buff_interfaces-1.0.0-py3.10.egg-info/PKG-INFO
[8.504s] -- Symlinking: /home/hdm/ttttt/tracker_plus/install/buff_interfaces/local/lib/python3.10/dist-packages/buff_interfaces-1.0.0-py3.10.egg-info/SOURCES.txt
[8.511s] -- Symlinking: /home/hdm/ttttt/tracker_plus/install/buff_interfaces/local/lib/python3.10/dist-packages/buff_interfaces-1.0.0-py3.10.egg-info/dependency_links.txt
[8.517s] -- Symlinking: /home/hdm/ttttt/tracker_plus/install/buff_interfaces/local/lib/python3.10/dist-packages/buff_interfaces-1.0.0-py3.10.egg-info/top_level.txt
[8.524s] -- Symlinking: /home/hdm/ttttt/tracker_plus/install/buff_interfaces/local/lib/python3.10/dist-packages/buff_interfaces/__init__.py
[8.530s] -- Symlinking: /home/hdm/ttttt/tracker_plus/install/buff_interfaces/local/lib/python3.10/dist-packages/buff_interfaces/_buff_interfaces_s.ep.rosidl_typesupport_c.c
[8.537s] -- Symlinking: /home/hdm/ttttt/tracker_plus/install/buff_interfaces/local/lib/python3.10/dist-packages/buff_interfaces/_buff_interfaces_s.ep.rosidl_typesupport_fastrtps_c.c
[8.544s] -- Symlinking: /home/hdm/ttttt/tracker_plus/install/buff_interfaces/local/lib/python3.10/dist-packages/buff_interfaces/_buff_interfaces_s.ep.rosidl_typesupport_introspection_c.c
[8.551s] -- Symlinking: /home/hdm/ttttt/tracker_plus/install/buff_interfaces/local/lib/python3.10/dist-packages/buff_interfaces/buff_interfaces_s__rosidl_typesupport_c.cpython-310-x86_64-linux-gnu.so
[8.558s] -- Symlinking: /home/hdm/ttttt/tracker_plus/install/buff_interfaces/local/lib/python3.10/dist-packages/buff_interfaces/buff_interfaces_s__rosidl_typesupport_fastrtps_c.cpython-310-x86_64-linux-gnu.so
[8.565s] -- Symlinking: /home/hdm/ttttt/tracker_plus/install/buff_interfaces/local/lib/python3.10/dist-packages/buff_interfaces/buff_interfaces_s__rosidl_typesupport_introspection_c.cpython-310-x86_64-linux-gnu.so
[8.572s] -- Symlinking: /home/hdm/ttttt/tracker_plus/install/buff_interfaces/local/lib/python3.10/dist-packages/buff_interfaces/libbuff_interfaces__rosidl_generator_py.so
[8.579s] -- Symlinking: /home/hdm/ttttt/tracker_plus/install/buff_interfaces/local/lib/python3.10/dist-packages/buff_interfaces/msg/__init__.py
[8.587s] -- Symlinking: /home/hdm/ttttt/tracker_plus/install/buff_interfaces/local/lib/python3.10/dist-packages/buff_interfaces/msg/_blade.py
[8.594s] -- Symlinking: /home/hdm/ttttt/tracker_plus/install/buff_interfaces/local/lib/python3.10/dist-packages/buff_interfaces/msg/_blade_array.py
[8.603s] -- Symlinking: /home/hdm/ttttt/tracker_plus/install/buff_interfaces/local/lib/python3.10/dist-packages/buff_interfaces/msg/_blade_array_s.c
[8.609s] -- Symlinking: /home/hdm/ttttt/tracker_plus/install/buff_interfaces/local/lib/python3.10/dist-packages/buff_interfaces/msg/_blade_s.c
[8.616s] -- Symlinking: /home/hdm/ttttt/tracker_plus/install/buff_interfaces/local/lib/python3.10/dist-packages/buff_interfaces/msg/_buff_send.py
[8.623s] -- Symlinking: /home/hdm/ttttt/tracker_plus/install/buff_interfaces/local/lib/python3.10/dist-packages/buff_interfaces/msg/_buff_send_s.c
[8.629s] -- Symlinking: /home/hdm/ttttt/tracker_plus/install/buff_interfaces/local/lib/python3.10/dist-packages/buff_interfaces/msg/_debug_blade.py
[8.635s] -- Symlinking: /home/hdm/ttttt/tracker_plus/install/buff_interfaces/local/lib/python3.10/dist-packages/buff_interfaces/msg/_debug_blade_array.py
[8.640s] -- Symlinking: /home/hdm/ttttt/tracker_plus/install/buff_interfaces/local/lib/python3.10/dist-packages/buff_interfaces/msg/_debug_blade_array_s.c
[8.647s] -- Symlinking: /home/hdm/ttttt/tracker_plus/install/buff_interfaces/local/lib/python3.10/dist-packages/buff_interfaces/msg/_debug_blade_s.c
[8.653s] -- Symlinking: /home/hdm/ttttt/tracker_plus/install/buff_interfaces/local/lib/python3.10/dist-packages/buff_interfaces/msg/_rune.py
[8.661s] -- Symlinking: /home/hdm/ttttt/tracker_plus/install/buff_interfaces/local/lib/python3.10/dist-packages/buff_interfaces/msg/_rune_info.py
[8.666s] -- Symlinking: /home/hdm/ttttt/tracker_plus/install/buff_interfaces/local/lib/python3.10/dist-packages/buff_interfaces/msg/_rune_info_s.c
[8.671s] -- Symlinking: /home/hdm/ttttt/tracker_plus/install/buff_interfaces/local/lib/python3.10/dist-packages/buff_interfaces/msg/_rune_s.c
[8.678s] -- Symlinking: /home/hdm/ttttt/tracker_plus/install/buff_interfaces/local/lib/python3.10/dist-packages/buff_interfaces/msg/_time_info.py
[8.686s] -- Symlinking: /home/hdm/ttttt/tracker_plus/install/buff_interfaces/local/lib/python3.10/dist-packages/buff_interfaces/msg/_time_info_s.c
[8.692s] -- Symlinking: /home/hdm/ttttt/tracker_plus/install/buff_interfaces/local/lib/python3.10/dist-packages/buff_interfaces/msg/_velocity.py
[8.698s] -- Symlinking: /home/hdm/ttttt/tracker_plus/install/buff_interfaces/local/lib/python3.10/dist-packages/buff_interfaces/msg/_velocity_s.c
[8.704s] -- Up-to-date symlink: /home/hdm/ttttt/tracker_plus/install/buff_interfaces/local/lib/python3.10/dist-packages/buff_interfaces/buff_interfaces_s__rosidl_typesupport_fastrtps_c.cpython-310-x86_64-linux-gnu.so
[8.704s] -- Up-to-date symlink: /home/hdm/ttttt/tracker_plus/install/buff_interfaces/local/lib/python3.10/dist-packages/buff_interfaces/buff_interfaces_s__rosidl_typesupport_introspection_c.cpython-310-x86_64-linux-gnu.so
[8.704s] -- Up-to-date symlink: /home/hdm/ttttt/tracker_plus/install/buff_interfaces/local/lib/python3.10/dist-packages/buff_interfaces/buff_interfaces_s__rosidl_typesupport_c.cpython-310-x86_64-linux-gnu.so
[8.704s] -- Symlinking: /home/hdm/ttttt/tracker_plus/install/buff_interfaces/share/buff_interfaces/msg/Blade.idl
[8.711s] -- Symlinking: /home/hdm/ttttt/tracker_plus/install/buff_interfaces/share/buff_interfaces/msg/BladeArray.idl
[8.717s] -- Symlinking: /home/hdm/ttttt/tracker_plus/install/buff_interfaces/share/buff_interfaces/msg/DebugBlade.idl
[8.724s] -- Symlinking: /home/hdm/ttttt/tracker_plus/install/buff_interfaces/share/buff_interfaces/msg/DebugBladeArray.idl
[8.731s] -- Symlinking: /home/hdm/ttttt/tracker_plus/install/buff_interfaces/share/buff_interfaces/msg/Rune.idl
[8.737s] -- Symlinking: /home/hdm/ttttt/tracker_plus/install/buff_interfaces/share/buff_interfaces/msg/RuneInfo.idl
[8.743s] -- Symlinking: /home/hdm/ttttt/tracker_plus/install/buff_interfaces/share/buff_interfaces/msg/TimeInfo.idl
[8.749s] -- Symlinking: /home/hdm/ttttt/tracker_plus/install/buff_interfaces/share/buff_interfaces/msg/Velocity.idl
[8.755s] -- Symlinking: /home/hdm/ttttt/tracker_plus/install/buff_interfaces/share/buff_interfaces/msg/BuffSend.idl
[8.761s] -- Symlinking: /home/hdm/ttttt/tracker_plus/install/buff_interfaces/share/buff_interfaces/msg/Blade.msg
[8.767s] -- Symlinking: /home/hdm/ttttt/tracker_plus/install/buff_interfaces/share/buff_interfaces/msg/BladeArray.msg
[8.774s] -- Symlinking: /home/hdm/ttttt/tracker_plus/install/buff_interfaces/share/buff_interfaces/msg/DebugBlade.msg
[8.780s] -- Symlinking: /home/hdm/ttttt/tracker_plus/install/buff_interfaces/share/buff_interfaces/msg/DebugBladeArray.msg
[8.792s] -- Symlinking: /home/hdm/ttttt/tracker_plus/install/buff_interfaces/share/buff_interfaces/msg/Rune.msg
[8.798s] -- Symlinking: /home/hdm/ttttt/tracker_plus/install/buff_interfaces/share/buff_interfaces/msg/RuneInfo.msg
[8.804s] -- Symlinking: /home/hdm/ttttt/tracker_plus/install/buff_interfaces/share/buff_interfaces/msg/TimeInfo.msg
[8.809s] -- Symlinking: /home/hdm/ttttt/tracker_plus/install/buff_interfaces/share/buff_interfaces/msg/Velocity.msg
[8.816s] -- Symlinking: /home/hdm/ttttt/tracker_plus/install/buff_interfaces/share/buff_interfaces/msg/BuffSend.msg
[8.822s] -- Symlinking: /home/hdm/ttttt/tracker_plus/install/buff_interfaces/share/ament_index/resource_index/package_run_dependencies/buff_interfaces
[8.828s] -- Symlinking: /home/hdm/ttttt/tracker_plus/install/buff_interfaces/share/ament_index/resource_index/parent_prefix_path/buff_interfaces
[8.834s] -- Symlinking: /home/hdm/ttttt/tracker_plus/install/buff_interfaces/share/buff_interfaces/environment/ament_prefix_path.sh
[8.840s] -- Symlinking: /home/hdm/ttttt/tracker_plus/install/buff_interfaces/share/buff_interfaces/environment/ament_prefix_path.dsv
[8.846s] -- Symlinking: /home/hdm/ttttt/tracker_plus/install/buff_interfaces/share/buff_interfaces/environment/path.sh
[8.852s] -- Symlinking: /home/hdm/ttttt/tracker_plus/install/buff_interfaces/share/buff_interfaces/environment/path.dsv
[8.859s] -- Symlinking: /home/hdm/ttttt/tracker_plus/install/buff_interfaces/share/buff_interfaces/local_setup.bash
[8.865s] -- Symlinking: /home/hdm/ttttt/tracker_plus/install/buff_interfaces/share/buff_interfaces/local_setup.sh
[8.871s] -- Symlinking: /home/hdm/ttttt/tracker_plus/install/buff_interfaces/share/buff_interfaces/local_setup.zsh
[8.876s] -- Symlinking: /home/hdm/ttttt/tracker_plus/install/buff_interfaces/share/buff_interfaces/local_setup.dsv
[8.883s] -- Symlinking: /home/hdm/ttttt/tracker_plus/install/buff_interfaces/share/buff_interfaces/package.dsv
[8.888s] -- Symlinking: /home/hdm/ttttt/tracker_plus/install/buff_interfaces/share/ament_index/resource_index/packages/buff_interfaces
[8.894s] -- Symlinking: /home/hdm/ttttt/tracker_plus/install/buff_interfaces/share/buff_interfaces/cmake/rosidl_cmake-extras.cmake
[8.900s] -- Symlinking: /home/hdm/ttttt/tracker_plus/install/buff_interfaces/share/buff_interfaces/cmake/ament_cmake_export_dependencies-extras.cmake
[8.906s] -- Symlinking: /home/hdm/ttttt/tracker_plus/install/buff_interfaces/share/buff_interfaces/cmake/ament_cmake_export_include_directories-extras.cmake
[8.914s] -- Symlinking: /home/hdm/ttttt/tracker_plus/install/buff_interfaces/share/buff_interfaces/cmake/ament_cmake_export_libraries-extras.cmake
[8.920s] -- Symlinking: /home/hdm/ttttt/tracker_plus/install/buff_interfaces/share/buff_interfaces/cmake/ament_cmake_export_targets-extras.cmake
[8.926s] -- Symlinking: /home/hdm/ttttt/tracker_plus/install/buff_interfaces/share/buff_interfaces/cmake/rosidl_cmake_export_typesupport_targets-extras.cmake
[8.933s] -- Symlinking: /home/hdm/ttttt/tracker_plus/install/buff_interfaces/share/buff_interfaces/cmake/rosidl_cmake_export_typesupport_libraries-extras.cmake
[8.939s] -- Symlinking: /home/hdm/ttttt/tracker_plus/install/buff_interfaces/share/buff_interfaces/cmake/buff_interfacesConfig.cmake
[8.945s] -- Symlinking: /home/hdm/ttttt/tracker_plus/install/buff_interfaces/share/buff_interfaces/cmake/buff_interfacesConfig-version.cmake
[8.952s] -- Symlinking: /home/hdm/ttttt/tracker_plus/install/buff_interfaces/share/buff_interfaces/package.xml
[8.957s] -- Installing: /home/hdm/ttttt/tracker_plus/install/buff_interfaces/lib/libbuff_interfaces__rosidl_generator_c.so
[8.957s] -- Set runtime path of "/home/hdm/ttttt/tracker_plus/install/buff_interfaces/lib/libbuff_interfaces__rosidl_generator_c.so" to ""
[8.957s] -- Installing: /home/hdm/ttttt/tracker_plus/install/buff_interfaces/lib/libbuff_interfaces__rosidl_typesupport_fastrtps_c.so
[8.958s] -- Set runtime path of "/home/hdm/ttttt/tracker_plus/install/buff_interfaces/lib/libbuff_interfaces__rosidl_typesupport_fastrtps_c.so" to ""
[8.958s] -- Installing: /home/hdm/ttttt/tracker_plus/install/buff_interfaces/lib/libbuff_interfaces__rosidl_typesupport_introspection_c.so
[8.958s] -- Set runtime path of "/home/hdm/ttttt/tracker_plus/install/buff_interfaces/lib/libbuff_interfaces__rosidl_typesupport_introspection_c.so" to ""
[8.958s] -- Installing: /home/hdm/ttttt/tracker_plus/install/buff_interfaces/lib/libbuff_interfaces__rosidl_typesupport_c.so
[8.958s] -- Set runtime path of "/home/hdm/ttttt/tracker_plus/install/buff_interfaces/lib/libbuff_interfaces__rosidl_typesupport_c.so" to ""
[8.958s] -- Installing: /home/hdm/ttttt/tracker_plus/install/buff_interfaces/lib/libbuff_interfaces__rosidl_typesupport_fastrtps_cpp.so
[8.958s] -- Set runtime path of "/home/hdm/ttttt/tracker_plus/install/buff_interfaces/lib/libbuff_interfaces__rosidl_typesupport_fastrtps_cpp.so" to ""
[8.958s] -- Installing: /home/hdm/ttttt/tracker_plus/install/buff_interfaces/lib/libbuff_interfaces__rosidl_typesupport_introspection_cpp.so
[8.959s] -- Set runtime path of "/home/hdm/ttttt/tracker_plus/install/buff_interfaces/lib/libbuff_interfaces__rosidl_typesupport_introspection_cpp.so" to ""
[8.959s] -- Installing: /home/hdm/ttttt/tracker_plus/install/buff_interfaces/lib/libbuff_interfaces__rosidl_typesupport_cpp.so
[8.959s] -- Set runtime path of "/home/hdm/ttttt/tracker_plus/install/buff_interfaces/lib/libbuff_interfaces__rosidl_typesupport_cpp.so" to ""
[8.996s] Listing '/home/hdm/ttttt/tracker_plus/install/buff_interfaces/local/lib/python3.10/dist-packages/buff_interfaces'...
[8.996s] Compiling '/home/hdm/ttttt/tracker_plus/install/buff_interfaces/local/lib/python3.10/dist-packages/buff_interfaces/__init__.py'...
[8.996s] Listing '/home/hdm/ttttt/tracker_plus/install/buff_interfaces/local/lib/python3.10/dist-packages/buff_interfaces/msg'...
[8.996s] Compiling '/home/hdm/ttttt/tracker_plus/install/buff_interfaces/local/lib/python3.10/dist-packages/buff_interfaces/msg/__init__.py'...
[8.996s] Compiling '/home/hdm/ttttt/tracker_plus/install/buff_interfaces/local/lib/python3.10/dist-packages/buff_interfaces/msg/_blade.py'...
[8.996s] Compiling '/home/hdm/ttttt/tracker_plus/install/buff_interfaces/local/lib/python3.10/dist-packages/buff_interfaces/msg/_blade_array.py'...
[8.996s] Compiling '/home/hdm/ttttt/tracker_plus/install/buff_interfaces/local/lib/python3.10/dist-packages/buff_interfaces/msg/_buff_send.py'...
[8.996s] Compiling '/home/hdm/ttttt/tracker_plus/install/buff_interfaces/local/lib/python3.10/dist-packages/buff_interfaces/msg/_debug_blade.py'...
[8.996s] Compiling '/home/hdm/ttttt/tracker_plus/install/buff_interfaces/local/lib/python3.10/dist-packages/buff_interfaces/msg/_debug_blade_array.py'...
[8.996s] Compiling '/home/hdm/ttttt/tracker_plus/install/buff_interfaces/local/lib/python3.10/dist-packages/buff_interfaces/msg/_rune.py'...
[8.997s] Compiling '/home/hdm/ttttt/tracker_plus/install/buff_interfaces/local/lib/python3.10/dist-packages/buff_interfaces/msg/_rune_info.py'...
[8.997s] Compiling '/home/hdm/ttttt/tracker_plus/install/buff_interfaces/local/lib/python3.10/dist-packages/buff_interfaces/msg/_time_info.py'...
[8.997s] Compiling '/home/hdm/ttttt/tracker_plus/install/buff_interfaces/local/lib/python3.10/dist-packages/buff_interfaces/msg/_velocity.py'...
[9.000s] -- Installing: /home/hdm/ttttt/tracker_plus/install/buff_interfaces/lib/libbuff_interfaces__rosidl_generator_py.so
[9.000s] -- Set runtime path of "/home/hdm/ttttt/tracker_plus/install/buff_interfaces/lib/libbuff_interfaces__rosidl_generator_py.so" to ""
[9.000s] -- Installing: /home/hdm/ttttt/tracker_plus/install/buff_interfaces/share/buff_interfaces/cmake/export_buff_interfaces__rosidl_generator_cExport.cmake
[9.000s] -- Installing: /home/hdm/ttttt/tracker_plus/install/buff_interfaces/share/buff_interfaces/cmake/export_buff_interfaces__rosidl_generator_cExport-noconfig.cmake
[9.000s] -- Installing: /home/hdm/ttttt/tracker_plus/install/buff_interfaces/share/buff_interfaces/cmake/export_buff_interfaces__rosidl_typesupport_fastrtps_cExport.cmake
[9.000s] -- Installing: /home/hdm/ttttt/tracker_plus/install/buff_interfaces/share/buff_interfaces/cmake/export_buff_interfaces__rosidl_typesupport_fastrtps_cExport-noconfig.cmake
[9.000s] -- Installing: /home/hdm/ttttt/tracker_plus/install/buff_interfaces/share/buff_interfaces/cmake/buff_interfaces__rosidl_typesupport_introspection_cExport.cmake
[9.000s] -- Installing: /home/hdm/ttttt/tracker_plus/install/buff_interfaces/share/buff_interfaces/cmake/buff_interfaces__rosidl_typesupport_introspection_cExport-noconfig.cmake
[9.000s] -- Installing: /home/hdm/ttttt/tracker_plus/install/buff_interfaces/share/buff_interfaces/cmake/buff_interfaces__rosidl_typesupport_cExport.cmake
[9.001s] -- Installing: /home/hdm/ttttt/tracker_plus/install/buff_interfaces/share/buff_interfaces/cmake/buff_interfaces__rosidl_typesupport_cExport-noconfig.cmake
[9.001s] -- Installing: /home/hdm/ttttt/tracker_plus/install/buff_interfaces/share/buff_interfaces/cmake/export_buff_interfaces__rosidl_generator_cppExport.cmake
[9.001s] -- Installing: /home/hdm/ttttt/tracker_plus/install/buff_interfaces/share/buff_interfaces/cmake/export_buff_interfaces__rosidl_typesupport_fastrtps_cppExport.cmake
[9.001s] -- Installing: /home/hdm/ttttt/tracker_plus/install/buff_interfaces/share/buff_interfaces/cmake/export_buff_interfaces__rosidl_typesupport_fastrtps_cppExport-noconfig.cmake
[9.001s] -- Installing: /home/hdm/ttttt/tracker_plus/install/buff_interfaces/share/buff_interfaces/cmake/buff_interfaces__rosidl_typesupport_introspection_cppExport.cmake
[9.001s] -- Installing: /home/hdm/ttttt/tracker_plus/install/buff_interfaces/share/buff_interfaces/cmake/buff_interfaces__rosidl_typesupport_introspection_cppExport-noconfig.cmake
[9.001s] -- Installing: /home/hdm/ttttt/tracker_plus/install/buff_interfaces/share/buff_interfaces/cmake/buff_interfaces__rosidl_typesupport_cppExport.cmake
[9.001s] -- Installing: /home/hdm/ttttt/tracker_plus/install/buff_interfaces/share/buff_interfaces/cmake/buff_interfaces__rosidl_typesupport_cppExport-noconfig.cmake
[9.001s] -- Installing: /home/hdm/ttttt/tracker_plus/install/buff_interfaces/share/buff_interfaces/cmake/export_buff_interfaces__rosidl_generator_pyExport.cmake
[9.001s] -- Installing: /home/hdm/ttttt/tracker_plus/install/buff_interfaces/share/buff_interfaces/cmake/export_buff_interfaces__rosidl_generator_pyExport-noconfig.cmake
[9.003s] Invoked command in '/home/hdm/ttttt/tracker_plus/build/buff_interfaces' returned '0': CMAKE_PREFIX_PATH=/opt/ros/humble /usr/bin/cmake --install /home/hdm/ttttt/tracker_plus/build/buff_interfaces
