[0.012s] Invoking command in '/home/hdm/ttttt/tracker_plus/build/rm_auto_aim': AMENT_PREFIX_PATH=/home/hdm/ttttt/tracker_plus/install/armor_tracker:/home/hdm/ttttt/tracker_plus/install/armor_detector:/home/hdm/ttttt/tracker_plus/install/auto_aim_interfaces:${AMENT_PREFIX_PATH} CMAKE_PREFIX_PATH=/home/hdm/ttttt/tracker_plus/install/armor_tracker:/home/hdm/ttttt/tracker_plus/install/armor_detector:/home/hdm/ttttt/tracker_plus/install/auto_aim_interfaces:/opt/ros/humble LD_LIBRARY_PATH=/home/hdm/ttttt/tracker_plus/install/armor_tracker/lib:/home/hdm/ttttt/tracker_plus/install/armor_detector/lib:/home/hdm/ttttt/tracker_plus/install/auto_aim_interfaces/lib:${LD_LIBRARY_PATH} PYTHONPATH=/home/hdm/ttttt/tracker_plus/install/auto_aim_interfaces/local/lib/python3.10/dist-packages:${PYTHONPATH} /usr/bin/cmake /home/hdm/ttttt/tracker_plus/src/rm_auto_aim/rm_auto_aim -DAMENT_CMAKE_SYMLINK_INSTALL=1 -DCMAKE_INSTALL_PREFIX=/home/hdm/ttttt/tracker_plus/install/rm_auto_aim
[0.055s] -- The C compiler identification is GNU 11.4.0
[0.099s] -- The CXX compiler identification is GNU 11.4.0
[0.104s] -- Detecting C compiler ABI info
[0.159s] -- Detecting C compiler ABI info - done
[0.165s] -- Check for working C compiler: /usr/bin/cc - skipped
[0.165s] -- Detecting C compile features
[0.165s] -- Detecting C compile features - done
[0.167s] -- Detecting CXX compiler ABI info
[0.228s] -- Detecting CXX compiler ABI info - done
[0.234s] -- Check for working CXX compiler: /usr/bin/c++ - skipped
[0.234s] -- Detecting CXX compile features
[0.235s] -- Detecting CXX compile features - done
[0.236s] -- Found ament_cmake_auto: 1.3.11 (/opt/ros/humble/share/ament_cmake_auto/cmake)
[0.357s] -- Found Python3: /usr/bin/python3 (found version "3.10.12") found components: Interpreter 
[0.401s] -- Override CMake install command with custom implementation using symlinks instead of copying resources
[0.421s] -- Found ament_lint_auto: 0.12.11 (/opt/ros/humble/share/ament_lint_auto/cmake)
[0.482s] -- Added test 'lint_cmake' to check CMake code style
[0.483s] -- Added test 'xmllint' to check XML markup files
[0.484s] -- Configuring done
[0.485s] -- Generating done
[0.486s] -- Build files have been written to: /home/hdm/ttttt/tracker_plus/build/rm_auto_aim
[0.490s] Invoked command in '/home/hdm/ttttt/tracker_plus/build/rm_auto_aim' returned '0': AMENT_PREFIX_PATH=/home/hdm/ttttt/tracker_plus/install/armor_tracker:/home/hdm/ttttt/tracker_plus/install/armor_detector:/home/hdm/ttttt/tracker_plus/install/auto_aim_interfaces:${AMENT_PREFIX_PATH} CMAKE_PREFIX_PATH=/home/hdm/ttttt/tracker_plus/install/armor_tracker:/home/hdm/ttttt/tracker_plus/install/armor_detector:/home/hdm/ttttt/tracker_plus/install/auto_aim_interfaces:/opt/ros/humble LD_LIBRARY_PATH=/home/hdm/ttttt/tracker_plus/install/armor_tracker/lib:/home/hdm/ttttt/tracker_plus/install/armor_detector/lib:/home/hdm/ttttt/tracker_plus/install/auto_aim_interfaces/lib:${LD_LIBRARY_PATH} PYTHONPATH=/home/hdm/ttttt/tracker_plus/install/auto_aim_interfaces/local/lib/python3.10/dist-packages:${PYTHONPATH} /usr/bin/cmake /home/hdm/ttttt/tracker_plus/src/rm_auto_aim/rm_auto_aim -DAMENT_CMAKE_SYMLINK_INSTALL=1 -DCMAKE_INSTALL_PREFIX=/home/hdm/ttttt/tracker_plus/install/rm_auto_aim
[0.492s] Invoking command in '/home/hdm/ttttt/tracker_plus/build/rm_auto_aim': AMENT_PREFIX_PATH=/home/hdm/ttttt/tracker_plus/install/armor_tracker:/home/hdm/ttttt/tracker_plus/install/armor_detector:/home/hdm/ttttt/tracker_plus/install/auto_aim_interfaces:${AMENT_PREFIX_PATH} CMAKE_PREFIX_PATH=/home/hdm/ttttt/tracker_plus/install/armor_tracker:/home/hdm/ttttt/tracker_plus/install/armor_detector:/home/hdm/ttttt/tracker_plus/install/auto_aim_interfaces:/opt/ros/humble LD_LIBRARY_PATH=/home/hdm/ttttt/tracker_plus/install/armor_tracker/lib:/home/hdm/ttttt/tracker_plus/install/armor_detector/lib:/home/hdm/ttttt/tracker_plus/install/auto_aim_interfaces/lib:${LD_LIBRARY_PATH} PYTHONPATH=/home/hdm/ttttt/tracker_plus/install/auto_aim_interfaces/local/lib/python3.10/dist-packages:${PYTHONPATH} /usr/bin/cmake --build /home/hdm/ttttt/tracker_plus/build/rm_auto_aim -- -j24 -l24
[0.526s] Invoked command in '/home/hdm/ttttt/tracker_plus/build/rm_auto_aim' returned '0': AMENT_PREFIX_PATH=/home/hdm/ttttt/tracker_plus/install/armor_tracker:/home/hdm/ttttt/tracker_plus/install/armor_detector:/home/hdm/ttttt/tracker_plus/install/auto_aim_interfaces:${AMENT_PREFIX_PATH} CMAKE_PREFIX_PATH=/home/hdm/ttttt/tracker_plus/install/armor_tracker:/home/hdm/ttttt/tracker_plus/install/armor_detector:/home/hdm/ttttt/tracker_plus/install/auto_aim_interfaces:/opt/ros/humble LD_LIBRARY_PATH=/home/hdm/ttttt/tracker_plus/install/armor_tracker/lib:/home/hdm/ttttt/tracker_plus/install/armor_detector/lib:/home/hdm/ttttt/tracker_plus/install/auto_aim_interfaces/lib:${LD_LIBRARY_PATH} PYTHONPATH=/home/hdm/ttttt/tracker_plus/install/auto_aim_interfaces/local/lib/python3.10/dist-packages:${PYTHONPATH} /usr/bin/cmake --build /home/hdm/ttttt/tracker_plus/build/rm_auto_aim -- -j24 -l24
[0.528s] Invoking command in '/home/hdm/ttttt/tracker_plus/build/rm_auto_aim': AMENT_PREFIX_PATH=/home/hdm/ttttt/tracker_plus/install/armor_tracker:/home/hdm/ttttt/tracker_plus/install/armor_detector:/home/hdm/ttttt/tracker_plus/install/auto_aim_interfaces:${AMENT_PREFIX_PATH} CMAKE_PREFIX_PATH=/home/hdm/ttttt/tracker_plus/install/armor_tracker:/home/hdm/ttttt/tracker_plus/install/armor_detector:/home/hdm/ttttt/tracker_plus/install/auto_aim_interfaces:/opt/ros/humble LD_LIBRARY_PATH=/home/hdm/ttttt/tracker_plus/install/armor_tracker/lib:/home/hdm/ttttt/tracker_plus/install/armor_detector/lib:/home/hdm/ttttt/tracker_plus/install/auto_aim_interfaces/lib:${LD_LIBRARY_PATH} PYTHONPATH=/home/hdm/ttttt/tracker_plus/install/auto_aim_interfaces/local/lib/python3.10/dist-packages:${PYTHONPATH} /usr/bin/cmake --install /home/hdm/ttttt/tracker_plus/build/rm_auto_aim
[0.534s] -- Install configuration: ""
[0.534s] -- Execute custom install script
[0.535s] -- Symlinking: /home/hdm/ttttt/tracker_plus/install/rm_auto_aim/share/ament_index/resource_index/package_run_dependencies/rm_auto_aim
[0.542s] -- Symlinking: /home/hdm/ttttt/tracker_plus/install/rm_auto_aim/share/ament_index/resource_index/parent_prefix_path/rm_auto_aim
[0.551s] -- Symlinking: /home/hdm/ttttt/tracker_plus/install/rm_auto_aim/share/rm_auto_aim/environment/ament_prefix_path.sh
[0.557s] -- Symlinking: /home/hdm/ttttt/tracker_plus/install/rm_auto_aim/share/rm_auto_aim/environment/ament_prefix_path.dsv
[0.563s] -- Symlinking: /home/hdm/ttttt/tracker_plus/install/rm_auto_aim/share/rm_auto_aim/environment/path.sh
[0.568s] -- Symlinking: /home/hdm/ttttt/tracker_plus/install/rm_auto_aim/share/rm_auto_aim/environment/path.dsv
[0.575s] -- Symlinking: /home/hdm/ttttt/tracker_plus/install/rm_auto_aim/share/rm_auto_aim/local_setup.bash
[0.580s] -- Symlinking: /home/hdm/ttttt/tracker_plus/install/rm_auto_aim/share/rm_auto_aim/local_setup.sh
[0.586s] -- Symlinking: /home/hdm/ttttt/tracker_plus/install/rm_auto_aim/share/rm_auto_aim/local_setup.zsh
[0.592s] -- Symlinking: /home/hdm/ttttt/tracker_plus/install/rm_auto_aim/share/rm_auto_aim/local_setup.dsv
[0.599s] -- Symlinking: /home/hdm/ttttt/tracker_plus/install/rm_auto_aim/share/rm_auto_aim/package.dsv
[0.606s] -- Symlinking: /home/hdm/ttttt/tracker_plus/install/rm_auto_aim/share/ament_index/resource_index/packages/rm_auto_aim
[0.612s] -- Symlinking: /home/hdm/ttttt/tracker_plus/install/rm_auto_aim/share/rm_auto_aim/cmake/rm_auto_aimConfig.cmake
[0.620s] -- Symlinking: /home/hdm/ttttt/tracker_plus/install/rm_auto_aim/share/rm_auto_aim/cmake/rm_auto_aimConfig-version.cmake
[0.627s] -- Symlinking: /home/hdm/ttttt/tracker_plus/install/rm_auto_aim/share/rm_auto_aim/package.xml
[0.635s] Invoked command in '/home/hdm/ttttt/tracker_plus/build/rm_auto_aim' returned '0': AMENT_PREFIX_PATH=/home/hdm/ttttt/tracker_plus/install/armor_tracker:/home/hdm/ttttt/tracker_plus/install/armor_detector:/home/hdm/ttttt/tracker_plus/install/auto_aim_interfaces:${AMENT_PREFIX_PATH} CMAKE_PREFIX_PATH=/home/hdm/ttttt/tracker_plus/install/armor_tracker:/home/hdm/ttttt/tracker_plus/install/armor_detector:/home/hdm/ttttt/tracker_plus/install/auto_aim_interfaces:/opt/ros/humble LD_LIBRARY_PATH=/home/hdm/ttttt/tracker_plus/install/armor_tracker/lib:/home/hdm/ttttt/tracker_plus/install/armor_detector/lib:/home/hdm/ttttt/tracker_plus/install/auto_aim_interfaces/lib:${LD_LIBRARY_PATH} PYTHONPATH=/home/hdm/ttttt/tracker_plus/install/auto_aim_interfaces/local/lib/python3.10/dist-packages:${PYTHONPATH} /usr/bin/cmake --install /home/hdm/ttttt/tracker_plus/build/rm_auto_aim
